{"/home/htchen/console-core-service-sherpa/app/router.js": {"path":"/home/htchen/console-core-service-sherpa/app/router.js","statementMap":{"0":{"start":{"line":6,"column":0},"end":{"line":67,"column":2}},"1":{"start":{"line":7,"column":33},"end":{"line":7,"column":36}},"2":{"start":{"line":8,"column":2},"end":{"line":8,"column":52}},"3":{"start":{"line":9,"column":2},"end":{"line":9,"column":30}},"4":{"start":{"line":10,"column":2},"end":{"line":10,"column":54}},"5":{"start":{"line":11,"column":2},"end":{"line":11,"column":71}},"6":{"start":{"line":13,"column":2},"end":{"line":13,"column":72}},"7":{"start":{"line":14,"column":2},"end":{"line":14,"column":53}},"8":{"start":{"line":15,"column":2},"end":{"line":15,"column":55}},"9":{"start":{"line":17,"column":2},"end":{"line":17,"column":62}},"10":{"start":{"line":18,"column":2},"end":{"line":18,"column":59}},"11":{"start":{"line":19,"column":2},"end":{"line":19,"column":70}},"12":{"start":{"line":20,"column":2},"end":{"line":24,"column":4}},"13":{"start":{"line":25,"column":2},"end":{"line":29,"column":4}},"14":{"start":{"line":30,"column":2},"end":{"line":34,"column":4}},"15":{"start":{"line":36,"column":2},"end":{"line":36,"column":51}},"16":{"start":{"line":37,"column":2},"end":{"line":37,"column":53}},"17":{"start":{"line":38,"column":2},"end":{"line":38,"column":64}},"18":{"start":{"line":40,"column":2},"end":{"line":40,"column":35}},"19":{"start":{"line":41,"column":2},"end":{"line":41,"column":31}},"20":{"start":{"line":42,"column":2},"end":{"line":42,"column":34}},"21":{"start":{"line":43,"column":2},"end":{"line":43,"column":31}},"22":{"start":{"line":44,"column":2},"end":{"line":44,"column":42}},"23":{"start":{"line":45,"column":2},"end":{"line":45,"column":31}},"24":{"start":{"line":47,"column":2},"end":{"line":47,"column":59}},"25":{"start":{"line":49,"column":2},"end":{"line":49,"column":67}},"26":{"start":{"line":51,"column":2},"end":{"line":55,"column":4}},"27":{"start":{"line":56,"column":2},"end":{"line":60,"column":4}},"28":{"start":{"line":62,"column":2},"end":{"line":66,"column":4}}},"fnMap":{"0":{"name":"(anonymous_0)","decl":{"start":{"line":6,"column":17},"end":{"line":6,"column":18}},"loc":{"start":{"line":6,"column":24},"end":{"line":67,"column":1}},"line":6}},"branchMap":{},"s":{"0":1,"1":1,"2":1,"3":1,"4":1,"5":1,"6":1,"7":1,"8":1,"9":1,"10":1,"11":1,"12":1,"13":1,"14":1,"15":1,"16":1,"17":1,"18":1,"19":1,"20":1,"21":1,"22":1,"23":1,"24":1,"25":1,"26":1,"27":1,"28":1},"f":{"0":1},"b":{},"_coverageSchema":"43e27e138ebf9cfc5966b082cf9a028302ed4184","hash":"7e66ab391d9303d44d0e272ed3ec66d5f6614233","contentHash":"705b381405e761d9d099b15b8a70ae7326ae99c995374ca56cd4a0627284f901"}
,"/home/htchen/console-core-service-sherpa/app/contract/contract.js": {"path":"/home/htchen/console-core-service-sherpa/app/contract/contract.js","statementMap":{"0":{"start":{"line":3,"column":0},"end":{"line":30,"column":2}}},"fnMap":{},"branchMap":{},"s":{"0":1},"f":{},"b":{},"_coverageSchema":"43e27e138ebf9cfc5966b082cf9a028302ed4184","hash":"38082934a93cff48e1b759bea11bdb9404eb171e","contentHash":"5e3ac1a34369b000163713d71341cc799677b26ba7a8a1e9cfe30bbe333f52b6"}
,"/home/htchen/console-core-service-sherpa/app/contract/gateway.js": {"path":"/home/htchen/console-core-service-sherpa/app/contract/gateway.js","statementMap":{"0":{"start":{"line":3,"column":0},"end":{"line":159,"column":2}}},"fnMap":{},"branchMap":{},"s":{"0":1},"f":{},"b":{},"_coverageSchema":"43e27e138ebf9cfc5966b082cf9a028302ed4184","hash":"f5785b39b06766a0e5bd4b17d5f6bfc2cf913ca2","contentHash":"fc0b74e9f53c6167305a11a2494d5494a181d95d6aa927e41f3e2b7831330b8e"}
,"/home/htchen/console-core-service-sherpa/app/contract/generic.js": {"path":"/home/htchen/console-core-service-sherpa/app/contract/generic.js","statementMap":{"0":{"start":{"line":3,"column":0},"end":{"line":17,"column":2}}},"fnMap":{},"branchMap":{},"s":{"0":1},"f":{},"b":{},"_coverageSchema":"43e27e138ebf9cfc5966b082cf9a028302ed4184","hash":"94a724f7fc69aa52739525822577c56f5281a05e","contentHash":"37f4f566985de74d50ec1a25abafa8786b47bf3c8980f6bb61e9f8e47cf85f9b"}
,"/home/htchen/console-core-service-sherpa/app/contract/qlc.js": {"path":"/home/htchen/console-core-service-sherpa/app/contract/qlc.js","statementMap":{"0":{"start":{"line":3,"column":0},"end":{"line":16,"column":2}}},"fnMap":{},"branchMap":{},"s":{"0":1},"f":{},"b":{},"_coverageSchema":"43e27e138ebf9cfc5966b082cf9a028302ed4184","hash":"edc6c549cb2822bd370d03d1839490154404f25f","contentHash":"7000d8507ae21e5689d86914b28c067f6ce946021e1560df80781a8a8176e3d3"}
,"/home/htchen/console-core-service-sherpa/app/contract/role.js": {"path":"/home/htchen/console-core-service-sherpa/app/contract/role.js","statementMap":{"0":{"start":{"line":3,"column":0},"end":{"line":30,"column":2}}},"fnMap":{},"branchMap":{},"s":{"0":1},"f":{},"b":{},"_coverageSchema":"43e27e138ebf9cfc5966b082cf9a028302ed4184","hash":"1b5bdaa07789c468d218b6d8e3a131d3565e35f9","contentHash":"a1bad83ed768154c055137abb4d2fdfb08818c14f03020d53e842f4aaa83fd8f"}
,"/home/htchen/console-core-service-sherpa/app/contract/rpc.js": {"path":"/home/htchen/console-core-service-sherpa/app/contract/rpc.js","statementMap":{"0":{"start":{"line":3,"column":0},"end":{"line":346,"column":2}}},"fnMap":{},"branchMap":{},"s":{"0":1},"f":{},"b":{},"_coverageSchema":"43e27e138ebf9cfc5966b082cf9a028302ed4184","hash":"80ff15f12365a9364669227b619d70daca1c9ea4","contentHash":"ea4aa273d59e6930f6a1f0657bd285a131f4e438a931b556bebd371f2d8fd4ae"}
,"/home/htchen/console-core-service-sherpa/app/contract/consoleconnect/connection.js": {"path":"/home/htchen/console-core-service-sherpa/app/contract/consoleconnect/connection.js","statementMap":{"0":{"start":{"line":3,"column":0},"end":{"line":76,"column":2}}},"fnMap":{},"branchMap":{},"s":{"0":1},"f":{},"b":{},"_coverageSchema":"43e27e138ebf9cfc5966b082cf9a028302ed4184","hash":"7fc8ed479a532a8d4f138980c53d48361b4e73bb","contentHash":"29e8cace3b7c30a5fb581e8c21586325993fc56d7899b20424ffda28d0d9ceae"}
,"/home/htchen/console-core-service-sherpa/app/contract/consoleconnect/port.js": {"path":"/home/htchen/console-core-service-sherpa/app/contract/consoleconnect/port.js","statementMap":{"0":{"start":{"line":3,"column":0},"end":{"line":80,"column":2}}},"fnMap":{},"branchMap":{},"s":{"0":1},"f":{},"b":{},"_coverageSchema":"43e27e138ebf9cfc5966b082cf9a028302ed4184","hash":"5a3fd53cde920b6508a0fd2bd7876f344a177da9","contentHash":"a78967769f41b4f9434edea4a723ddc12287e9ad49dfbd7256a5fa1ae916d59b"}
,"/home/htchen/console-core-service-sherpa/app/contract/consoleconnect/utilization.js": {"path":"/home/htchen/console-core-service-sherpa/app/contract/consoleconnect/utilization.js","statementMap":{"0":{"start":{"line":3,"column":0},"end":{"line":46,"column":2}}},"fnMap":{},"branchMap":{},"s":{"0":1},"f":{},"b":{},"_coverageSchema":"43e27e138ebf9cfc5966b082cf9a028302ed4184","hash":"ee5a8dec2bbfd33b3e6a5795a84a4ca854043e36","contentHash":"27620a4b0690f9d4d423a05e79e5651fc1817cacdd619a3ca3036a4724f826fb"}
,"/home/htchen/console-core-service-sherpa/app/contract/cpq/offering.js": {"path":"/home/htchen/console-core-service-sherpa/app/contract/cpq/offering.js","statementMap":{"0":{"start":{"line":3,"column":0},"end":{"line":31,"column":2}}},"fnMap":{},"branchMap":{},"s":{"0":1},"f":{},"b":{},"_coverageSchema":"43e27e138ebf9cfc5966b082cf9a028302ed4184","hash":"1082dffae6a6d3fb4e7b974991cb40aaa456e676","contentHash":"bd70aba5527b02ce252575ef608bf2bbdeba0cf1fd32501fe9ef42d00d5bd947"}
,"/home/htchen/console-core-service-sherpa/app/contract/cpq/product.js": {"path":"/home/htchen/console-core-service-sherpa/app/contract/cpq/product.js","statementMap":{"0":{"start":{"line":3,"column":0},"end":{"line":35,"column":2}}},"fnMap":{},"branchMap":{},"s":{"0":1},"f":{},"b":{},"_coverageSchema":"43e27e138ebf9cfc5966b082cf9a028302ed4184","hash":"4401d26edf4dfde823d256e8cc6d452a66b1ed50","contentHash":"ef9e56f07ce10d5b4a8fdac8433743c7036075f911711acd987627c73ba76b2a"}
,"/home/htchen/console-core-service-sherpa/app/contract/cpq/quote.js": {"path":"/home/htchen/console-core-service-sherpa/app/contract/cpq/quote.js","statementMap":{"0":{"start":{"line":3,"column":0},"end":{"line":94,"column":2}}},"fnMap":{},"branchMap":{},"s":{"0":1},"f":{},"b":{},"_coverageSchema":"43e27e138ebf9cfc5966b082cf9a028302ed4184","hash":"5ea1679140b61d033b9ba0ecee1be38f69554d86","contentHash":"bab05ab38755a7fac41cbfdc32596c19c4ddceff823c98d1064beb659b63a3d0"}
,"/home/htchen/console-core-service-sherpa/app/contract/oms/order.js": {"path":"/home/htchen/console-core-service-sherpa/app/contract/oms/order.js","statementMap":{"0":{"start":{"line":3,"column":0},"end":{"line":130,"column":2}}},"fnMap":{},"branchMap":{},"s":{"0":1},"f":{},"b":{},"_coverageSchema":"43e27e138ebf9cfc5966b082cf9a028302ed4184","hash":"597044c5892732f900f3a5701a09986d26d00aba","contentHash":"027abf1b0347db6f39f0f9533688f0a028304249332fd8c656160cbd20c0dc59"}
,"/home/htchen/console-core-service-sherpa/app/contract/oms/productinstance.js": {"path":"/home/htchen/console-core-service-sherpa/app/contract/oms/productinstance.js","statementMap":{"0":{"start":{"line":3,"column":0},"end":{"line":59,"column":2}}},"fnMap":{},"branchMap":{},"s":{"0":1},"f":{},"b":{},"_coverageSchema":"43e27e138ebf9cfc5966b082cf9a028302ed4184","hash":"af3fe829569486467cfa164eb8d713a0490f8743","contentHash":"09e276262508f8b7259e56466481a507b967f093e697a8ebb868a6ee165d5abe"}
,"/home/htchen/console-core-service-sherpa/app/contract/sonata/productInventory.js": {"path":"/home/htchen/console-core-service-sherpa/app/contract/sonata/productInventory.js","statementMap":{"0":{"start":{"line":3,"column":0},"end":{"line":146,"column":2}}},"fnMap":{},"branchMap":{},"s":{"0":1},"f":{},"b":{},"_coverageSchema":"43e27e138ebf9cfc5966b082cf9a028302ed4184","hash":"6c81646b88d2fb7b6a2f17a00c815b5231907c24","contentHash":"0928f718da568ff295939bc9fa9fc1e8f370d126ce23ac1383380f5e9748aa33"}
,"/home/htchen/console-core-service-sherpa/app/contract/sonata/productOrder.js": {"path":"/home/htchen/console-core-service-sherpa/app/contract/sonata/productOrder.js","statementMap":{"0":{"start":{"line":3,"column":0},"end":{"line":446,"column":2}}},"fnMap":{},"branchMap":{},"s":{"0":1},"f":{},"b":{},"_coverageSchema":"43e27e138ebf9cfc5966b082cf9a028302ed4184","hash":"2d24f143cb9295b1d3e403a6a6f30e5867129556","contentHash":"2fe1e50876438a0cddbeb17816ff9524270d8ed5e31e4f521f3e72c4d2324eb2"}
,"/home/htchen/console-core-service-sherpa/app/contract/sonata/quote.js": {"path":"/home/htchen/console-core-service-sherpa/app/contract/sonata/quote.js","statementMap":{"0":{"start":{"line":3,"column":0},"end":{"line":277,"column":2}}},"fnMap":{},"branchMap":{},"s":{"0":1},"f":{},"b":{},"_coverageSchema":"43e27e138ebf9cfc5966b082cf9a028302ed4184","hash":"e6ee9109b22093de370185cadfc3e9b619dc6182","contentHash":"252138f58a4959626e36327594974cebe1cedb86cc4200efd4ec674841f1b8f6"}
,"/home/htchen/console-core-service-sherpa/app/contract/user/agent.js": {"path":"/home/htchen/console-core-service-sherpa/app/contract/user/agent.js","statementMap":{"0":{"start":{"line":3,"column":0},"end":{"line":58,"column":2}}},"fnMap":{},"branchMap":{},"s":{"0":1},"f":{},"b":{},"_coverageSchema":"43e27e138ebf9cfc5966b082cf9a028302ed4184","hash":"145c8677f9f59bc1cb61d45c805bdb6fa902e58f","contentHash":"3cf3c5a9b742d8756d06b78d1b90be2d8447f250509c8ef1f890a02c1e5aced8"}
,"/home/htchen/console-core-service-sherpa/app/contract/user/company.js": {"path":"/home/htchen/console-core-service-sherpa/app/contract/user/company.js","statementMap":{"0":{"start":{"line":3,"column":0},"end":{"line":78,"column":2}}},"fnMap":{},"branchMap":{},"s":{"0":1},"f":{},"b":{},"_coverageSchema":"43e27e138ebf9cfc5966b082cf9a028302ed4184","hash":"b6c24d9e9ded7a74343aa74c77bb127774f2b390","contentHash":"7bfb9656665cbfb744a934a5a5976133df49e39f6903ceaace5256b647782e38"}
,"/home/htchen/console-core-service-sherpa/app/contract/user/external.js": {"path":"/home/htchen/console-core-service-sherpa/app/contract/user/external.js","statementMap":{"0":{"start":{"line":3,"column":0},"end":{"line":39,"column":2}}},"fnMap":{},"branchMap":{},"s":{"0":1},"f":{},"b":{},"_coverageSchema":"43e27e138ebf9cfc5966b082cf9a028302ed4184","hash":"4986078ea9c5a2d3c4cfd10736f9580781970bb6","contentHash":"524712d839aee37774678c3774a60338c41a8e091c8a26042025371dede805f9"}
,"/home/htchen/console-core-service-sherpa/app/contract/user/member.js": {"path":"/home/htchen/console-core-service-sherpa/app/contract/user/member.js","statementMap":{"0":{"start":{"line":3,"column":0},"end":{"line":42,"column":2}}},"fnMap":{},"branchMap":{},"s":{"0":1},"f":{},"b":{},"_coverageSchema":"43e27e138ebf9cfc5966b082cf9a028302ed4184","hash":"f71cf5358bfe1c205800ebb2da3f24e2591d367a","contentHash":"f5a8d61ca52a96f568f819ee060eff353e168fdf634284fa4d4c94f557c1906e"}
,"/home/htchen/console-core-service-sherpa/app/contract/user/wallet.js": {"path":"/home/htchen/console-core-service-sherpa/app/contract/user/wallet.js","statementMap":{"0":{"start":{"line":3,"column":0},"end":{"line":53,"column":2}}},"fnMap":{},"branchMap":{},"s":{"0":1},"f":{},"b":{},"_coverageSchema":"43e27e138ebf9cfc5966b082cf9a028302ed4184","hash":"6fdee1df4fff5fb317cbd564727f97ae46e51d80","contentHash":"bae11fa432dc8086953d4df8a527f59b0e3c5af354a309388fdc6a3fb0bf02f7"}
,"/home/htchen/console-core-service-sherpa/app/contract/workflow/worker.js": {"path":"/home/htchen/console-core-service-sherpa/app/contract/workflow/worker.js","statementMap":{"0":{"start":{"line":3,"column":0},"end":{"line":13,"column":2}}},"fnMap":{},"branchMap":{},"s":{"0":1},"f":{},"b":{},"_coverageSchema":"43e27e138ebf9cfc5966b082cf9a028302ed4184","hash":"07deed679b36254c5f1506fbb09e3120200451ef","contentHash":"db18214c0c7cf1bab0d5a6edd15f677dd6b32606f0a64bfb2be2549bfbf3e388"}
,"/home/htchen/console-core-service-sherpa/app/controller/apis.js": {"path":"/home/htchen/console-core-service-sherpa/app/controller/apis.js","statementMap":{"0":{"start":{"line":3,"column":23},"end":{"line":3,"column":40}},"1":{"start":{"line":7,"column":20},"end":{"line":7,"column":24}},"2":{"start":{"line":8,"column":4},"end":{"line":13,"column":5}},"3":{"start":{"line":9,"column":19},"end":{"line":9,"column":52}},"4":{"start":{"line":10,"column":6},"end":{"line":10,"column":22}},"5":{"start":{"line":12,"column":6},"end":{"line":12,"column":21}},"6":{"start":{"line":15,"column":4},"end":{"line":15,"column":21}},"7":{"start":{"line":19,"column":20},"end":{"line":19,"column":24}},"8":{"start":{"line":20,"column":17},"end":{"line":20,"column":49}},"9":{"start":{"line":21,"column":4},"end":{"line":23,"column":6}},"10":{"start":{"line":24,"column":4},"end":{"line":24,"column":21}},"11":{"start":{"line":28,"column":20},"end":{"line":28,"column":24}},"12":{"start":{"line":30,"column":4},"end":{"line":30,"column":35}},"13":{"start":{"line":31,"column":4},"end":{"line":31,"column":21}},"14":{"start":{"line":35,"column":20},"end":{"line":35,"column":24}},"15":{"start":{"line":37,"column":4},"end":{"line":37,"column":35}},"16":{"start":{"line":38,"column":4},"end":{"line":38,"column":21}},"17":{"start":{"line":42,"column":20},"end":{"line":42,"column":24}},"18":{"start":{"line":44,"column":4},"end":{"line":44,"column":35}},"19":{"start":{"line":45,"column":4},"end":{"line":45,"column":21}},"20":{"start":{"line":49,"column":20},"end":{"line":49,"column":24}},"21":{"start":{"line":51,"column":4},"end":{"line":51,"column":35}},"22":{"start":{"line":52,"column":4},"end":{"line":52,"column":21}},"23":{"start":{"line":56,"column":0},"end":{"line":56,"column":36}}},"fnMap":{"0":{"name":"(anonymous_0)","decl":{"start":{"line":6,"column":2},"end":{"line":6,"column":3}},"loc":{"start":{"line":6,"column":16},"end":{"line":16,"column":3}},"line":6},"1":{"name":"(anonymous_1)","decl":{"start":{"line":18,"column":2},"end":{"line":18,"column":3}},"loc":{"start":{"line":18,"column":15},"end":{"line":25,"column":3}},"line":18},"2":{"name":"(anonymous_2)","decl":{"start":{"line":27,"column":2},"end":{"line":27,"column":3}},"loc":{"start":{"line":27,"column":17},"end":{"line":32,"column":3}},"line":27},"3":{"name":"(anonymous_3)","decl":{"start":{"line":34,"column":2},"end":{"line":34,"column":3}},"loc":{"start":{"line":34,"column":15},"end":{"line":39,"column":3}},"line":34},"4":{"name":"(anonymous_4)","decl":{"start":{"line":41,"column":2},"end":{"line":41,"column":3}},"loc":{"start":{"line":41,"column":17},"end":{"line":46,"column":3}},"line":41},"5":{"name":"(anonymous_5)","decl":{"start":{"line":48,"column":2},"end":{"line":48,"column":3}},"loc":{"start":{"line":48,"column":18},"end":{"line":53,"column":3}},"line":48}},"branchMap":{},"s":{"0":1,"1":0,"2":0,"3":0,"4":0,"5":0,"6":0,"7":0,"8":0,"9":0,"10":0,"11":0,"12":0,"13":0,"14":0,"15":0,"16":0,"17":0,"18":0,"19":0,"20":0,"21":0,"22":0,"23":1},"f":{"0":0,"1":0,"2":0,"3":0,"4":0,"5":0},"b":{},"_coverageSchema":"43e27e138ebf9cfc5966b082cf9a028302ed4184","hash":"3cfb197048669a45c558584e2a26f7b7ea938358","contentHash":"51765c3cb71b6d1699371c70b54d3b9df77b8161d7483fc60a396f81eb018d5f"}
,"/home/htchen/console-core-service-sherpa/app/controller/base.js": {"path":"/home/htchen/console-core-service-sherpa/app/controller/base.js","statementMap":{"0":{"start":{"line":3,"column":23},"end":{"line":3,"column":37}},"1":{"start":{"line":7,"column":4},"end":{"line":7,"column":15}},"2":{"start":{"line":8,"column":4},"end":{"line":8,"column":31}},"3":{"start":{"line":12,"column":4},"end":{"line":16,"column":6}},"4":{"start":{"line":20,"column":0},"end":{"line":20,"column":32}}},"fnMap":{"0":{"name":"(anonymous_0)","decl":{"start":{"line":6,"column":2},"end":{"line":6,"column":3}},"loc":{"start":{"line":6,"column":19},"end":{"line":9,"column":3}},"line":6},"1":{"name":"(anonymous_1)","decl":{"start":{"line":11,"column":2},"end":{"line":11,"column":3}},"loc":{"start":{"line":11,"column":18},"end":{"line":17,"column":3}},"line":11}},"branchMap":{},"s":{"0":1,"1":1,"2":1,"3":0,"4":1},"f":{"0":1,"1":0},"b":{},"_coverageSchema":"43e27e138ebf9cfc5966b082cf9a028302ed4184","hash":"bcaafcd349f8a140326ce59871ae64b2937f0d61","contentHash":"ae7afe8c1c10cd7e5bad752d56b958fa978582f62844f3cf9ebf3fa0111ffc43"}
,"/home/htchen/console-core-service-sherpa/app/controller/contract.js": {"path":"/home/htchen/console-core-service-sherpa/app/controller/contract.js","statementMap":{"0":{"start":{"line":3,"column":19},"end":{"line":3,"column":44}},"1":{"start":{"line":17,"column":20},"end":{"line":17,"column":24}},"2":{"start":{"line":18,"column":21},"end":{"line":18,"column":32}},"3":{"start":{"line":19,"column":4},"end":{"line":19,"column":54}},"4":{"start":{"line":22,"column":4},"end":{"line":26,"column":6}},"5":{"start":{"line":27,"column":4},"end":{"line":27,"column":21}},"6":{"start":{"line":31,"column":0},"end":{"line":31,"column":36}}},"fnMap":{"0":{"name":"(anonymous_0)","decl":{"start":{"line":16,"column":2},"end":{"line":16,"column":3}},"loc":{"start":{"line":16,"column":17},"end":{"line":28,"column":3}},"line":16}},"branchMap":{},"s":{"0":1,"1":0,"2":0,"3":0,"4":0,"5":0,"6":1},"f":{"0":0},"b":{},"_coverageSchema":"43e27e138ebf9cfc5966b082cf9a028302ed4184","hash":"db393f1b2378507ebca5903f60a0b9ba96a3d330","contentHash":"c54e159a7b44eee656ab349ce77febdb83c88b162fd50cfcf84ec15461dd43de"}
,"/home/htchen/console-core-service-sherpa/app/controller/endpoint.js": {"path":"/home/htchen/console-core-service-sherpa/app/controller/endpoint.js","statementMap":{"0":{"start":{"line":3,"column":23},"end":{"line":3,"column":40}},"1":{"start":{"line":7,"column":20},"end":{"line":7,"column":24}},"2":{"start":{"line":8,"column":4},"end":{"line":207,"column":6}},"3":{"start":{"line":208,"column":4},"end":{"line":208,"column":21}},"4":{"start":{"line":212,"column":0},"end":{"line":212,"column":36}}},"fnMap":{"0":{"name":"(anonymous_0)","decl":{"start":{"line":6,"column":2},"end":{"line":6,"column":3}},"loc":{"start":{"line":6,"column":15},"end":{"line":209,"column":3}},"line":6}},"branchMap":{},"s":{"0":1,"1":0,"2":0,"3":0,"4":1},"f":{"0":0},"b":{},"_coverageSchema":"43e27e138ebf9cfc5966b082cf9a028302ed4184","hash":"00c02b1e465aa646f61eea8b03e70779c157acdc","contentHash":"e5689b8bb24c92dac7873e05bb4bcd88dd4eb747112595324db643b265570bac"}
,"/home/htchen/console-core-service-sherpa/app/controller/heartbeat.js": {"path":"/home/htchen/console-core-service-sherpa/app/controller/heartbeat.js","statementMap":{"0":{"start":{"line":3,"column":23},"end":{"line":3,"column":40}},"1":{"start":{"line":16,"column":20},"end":{"line":16,"column":24}},"2":{"start":{"line":18,"column":4},"end":{"line":18,"column":53}},"3":{"start":{"line":19,"column":4},"end":{"line":19,"column":21}},"4":{"start":{"line":30,"column":20},"end":{"line":30,"column":24}},"5":{"start":{"line":31,"column":24},"end":{"line":31,"column":34}},"6":{"start":{"line":33,"column":4},"end":{"line":33,"column":56}},"7":{"start":{"line":34,"column":4},"end":{"line":34,"column":21}},"8":{"start":{"line":38,"column":0},"end":{"line":38,"column":37}}},"fnMap":{"0":{"name":"(anonymous_0)","decl":{"start":{"line":15,"column":2},"end":{"line":15,"column":3}},"loc":{"start":{"line":15,"column":15},"end":{"line":20,"column":3}},"line":15},"1":{"name":"(anonymous_1)","decl":{"start":{"line":29,"column":2},"end":{"line":29,"column":3}},"loc":{"start":{"line":29,"column":23},"end":{"line":35,"column":3}},"line":29}},"branchMap":{},"s":{"0":1,"1":1,"2":1,"3":1,"4":0,"5":0,"6":0,"7":0,"8":1},"f":{"0":1,"1":0},"b":{},"_coverageSchema":"43e27e138ebf9cfc5966b082cf9a028302ed4184","hash":"0c95ee42e63b5b7db954392c215fbd7a6747e868","contentHash":"646495261a832388898853cf09083fe704feeaf1be0cd120dd6eb25521143d7b"}
,"/home/htchen/console-core-service-sherpa/app/controller/role.js": {"path":"/home/htchen/console-core-service-sherpa/app/controller/role.js","statementMap":{"0":{"start":{"line":3,"column":19},"end":{"line":3,"column":44}},"1":{"start":{"line":16,"column":20},"end":{"line":16,"column":24}},"2":{"start":{"line":18,"column":18},"end":{"line":21,"column":5}},"3":{"start":{"line":22,"column":17},"end":{"line":22,"column":51}},"4":{"start":{"line":23,"column":17},"end":{"line":27,"column":5}},"5":{"start":{"line":28,"column":4},"end":{"line":31,"column":6}},"6":{"start":{"line":43,"column":20},"end":{"line":43,"column":24}},"7":{"start":{"line":44,"column":19},"end":{"line":44,"column":29}},"8":{"start":{"line":46,"column":4},"end":{"line":48,"column":6}},"9":{"start":{"line":59,"column":20},"end":{"line":59,"column":24}},"10":{"start":{"line":61,"column":4},"end":{"line":61,"column":63}},"11":{"start":{"line":63,"column":4},"end":{"line":65,"column":6}},"12":{"start":{"line":78,"column":20},"end":{"line":78,"column":24}},"13":{"start":{"line":79,"column":19},"end":{"line":79,"column":29}},"14":{"start":{"line":80,"column":20},"end":{"line":80,"column":36}},"15":{"start":{"line":82,"column":4},"end":{"line":82,"column":54}},"16":{"start":{"line":84,"column":4},"end":{"line":86,"column":6}},"17":{"start":{"line":90,"column":0},"end":{"line":90,"column":32}}},"fnMap":{"0":{"name":"(anonymous_0)","decl":{"start":{"line":15,"column":2},"end":{"line":15,"column":3}},"loc":{"start":{"line":15,"column":16},"end":{"line":32,"column":3}},"line":15},"1":{"name":"(anonymous_1)","decl":{"start":{"line":42,"column":2},"end":{"line":42,"column":3}},"loc":{"start":{"line":42,"column":15},"end":{"line":49,"column":3}},"line":42},"2":{"name":"(anonymous_2)","decl":{"start":{"line":58,"column":2},"end":{"line":58,"column":3}},"loc":{"start":{"line":58,"column":17},"end":{"line":66,"column":3}},"line":58},"3":{"name":"(anonymous_3)","decl":{"start":{"line":77,"column":2},"end":{"line":77,"column":3}},"loc":{"start":{"line":77,"column":17},"end":{"line":87,"column":3}},"line":77}},"branchMap":{},"s":{"0":1,"1":0,"2":0,"3":0,"4":0,"5":0,"6":0,"7":0,"8":0,"9":0,"10":0,"11":0,"12":0,"13":0,"14":0,"15":0,"16":0,"17":1},"f":{"0":0,"1":0,"2":0,"3":0},"b":{},"_coverageSchema":"43e27e138ebf9cfc5966b082cf9a028302ed4184","hash":"4120f4a508a2bd7e15d5e036b5046c5dccd186d3","contentHash":"eb63628ea6f0af70fc6ebb1882b046cf64ce3efa87152862ccdcda211098c4bd"}
,"/home/htchen/console-core-service-sherpa/app/controller/consoleconnect/connection.js": {"path":"/home/htchen/console-core-service-sherpa/app/controller/consoleconnect/connection.js","statementMap":{"0":{"start":{"line":3,"column":19},"end":{"line":3,"column":44}},"1":{"start":{"line":4,"column":10},"end":{"line":4,"column":27}},"2":{"start":{"line":20,"column":20},"end":{"line":20,"column":24}},"3":{"start":{"line":21,"column":18},"end":{"line":24,"column":5}},"4":{"start":{"line":26,"column":26},"end":{"line":26,"column":36}},"5":{"start":{"line":27,"column":17},"end":{"line":30,"column":5}},"6":{"start":{"line":31,"column":17},"end":{"line":35,"column":5}},"7":{"start":{"line":36,"column":18},"end":{"line":36,"column":51}},"8":{"start":{"line":37,"column":16},"end":{"line":37,"column":38}},"9":{"start":{"line":38,"column":4},"end":{"line":41,"column":6}},"10":{"start":{"line":54,"column":20},"end":{"line":54,"column":24}},"11":{"start":{"line":55,"column":30},"end":{"line":55,"column":40}},"12":{"start":{"line":57,"column":4},"end":{"line":59,"column":6}},"13":{"start":{"line":75,"column":20},"end":{"line":75,"column":24}},"14":{"start":{"line":76,"column":30},"end":{"line":76,"column":40}},"15":{"start":{"line":77,"column":47},"end":{"line":77,"column":56}},"16":{"start":{"line":78,"column":4},"end":{"line":86,"column":6}},"17":{"start":{"line":90,"column":0},"end":{"line":90,"column":38}}},"fnMap":{"0":{"name":"(anonymous_0)","decl":{"start":{"line":19,"column":2},"end":{"line":19,"column":3}},"loc":{"start":{"line":19,"column":16},"end":{"line":42,"column":3}},"line":19},"1":{"name":"(anonymous_1)","decl":{"start":{"line":53,"column":2},"end":{"line":53,"column":3}},"loc":{"start":{"line":53,"column":15},"end":{"line":60,"column":3}},"line":53},"2":{"name":"(anonymous_2)","decl":{"start":{"line":74,"column":2},"end":{"line":74,"column":3}},"loc":{"start":{"line":74,"column":22},"end":{"line":87,"column":3}},"line":74}},"branchMap":{"0":{"loc":{"start":{"line":22,"column":33},"end":{"line":22,"column":77}},"type":"cond-expr","locations":[{"start":{"line":22,"column":54},"end":{"line":22,"column":72}},{"start":{"line":22,"column":75},"end":{"line":22,"column":77}}],"line":22},"1":{"loc":{"start":{"line":23,"column":29},"end":{"line":23,"column":64}},"type":"cond-expr","locations":[{"start":{"line":23,"column":46},"end":{"line":23,"column":60}},{"start":{"line":23,"column":63},"end":{"line":23,"column":64}}],"line":23}},"s":{"0":1,"1":1,"2":0,"3":0,"4":0,"5":0,"6":0,"7":0,"8":0,"9":0,"10":0,"11":0,"12":0,"13":0,"14":0,"15":0,"16":0,"17":1},"f":{"0":0,"1":0,"2":0},"b":{"0":[0,0],"1":[0,0]},"_coverageSchema":"43e27e138ebf9cfc5966b082cf9a028302ed4184","hash":"5efdc56769674d0af228ea2ec71dbcbc95eb612c","contentHash":"7896d27d2779e56cdee931ee32062d0f2d4bbdb19c681bb170dcdb3ef0297741"}
,"/home/htchen/console-core-service-sherpa/app/controller/consoleconnect/port.js": {"path":"/home/htchen/console-core-service-sherpa/app/controller/consoleconnect/port.js","statementMap":{"0":{"start":{"line":3,"column":19},"end":{"line":3,"column":44}},"1":{"start":{"line":4,"column":10},"end":{"line":4,"column":27}},"2":{"start":{"line":19,"column":20},"end":{"line":19,"column":24}},"3":{"start":{"line":20,"column":18},"end":{"line":23,"column":5}},"4":{"start":{"line":25,"column":26},"end":{"line":25,"column":36}},"5":{"start":{"line":26,"column":17},"end":{"line":29,"column":5}},"6":{"start":{"line":30,"column":17},"end":{"line":34,"column":5}},"7":{"start":{"line":35,"column":18},"end":{"line":35,"column":51}},"8":{"start":{"line":36,"column":16},"end":{"line":36,"column":38}},"9":{"start":{"line":37,"column":4},"end":{"line":40,"column":6}},"10":{"start":{"line":53,"column":20},"end":{"line":53,"column":24}},"11":{"start":{"line":54,"column":30},"end":{"line":54,"column":40}},"12":{"start":{"line":56,"column":4},"end":{"line":58,"column":6}},"13":{"start":{"line":74,"column":20},"end":{"line":74,"column":24}},"14":{"start":{"line":75,"column":30},"end":{"line":75,"column":40}},"15":{"start":{"line":76,"column":47},"end":{"line":76,"column":56}},"16":{"start":{"line":77,"column":4},"end":{"line":85,"column":6}},"17":{"start":{"line":89,"column":0},"end":{"line":89,"column":32}}},"fnMap":{"0":{"name":"(anonymous_0)","decl":{"start":{"line":18,"column":2},"end":{"line":18,"column":3}},"loc":{"start":{"line":18,"column":16},"end":{"line":41,"column":3}},"line":18},"1":{"name":"(anonymous_1)","decl":{"start":{"line":52,"column":2},"end":{"line":52,"column":3}},"loc":{"start":{"line":52,"column":15},"end":{"line":59,"column":3}},"line":52},"2":{"name":"(anonymous_2)","decl":{"start":{"line":73,"column":2},"end":{"line":73,"column":3}},"loc":{"start":{"line":73,"column":22},"end":{"line":86,"column":3}},"line":73}},"branchMap":{"0":{"loc":{"start":{"line":21,"column":33},"end":{"line":21,"column":77}},"type":"cond-expr","locations":[{"start":{"line":21,"column":54},"end":{"line":21,"column":72}},{"start":{"line":21,"column":75},"end":{"line":21,"column":77}}],"line":21},"1":{"loc":{"start":{"line":22,"column":29},"end":{"line":22,"column":64}},"type":"cond-expr","locations":[{"start":{"line":22,"column":46},"end":{"line":22,"column":60}},{"start":{"line":22,"column":63},"end":{"line":22,"column":64}}],"line":22}},"s":{"0":1,"1":1,"2":0,"3":0,"4":0,"5":0,"6":0,"7":0,"8":0,"9":0,"10":0,"11":0,"12":0,"13":0,"14":0,"15":0,"16":0,"17":1},"f":{"0":0,"1":0,"2":0},"b":{"0":[0,0],"1":[0,0]},"_coverageSchema":"43e27e138ebf9cfc5966b082cf9a028302ed4184","hash":"7ead52ac68cba89170965181d5bf1d057583cca2","contentHash":"c3b9089eb62fcc3c502fa819959e7e632c787222b980562ecd14ccd895e82880"}
,"/home/htchen/console-core-service-sherpa/app/controller/cpq/offering.js": {"path":"/home/htchen/console-core-service-sherpa/app/controller/cpq/offering.js","statementMap":{"0":{"start":{"line":3,"column":19},"end":{"line":3,"column":44}},"1":{"start":{"line":4,"column":10},"end":{"line":4,"column":27}},"2":{"start":{"line":21,"column":20},"end":{"line":21,"column":24}},"3":{"start":{"line":22,"column":18},"end":{"line":25,"column":5}},"4":{"start":{"line":26,"column":17},"end":{"line":26,"column":65}},"5":{"start":{"line":27,"column":17},"end":{"line":31,"column":5}},"6":{"start":{"line":32,"column":18},"end":{"line":32,"column":51}},"7":{"start":{"line":33,"column":16},"end":{"line":33,"column":38}},"8":{"start":{"line":34,"column":4},"end":{"line":37,"column":6}},"9":{"start":{"line":49,"column":20},"end":{"line":49,"column":24}},"10":{"start":{"line":50,"column":19},"end":{"line":50,"column":29}},"11":{"start":{"line":52,"column":4},"end":{"line":54,"column":6}},"12":{"start":{"line":58,"column":0},"end":{"line":58,"column":35}}},"fnMap":{"0":{"name":"(anonymous_0)","decl":{"start":{"line":20,"column":2},"end":{"line":20,"column":3}},"loc":{"start":{"line":20,"column":16},"end":{"line":38,"column":3}},"line":20},"1":{"name":"(anonymous_1)","decl":{"start":{"line":48,"column":2},"end":{"line":48,"column":3}},"loc":{"start":{"line":48,"column":15},"end":{"line":55,"column":3}},"line":48}},"branchMap":{"0":{"loc":{"start":{"line":23,"column":33},"end":{"line":23,"column":77}},"type":"cond-expr","locations":[{"start":{"line":23,"column":54},"end":{"line":23,"column":72}},{"start":{"line":23,"column":75},"end":{"line":23,"column":77}}],"line":23},"1":{"loc":{"start":{"line":24,"column":29},"end":{"line":24,"column":64}},"type":"cond-expr","locations":[{"start":{"line":24,"column":46},"end":{"line":24,"column":60}},{"start":{"line":24,"column":63},"end":{"line":24,"column":64}}],"line":24}},"s":{"0":1,"1":1,"2":0,"3":0,"4":0,"5":0,"6":0,"7":0,"8":0,"9":0,"10":0,"11":0,"12":1},"f":{"0":0,"1":0},"b":{"0":[0,0],"1":[0,0]},"_coverageSchema":"43e27e138ebf9cfc5966b082cf9a028302ed4184","hash":"282ae426fd39f10a69296597c43b255e18dde973","contentHash":"e3888bad32e1b9c675ab9c239daa6ca2fa4264aec79d6fefe6baf8fc6828cce5"}
,"/home/htchen/console-core-service-sherpa/app/controller/cpq/product.js": {"path":"/home/htchen/console-core-service-sherpa/app/controller/cpq/product.js","statementMap":{"0":{"start":{"line":3,"column":19},"end":{"line":3,"column":44}},"1":{"start":{"line":4,"column":10},"end":{"line":4,"column":27}},"2":{"start":{"line":22,"column":20},"end":{"line":22,"column":24}},"3":{"start":{"line":23,"column":18},"end":{"line":26,"column":5}},"4":{"start":{"line":27,"column":17},"end":{"line":27,"column":64}},"5":{"start":{"line":28,"column":17},"end":{"line":32,"column":5}},"6":{"start":{"line":33,"column":18},"end":{"line":33,"column":51}},"7":{"start":{"line":34,"column":16},"end":{"line":34,"column":38}},"8":{"start":{"line":35,"column":4},"end":{"line":38,"column":6}},"9":{"start":{"line":50,"column":20},"end":{"line":50,"column":24}},"10":{"start":{"line":51,"column":19},"end":{"line":51,"column":29}},"11":{"start":{"line":53,"column":4},"end":{"line":55,"column":6}},"12":{"start":{"line":59,"column":0},"end":{"line":59,"column":35}}},"fnMap":{"0":{"name":"(anonymous_0)","decl":{"start":{"line":21,"column":2},"end":{"line":21,"column":3}},"loc":{"start":{"line":21,"column":16},"end":{"line":39,"column":3}},"line":21},"1":{"name":"(anonymous_1)","decl":{"start":{"line":49,"column":2},"end":{"line":49,"column":3}},"loc":{"start":{"line":49,"column":15},"end":{"line":56,"column":3}},"line":49}},"branchMap":{"0":{"loc":{"start":{"line":24,"column":33},"end":{"line":24,"column":77}},"type":"cond-expr","locations":[{"start":{"line":24,"column":54},"end":{"line":24,"column":72}},{"start":{"line":24,"column":75},"end":{"line":24,"column":77}}],"line":24},"1":{"loc":{"start":{"line":25,"column":29},"end":{"line":25,"column":64}},"type":"cond-expr","locations":[{"start":{"line":25,"column":46},"end":{"line":25,"column":60}},{"start":{"line":25,"column":63},"end":{"line":25,"column":64}}],"line":25}},"s":{"0":1,"1":1,"2":0,"3":0,"4":0,"5":0,"6":0,"7":0,"8":0,"9":0,"10":0,"11":0,"12":1},"f":{"0":0,"1":0},"b":{"0":[0,0],"1":[0,0]},"_coverageSchema":"43e27e138ebf9cfc5966b082cf9a028302ed4184","hash":"b8222ed00a59a5f1fabc89f7069d7fae077cefc0","contentHash":"cb4e1d4b634ca8037ba958f92b59177af9736e29a72c8c2dc0319b9c39148f89"}
,"/home/htchen/console-core-service-sherpa/app/controller/cpq/quote.js": {"path":"/home/htchen/console-core-service-sherpa/app/controller/cpq/quote.js","statementMap":{"0":{"start":{"line":3,"column":19},"end":{"line":3,"column":44}},"1":{"start":{"line":4,"column":10},"end":{"line":4,"column":27}},"2":{"start":{"line":19,"column":20},"end":{"line":19,"column":24}},"3":{"start":{"line":20,"column":4},"end":{"line":20,"column":64}},"4":{"start":{"line":22,"column":4},"end":{"line":24,"column":6}},"5":{"start":{"line":39,"column":20},"end":{"line":39,"column":24}},"6":{"start":{"line":40,"column":18},"end":{"line":43,"column":5}},"7":{"start":{"line":44,"column":17},"end":{"line":44,"column":62}},"8":{"start":{"line":45,"column":17},"end":{"line":49,"column":5}},"9":{"start":{"line":50,"column":18},"end":{"line":50,"column":51}},"10":{"start":{"line":51,"column":16},"end":{"line":51,"column":38}},"11":{"start":{"line":52,"column":4},"end":{"line":55,"column":6}},"12":{"start":{"line":67,"column":20},"end":{"line":67,"column":24}},"13":{"start":{"line":68,"column":19},"end":{"line":68,"column":29}},"14":{"start":{"line":70,"column":4},"end":{"line":72,"column":6}},"15":{"start":{"line":76,"column":0},"end":{"line":76,"column":33}}},"fnMap":{"0":{"name":"(anonymous_0)","decl":{"start":{"line":18,"column":2},"end":{"line":18,"column":3}},"loc":{"start":{"line":18,"column":17},"end":{"line":25,"column":3}},"line":18},"1":{"name":"(anonymous_1)","decl":{"start":{"line":38,"column":2},"end":{"line":38,"column":3}},"loc":{"start":{"line":38,"column":16},"end":{"line":56,"column":3}},"line":38},"2":{"name":"(anonymous_2)","decl":{"start":{"line":66,"column":2},"end":{"line":66,"column":3}},"loc":{"start":{"line":66,"column":15},"end":{"line":73,"column":3}},"line":66}},"branchMap":{"0":{"loc":{"start":{"line":41,"column":33},"end":{"line":41,"column":77}},"type":"cond-expr","locations":[{"start":{"line":41,"column":54},"end":{"line":41,"column":72}},{"start":{"line":41,"column":75},"end":{"line":41,"column":77}}],"line":41},"1":{"loc":{"start":{"line":42,"column":29},"end":{"line":42,"column":64}},"type":"cond-expr","locations":[{"start":{"line":42,"column":46},"end":{"line":42,"column":60}},{"start":{"line":42,"column":63},"end":{"line":42,"column":64}}],"line":42}},"s":{"0":1,"1":1,"2":0,"3":0,"4":0,"5":0,"6":0,"7":0,"8":0,"9":0,"10":0,"11":0,"12":0,"13":0,"14":0,"15":1},"f":{"0":0,"1":0,"2":0},"b":{"0":[0,0],"1":[0,0]},"_coverageSchema":"43e27e138ebf9cfc5966b082cf9a028302ed4184","hash":"cf45bc2a8a8bc8b70847dbe19a045fd8091191ba","contentHash":"c5c830a106aa3dff36e1858b0f3c92f061e7283ac63b53a9077c0cf1a62925d2"}
,"/home/htchen/console-core-service-sherpa/app/controller/gateway/application.js": {"path":"/home/htchen/console-core-service-sherpa/app/controller/gateway/application.js","statementMap":{"0":{"start":{"line":3,"column":19},"end":{"line":3,"column":44}},"1":{"start":{"line":4,"column":10},"end":{"line":4,"column":27}},"2":{"start":{"line":21,"column":20},"end":{"line":21,"column":24}},"3":{"start":{"line":23,"column":18},"end":{"line":28,"column":5}},"4":{"start":{"line":30,"column":17},"end":{"line":30,"column":66}},"5":{"start":{"line":32,"column":17},"end":{"line":36,"column":5}},"6":{"start":{"line":37,"column":18},"end":{"line":37,"column":51}},"7":{"start":{"line":38,"column":16},"end":{"line":38,"column":38}},"8":{"start":{"line":39,"column":4},"end":{"line":42,"column":6}},"9":{"start":{"line":53,"column":20},"end":{"line":53,"column":24}},"10":{"start":{"line":54,"column":19},"end":{"line":54,"column":29}},"11":{"start":{"line":56,"column":24},"end":{"line":56,"column":74}},"12":{"start":{"line":57,"column":4},"end":{"line":59,"column":6}},"13":{"start":{"line":70,"column":20},"end":{"line":70,"column":24}},"14":{"start":{"line":72,"column":4},"end":{"line":72,"column":70}},"15":{"start":{"line":74,"column":19},"end":{"line":76,"column":5}},"16":{"start":{"line":77,"column":4},"end":{"line":79,"column":6}},"17":{"start":{"line":91,"column":20},"end":{"line":91,"column":24}},"18":{"start":{"line":92,"column":19},"end":{"line":92,"column":29}},"19":{"start":{"line":93,"column":22},"end":{"line":93,"column":38}},"20":{"start":{"line":95,"column":4},"end":{"line":95,"column":63}},"21":{"start":{"line":97,"column":23},"end":{"line":100,"column":5}},"22":{"start":{"line":101,"column":4},"end":{"line":103,"column":6}},"23":{"start":{"line":114,"column":20},"end":{"line":114,"column":24}},"24":{"start":{"line":115,"column":19},"end":{"line":115,"column":29}},"25":{"start":{"line":117,"column":23},"end":{"line":117,"column":72}},"26":{"start":{"line":118,"column":4},"end":{"line":120,"column":6}},"27":{"start":{"line":124,"column":0},"end":{"line":124,"column":39}}},"fnMap":{"0":{"name":"(anonymous_0)","decl":{"start":{"line":20,"column":2},"end":{"line":20,"column":3}},"loc":{"start":{"line":20,"column":16},"end":{"line":43,"column":3}},"line":20},"1":{"name":"(anonymous_1)","decl":{"start":{"line":52,"column":2},"end":{"line":52,"column":3}},"loc":{"start":{"line":52,"column":15},"end":{"line":60,"column":3}},"line":52},"2":{"name":"(anonymous_2)","decl":{"start":{"line":69,"column":2},"end":{"line":69,"column":3}},"loc":{"start":{"line":69,"column":17},"end":{"line":80,"column":3}},"line":69},"3":{"name":"(anonymous_3)","decl":{"start":{"line":90,"column":2},"end":{"line":90,"column":3}},"loc":{"start":{"line":90,"column":17},"end":{"line":104,"column":3}},"line":90},"4":{"name":"(anonymous_4)","decl":{"start":{"line":113,"column":2},"end":{"line":113,"column":3}},"loc":{"start":{"line":113,"column":18},"end":{"line":121,"column":3}},"line":113}},"branchMap":{"0":{"loc":{"start":{"line":26,"column":33},"end":{"line":26,"column":77}},"type":"cond-expr","locations":[{"start":{"line":26,"column":54},"end":{"line":26,"column":72}},{"start":{"line":26,"column":75},"end":{"line":26,"column":77}}],"line":26},"1":{"loc":{"start":{"line":27,"column":29},"end":{"line":27,"column":64}},"type":"cond-expr","locations":[{"start":{"line":27,"column":46},"end":{"line":27,"column":60}},{"start":{"line":27,"column":63},"end":{"line":27,"column":64}}],"line":27}},"s":{"0":1,"1":1,"2":4,"3":4,"4":4,"5":4,"6":4,"7":4,"8":4,"9":2,"10":2,"11":2,"12":2,"13":3,"14":3,"15":3,"16":3,"17":1,"18":1,"19":1,"20":1,"21":1,"22":1,"23":1,"24":1,"25":1,"26":1,"27":1},"f":{"0":4,"1":2,"2":3,"3":1,"4":1},"b":{"0":[3,1],"1":[3,1]},"_coverageSchema":"43e27e138ebf9cfc5966b082cf9a028302ed4184","hash":"a200571f9e33a04850a735c99380de8dfb8cff4c","contentHash":"29ab2e37909f88e2227abad7e02ffc2fb08ef8131942440ef4e337948866be17"}
,"/home/htchen/console-core-service-sherpa/app/controller/gateway/key.js": {"path":"/home/htchen/console-core-service-sherpa/app/controller/gateway/key.js","statementMap":{"0":{"start":{"line":3,"column":19},"end":{"line":3,"column":44}},"1":{"start":{"line":4,"column":10},"end":{"line":4,"column":27}},"2":{"start":{"line":20,"column":20},"end":{"line":20,"column":24}},"3":{"start":{"line":22,"column":18},"end":{"line":26,"column":5}},"4":{"start":{"line":28,"column":17},"end":{"line":28,"column":58}},"5":{"start":{"line":29,"column":17},"end":{"line":33,"column":5}},"6":{"start":{"line":34,"column":18},"end":{"line":34,"column":51}},"7":{"start":{"line":35,"column":16},"end":{"line":35,"column":38}},"8":{"start":{"line":36,"column":4},"end":{"line":39,"column":6}},"9":{"start":{"line":50,"column":20},"end":{"line":50,"column":24}},"10":{"start":{"line":51,"column":19},"end":{"line":51,"column":29}},"11":{"start":{"line":53,"column":16},"end":{"line":53,"column":58}},"12":{"start":{"line":54,"column":4},"end":{"line":56,"column":6}},"13":{"start":{"line":67,"column":20},"end":{"line":67,"column":24}},"14":{"start":{"line":69,"column":4},"end":{"line":69,"column":65}},"15":{"start":{"line":71,"column":19},"end":{"line":71,"column":73}},"16":{"start":{"line":72,"column":4},"end":{"line":74,"column":6}},"17":{"start":{"line":86,"column":20},"end":{"line":86,"column":24}},"18":{"start":{"line":87,"column":19},"end":{"line":87,"column":29}},"19":{"start":{"line":88,"column":22},"end":{"line":88,"column":38}},"20":{"start":{"line":90,"column":4},"end":{"line":90,"column":58}},"21":{"start":{"line":92,"column":23},"end":{"line":92,"column":74}},"22":{"start":{"line":93,"column":4},"end":{"line":95,"column":6}},"23":{"start":{"line":106,"column":20},"end":{"line":106,"column":24}},"24":{"start":{"line":107,"column":19},"end":{"line":107,"column":29}},"25":{"start":{"line":109,"column":23},"end":{"line":109,"column":64}},"26":{"start":{"line":110,"column":4},"end":{"line":112,"column":6}},"27":{"start":{"line":116,"column":0},"end":{"line":116,"column":31}}},"fnMap":{"0":{"name":"(anonymous_0)","decl":{"start":{"line":19,"column":2},"end":{"line":19,"column":3}},"loc":{"start":{"line":19,"column":16},"end":{"line":40,"column":3}},"line":19},"1":{"name":"(anonymous_1)","decl":{"start":{"line":49,"column":2},"end":{"line":49,"column":3}},"loc":{"start":{"line":49,"column":15},"end":{"line":57,"column":3}},"line":49},"2":{"name":"(anonymous_2)","decl":{"start":{"line":66,"column":2},"end":{"line":66,"column":3}},"loc":{"start":{"line":66,"column":17},"end":{"line":75,"column":3}},"line":66},"3":{"name":"(anonymous_3)","decl":{"start":{"line":85,"column":2},"end":{"line":85,"column":3}},"loc":{"start":{"line":85,"column":17},"end":{"line":96,"column":3}},"line":85},"4":{"name":"(anonymous_4)","decl":{"start":{"line":105,"column":2},"end":{"line":105,"column":3}},"loc":{"start":{"line":105,"column":18},"end":{"line":113,"column":3}},"line":105}},"branchMap":{"0":{"loc":{"start":{"line":24,"column":33},"end":{"line":24,"column":77}},"type":"cond-expr","locations":[{"start":{"line":24,"column":54},"end":{"line":24,"column":72}},{"start":{"line":24,"column":75},"end":{"line":24,"column":77}}],"line":24},"1":{"loc":{"start":{"line":25,"column":29},"end":{"line":25,"column":64}},"type":"cond-expr","locations":[{"start":{"line":25,"column":46},"end":{"line":25,"column":60}},{"start":{"line":25,"column":63},"end":{"line":25,"column":64}}],"line":25}},"s":{"0":1,"1":1,"2":0,"3":0,"4":0,"5":0,"6":0,"7":0,"8":0,"9":0,"10":0,"11":0,"12":0,"13":0,"14":0,"15":0,"16":0,"17":0,"18":0,"19":0,"20":0,"21":0,"22":0,"23":0,"24":0,"25":0,"26":0,"27":1},"f":{"0":0,"1":0,"2":0,"3":0,"4":0},"b":{"0":[0,0],"1":[0,0]},"_coverageSchema":"43e27e138ebf9cfc5966b082cf9a028302ed4184","hash":"af94c4c4d82a366cf5e4291644b18a4200cda6dc","contentHash":"0a3e785704a71da1bcd85639495ad9470e334a6ad7442cb44778a5f0a13edc4c"}
,"/home/htchen/console-core-service-sherpa/app/controller/gateway/policy.js": {"path":"/home/htchen/console-core-service-sherpa/app/controller/gateway/policy.js","statementMap":{"0":{"start":{"line":3,"column":19},"end":{"line":3,"column":44}},"1":{"start":{"line":4,"column":10},"end":{"line":4,"column":27}},"2":{"start":{"line":21,"column":20},"end":{"line":21,"column":24}},"3":{"start":{"line":23,"column":18},"end":{"line":28,"column":5}},"4":{"start":{"line":30,"column":17},"end":{"line":30,"column":61}},"5":{"start":{"line":31,"column":17},"end":{"line":35,"column":5}},"6":{"start":{"line":36,"column":18},"end":{"line":36,"column":51}},"7":{"start":{"line":37,"column":16},"end":{"line":37,"column":38}},"8":{"start":{"line":38,"column":4},"end":{"line":41,"column":6}},"9":{"start":{"line":52,"column":20},"end":{"line":52,"column":24}},"10":{"start":{"line":53,"column":19},"end":{"line":53,"column":29}},"11":{"start":{"line":55,"column":19},"end":{"line":55,"column":64}},"12":{"start":{"line":56,"column":4},"end":{"line":58,"column":6}},"13":{"start":{"line":69,"column":20},"end":{"line":69,"column":24}},"14":{"start":{"line":71,"column":4},"end":{"line":71,"column":65}},"15":{"start":{"line":73,"column":19},"end":{"line":73,"column":76}},"16":{"start":{"line":74,"column":4},"end":{"line":76,"column":6}},"17":{"start":{"line":88,"column":20},"end":{"line":88,"column":24}},"18":{"start":{"line":89,"column":19},"end":{"line":89,"column":29}},"19":{"start":{"line":90,"column":22},"end":{"line":90,"column":38}},"20":{"start":{"line":92,"column":4},"end":{"line":92,"column":58}},"21":{"start":{"line":94,"column":26},"end":{"line":97,"column":5}},"22":{"start":{"line":98,"column":4},"end":{"line":100,"column":6}},"23":{"start":{"line":111,"column":20},"end":{"line":111,"column":24}},"24":{"start":{"line":112,"column":19},"end":{"line":112,"column":29}},"25":{"start":{"line":114,"column":26},"end":{"line":114,"column":70}},"26":{"start":{"line":115,"column":4},"end":{"line":117,"column":6}},"27":{"start":{"line":121,"column":0},"end":{"line":121,"column":34}}},"fnMap":{"0":{"name":"(anonymous_0)","decl":{"start":{"line":20,"column":2},"end":{"line":20,"column":3}},"loc":{"start":{"line":20,"column":16},"end":{"line":42,"column":3}},"line":20},"1":{"name":"(anonymous_1)","decl":{"start":{"line":51,"column":2},"end":{"line":51,"column":3}},"loc":{"start":{"line":51,"column":15},"end":{"line":59,"column":3}},"line":51},"2":{"name":"(anonymous_2)","decl":{"start":{"line":68,"column":2},"end":{"line":68,"column":3}},"loc":{"start":{"line":68,"column":17},"end":{"line":77,"column":3}},"line":68},"3":{"name":"(anonymous_3)","decl":{"start":{"line":87,"column":2},"end":{"line":87,"column":3}},"loc":{"start":{"line":87,"column":17},"end":{"line":101,"column":3}},"line":87},"4":{"name":"(anonymous_4)","decl":{"start":{"line":110,"column":2},"end":{"line":110,"column":3}},"loc":{"start":{"line":110,"column":18},"end":{"line":118,"column":3}},"line":110}},"branchMap":{"0":{"loc":{"start":{"line":26,"column":33},"end":{"line":26,"column":77}},"type":"cond-expr","locations":[{"start":{"line":26,"column":54},"end":{"line":26,"column":72}},{"start":{"line":26,"column":75},"end":{"line":26,"column":77}}],"line":26},"1":{"loc":{"start":{"line":27,"column":29},"end":{"line":27,"column":64}},"type":"cond-expr","locations":[{"start":{"line":27,"column":46},"end":{"line":27,"column":60}},{"start":{"line":27,"column":63},"end":{"line":27,"column":64}}],"line":27}},"s":{"0":1,"1":1,"2":0,"3":0,"4":0,"5":0,"6":0,"7":0,"8":0,"9":0,"10":0,"11":0,"12":0,"13":0,"14":0,"15":0,"16":0,"17":0,"18":0,"19":0,"20":0,"21":0,"22":0,"23":0,"24":0,"25":0,"26":0,"27":1},"f":{"0":0,"1":0,"2":0,"3":0,"4":0},"b":{"0":[0,0],"1":[0,0]},"_coverageSchema":"43e27e138ebf9cfc5966b082cf9a028302ed4184","hash":"21430567aa0596f156edbed5b028360d8f926635","contentHash":"4a6930a0a8044eadc3e01d57295d95076250b56fd39239cc0f6303ef66d92a97"}
,"/home/htchen/console-core-service-sherpa/app/controller/gateway/service.js": {"path":"/home/htchen/console-core-service-sherpa/app/controller/gateway/service.js","statementMap":{"0":{"start":{"line":3,"column":19},"end":{"line":3,"column":44}},"1":{"start":{"line":4,"column":10},"end":{"line":4,"column":27}},"2":{"start":{"line":22,"column":20},"end":{"line":22,"column":24}},"3":{"start":{"line":24,"column":18},"end":{"line":30,"column":5}},"4":{"start":{"line":32,"column":17},"end":{"line":32,"column":62}},"5":{"start":{"line":33,"column":17},"end":{"line":37,"column":5}},"6":{"start":{"line":38,"column":18},"end":{"line":38,"column":51}},"7":{"start":{"line":39,"column":16},"end":{"line":39,"column":38}},"8":{"start":{"line":40,"column":4},"end":{"line":43,"column":6}},"9":{"start":{"line":54,"column":20},"end":{"line":54,"column":24}},"10":{"start":{"line":55,"column":19},"end":{"line":55,"column":29}},"11":{"start":{"line":57,"column":20},"end":{"line":57,"column":66}},"12":{"start":{"line":58,"column":4},"end":{"line":60,"column":6}},"13":{"start":{"line":71,"column":20},"end":{"line":71,"column":24}},"14":{"start":{"line":73,"column":4},"end":{"line":73,"column":66}},"15":{"start":{"line":75,"column":19},"end":{"line":75,"column":77}},"16":{"start":{"line":76,"column":4},"end":{"line":78,"column":6}},"17":{"start":{"line":90,"column":20},"end":{"line":90,"column":24}},"18":{"start":{"line":91,"column":19},"end":{"line":91,"column":29}},"19":{"start":{"line":92,"column":22},"end":{"line":92,"column":38}},"20":{"start":{"line":94,"column":4},"end":{"line":94,"column":59}},"21":{"start":{"line":96,"column":27},"end":{"line":99,"column":5}},"22":{"start":{"line":100,"column":4},"end":{"line":102,"column":6}},"23":{"start":{"line":113,"column":20},"end":{"line":113,"column":24}},"24":{"start":{"line":114,"column":19},"end":{"line":114,"column":29}},"25":{"start":{"line":116,"column":20},"end":{"line":116,"column":65}},"26":{"start":{"line":117,"column":4},"end":{"line":119,"column":6}},"27":{"start":{"line":123,"column":0},"end":{"line":123,"column":35}}},"fnMap":{"0":{"name":"(anonymous_0)","decl":{"start":{"line":21,"column":2},"end":{"line":21,"column":3}},"loc":{"start":{"line":21,"column":16},"end":{"line":44,"column":3}},"line":21},"1":{"name":"(anonymous_1)","decl":{"start":{"line":53,"column":2},"end":{"line":53,"column":3}},"loc":{"start":{"line":53,"column":15},"end":{"line":61,"column":3}},"line":53},"2":{"name":"(anonymous_2)","decl":{"start":{"line":70,"column":2},"end":{"line":70,"column":3}},"loc":{"start":{"line":70,"column":17},"end":{"line":79,"column":3}},"line":70},"3":{"name":"(anonymous_3)","decl":{"start":{"line":89,"column":2},"end":{"line":89,"column":3}},"loc":{"start":{"line":89,"column":17},"end":{"line":103,"column":3}},"line":89},"4":{"name":"(anonymous_4)","decl":{"start":{"line":112,"column":2},"end":{"line":112,"column":3}},"loc":{"start":{"line":112,"column":18},"end":{"line":120,"column":3}},"line":112}},"branchMap":{"0":{"loc":{"start":{"line":28,"column":33},"end":{"line":28,"column":77}},"type":"cond-expr","locations":[{"start":{"line":28,"column":54},"end":{"line":28,"column":72}},{"start":{"line":28,"column":75},"end":{"line":28,"column":77}}],"line":28},"1":{"loc":{"start":{"line":29,"column":29},"end":{"line":29,"column":64}},"type":"cond-expr","locations":[{"start":{"line":29,"column":46},"end":{"line":29,"column":60}},{"start":{"line":29,"column":63},"end":{"line":29,"column":64}}],"line":29}},"s":{"0":1,"1":1,"2":0,"3":0,"4":0,"5":0,"6":0,"7":0,"8":0,"9":0,"10":0,"11":0,"12":0,"13":0,"14":0,"15":0,"16":0,"17":0,"18":0,"19":0,"20":0,"21":0,"22":0,"23":0,"24":0,"25":0,"26":0,"27":1},"f":{"0":0,"1":0,"2":0,"3":0,"4":0},"b":{"0":[0,0],"1":[0,0]},"_coverageSchema":"43e27e138ebf9cfc5966b082cf9a028302ed4184","hash":"f95d4425183c3acc3a4a9889eb88896b5dd9728a","contentHash":"a7d8980f80dab7c8ac0fd06c35a1b5dbbd23171a01b3942112a6594e0688bea1"}
,"/home/htchen/console-core-service-sherpa/app/controller/gateway/usage.js": {"path":"/home/htchen/console-core-service-sherpa/app/controller/gateway/usage.js","statementMap":{"0":{"start":{"line":3,"column":19},"end":{"line":3,"column":44}},"1":{"start":{"line":20,"column":20},"end":{"line":20,"column":24}},"2":{"start":{"line":22,"column":16},"end":{"line":22,"column":74}},"3":{"start":{"line":23,"column":4},"end":{"line":23,"column":19}},"4":{"start":{"line":36,"column":20},"end":{"line":36,"column":24}},"5":{"start":{"line":38,"column":16},"end":{"line":38,"column":79}},"6":{"start":{"line":39,"column":4},"end":{"line":39,"column":19}},"7":{"start":{"line":53,"column":20},"end":{"line":53,"column":24}},"8":{"start":{"line":54,"column":19},"end":{"line":54,"column":29}},"9":{"start":{"line":56,"column":16},"end":{"line":56,"column":80}},"10":{"start":{"line":57,"column":4},"end":{"line":57,"column":19}},"11":{"start":{"line":71,"column":20},"end":{"line":71,"column":24}},"12":{"start":{"line":72,"column":19},"end":{"line":72,"column":29}},"13":{"start":{"line":74,"column":16},"end":{"line":74,"column":76}},"14":{"start":{"line":75,"column":4},"end":{"line":75,"column":19}},"15":{"start":{"line":89,"column":20},"end":{"line":89,"column":24}},"16":{"start":{"line":90,"column":19},"end":{"line":90,"column":29}},"17":{"start":{"line":92,"column":16},"end":{"line":92,"column":84}},"18":{"start":{"line":93,"column":4},"end":{"line":93,"column":19}},"19":{"start":{"line":105,"column":20},"end":{"line":105,"column":24}},"20":{"start":{"line":107,"column":16},"end":{"line":107,"column":81}},"21":{"start":{"line":108,"column":4},"end":{"line":108,"column":19}},"22":{"start":{"line":121,"column":20},"end":{"line":121,"column":24}},"23":{"start":{"line":123,"column":16},"end":{"line":123,"column":71}},"24":{"start":{"line":124,"column":4},"end":{"line":124,"column":19}},"25":{"start":{"line":128,"column":0},"end":{"line":128,"column":33}}},"fnMap":{"0":{"name":"(anonymous_0)","decl":{"start":{"line":19,"column":2},"end":{"line":19,"column":3}},"loc":{"start":{"line":19,"column":26},"end":{"line":24,"column":3}},"line":19},"1":{"name":"(anonymous_1)","decl":{"start":{"line":35,"column":2},"end":{"line":35,"column":3}},"loc":{"start":{"line":35,"column":31},"end":{"line":40,"column":3}},"line":35},"2":{"name":"(anonymous_2)","decl":{"start":{"line":52,"column":2},"end":{"line":52,"column":3}},"loc":{"start":{"line":52,"column":28},"end":{"line":58,"column":3}},"line":52},"3":{"name":"(anonymous_3)","decl":{"start":{"line":70,"column":2},"end":{"line":70,"column":3}},"loc":{"start":{"line":70,"column":24},"end":{"line":76,"column":3}},"line":70},"4":{"name":"(anonymous_4)","decl":{"start":{"line":88,"column":2},"end":{"line":88,"column":3}},"loc":{"start":{"line":88,"column":32},"end":{"line":94,"column":3}},"line":88},"5":{"name":"(anonymous_5)","decl":{"start":{"line":104,"column":2},"end":{"line":104,"column":3}},"loc":{"start":{"line":104,"column":33},"end":{"line":109,"column":3}},"line":104},"6":{"name":"(anonymous_6)","decl":{"start":{"line":120,"column":2},"end":{"line":120,"column":3}},"loc":{"start":{"line":120,"column":23},"end":{"line":125,"column":3}},"line":120}},"branchMap":{},"s":{"0":1,"1":0,"2":0,"3":0,"4":0,"5":0,"6":0,"7":0,"8":0,"9":0,"10":0,"11":0,"12":0,"13":0,"14":0,"15":0,"16":0,"17":0,"18":0,"19":0,"20":0,"21":0,"22":0,"23":0,"24":0,"25":1},"f":{"0":0,"1":0,"2":0,"3":0,"4":0,"5":0,"6":0},"b":{},"_coverageSchema":"43e27e138ebf9cfc5966b082cf9a028302ed4184","hash":"a52c2ce6ae81dcac8398f18333fcf30bd24aca4e","contentHash":"0a4f430bea2883c21d4c11297ae5644b50090b29d1973919c8a68994f245c17b"}
,"/home/htchen/console-core-service-sherpa/app/controller/oms/order.js": {"path":"/home/htchen/console-core-service-sherpa/app/controller/oms/order.js","statementMap":{"0":{"start":{"line":3,"column":19},"end":{"line":3,"column":44}},"1":{"start":{"line":18,"column":20},"end":{"line":18,"column":24}},"2":{"start":{"line":19,"column":4},"end":{"line":19,"column":64}},"3":{"start":{"line":21,"column":4},"end":{"line":23,"column":6}},"4":{"start":{"line":41,"column":20},"end":{"line":41,"column":24}},"5":{"start":{"line":43,"column":17},"end":{"line":43,"column":79}},"6":{"start":{"line":44,"column":17},"end":{"line":44,"column":70}},"7":{"start":{"line":52,"column":8},"end":{"line":52,"column":17}},"8":{"start":{"line":53,"column":22},"end":{"line":53,"column":33}},"9":{"start":{"line":55,"column":4},"end":{"line":64,"column":7}},"10":{"start":{"line":76,"column":20},"end":{"line":76,"column":24}},"11":{"start":{"line":77,"column":19},"end":{"line":77,"column":29}},"12":{"start":{"line":79,"column":4},"end":{"line":81,"column":6}},"13":{"start":{"line":94,"column":20},"end":{"line":94,"column":24}},"14":{"start":{"line":95,"column":19},"end":{"line":95,"column":29}},"15":{"start":{"line":97,"column":4},"end":{"line":97,"column":64}},"16":{"start":{"line":99,"column":4},"end":{"line":101,"column":6}},"17":{"start":{"line":113,"column":20},"end":{"line":113,"column":24}},"18":{"start":{"line":114,"column":19},"end":{"line":114,"column":29}},"19":{"start":{"line":116,"column":4},"end":{"line":118,"column":6}},"20":{"start":{"line":132,"column":20},"end":{"line":132,"column":24}},"21":{"start":{"line":133,"column":19},"end":{"line":133,"column":29}},"22":{"start":{"line":134,"column":18},"end":{"line":137,"column":5}},"23":{"start":{"line":139,"column":4},"end":{"line":141,"column":6}},"24":{"start":{"line":155,"column":20},"end":{"line":155,"column":24}},"25":{"start":{"line":156,"column":34},"end":{"line":156,"column":44}},"26":{"start":{"line":157,"column":18},"end":{"line":160,"column":5}},"27":{"start":{"line":162,"column":4},"end":{"line":167,"column":6}},"28":{"start":{"line":171,"column":0},"end":{"line":171,"column":33}}},"fnMap":{"0":{"name":"(anonymous_0)","decl":{"start":{"line":17,"column":2},"end":{"line":17,"column":3}},"loc":{"start":{"line":17,"column":17},"end":{"line":24,"column":3}},"line":17},"1":{"name":"(anonymous_1)","decl":{"start":{"line":40,"column":2},"end":{"line":40,"column":3}},"loc":{"start":{"line":40,"column":16},"end":{"line":65,"column":3}},"line":40},"2":{"name":"(anonymous_2)","decl":{"start":{"line":75,"column":2},"end":{"line":75,"column":3}},"loc":{"start":{"line":75,"column":15},"end":{"line":82,"column":3}},"line":75},"3":{"name":"(anonymous_3)","decl":{"start":{"line":93,"column":2},"end":{"line":93,"column":3}},"loc":{"start":{"line":93,"column":17},"end":{"line":102,"column":3}},"line":93},"4":{"name":"(anonymous_4)","decl":{"start":{"line":112,"column":2},"end":{"line":112,"column":3}},"loc":{"start":{"line":112,"column":18},"end":{"line":119,"column":3}},"line":112},"5":{"name":"(anonymous_5)","decl":{"start":{"line":131,"column":2},"end":{"line":131,"column":3}},"loc":{"start":{"line":131,"column":19},"end":{"line":142,"column":3}},"line":131},"6":{"name":"(anonymous_6)","decl":{"start":{"line":154,"column":2},"end":{"line":154,"column":3}},"loc":{"start":{"line":154,"column":39},"end":{"line":168,"column":3}},"line":154}},"branchMap":{"0":{"loc":{"start":{"line":43,"column":34},"end":{"line":43,"column":78}},"type":"cond-expr","locations":[{"start":{"line":43,"column":55},"end":{"line":43,"column":73}},{"start":{"line":43,"column":76},"end":{"line":43,"column":78}}],"line":43},"1":{"loc":{"start":{"line":44,"column":34},"end":{"line":44,"column":69}},"type":"cond-expr","locations":[{"start":{"line":44,"column":51},"end":{"line":44,"column":65}},{"start":{"line":44,"column":68},"end":{"line":44,"column":69}}],"line":44},"2":{"loc":{"start":{"line":135,"column":29},"end":{"line":135,"column":73}},"type":"cond-expr","locations":[{"start":{"line":135,"column":50},"end":{"line":135,"column":68}},{"start":{"line":135,"column":71},"end":{"line":135,"column":73}}],"line":135},"3":{"loc":{"start":{"line":136,"column":29},"end":{"line":136,"column":64}},"type":"cond-expr","locations":[{"start":{"line":136,"column":46},"end":{"line":136,"column":60}},{"start":{"line":136,"column":63},"end":{"line":136,"column":64}}],"line":136},"4":{"loc":{"start":{"line":158,"column":29},"end":{"line":158,"column":73}},"type":"cond-expr","locations":[{"start":{"line":158,"column":50},"end":{"line":158,"column":68}},{"start":{"line":158,"column":71},"end":{"line":158,"column":73}}],"line":158},"5":{"loc":{"start":{"line":159,"column":29},"end":{"line":159,"column":64}},"type":"cond-expr","locations":[{"start":{"line":159,"column":46},"end":{"line":159,"column":60}},{"start":{"line":159,"column":63},"end":{"line":159,"column":64}}],"line":159}},"s":{"0":1,"1":0,"2":0,"3":0,"4":0,"5":0,"6":0,"7":0,"8":0,"9":0,"10":0,"11":0,"12":0,"13":0,"14":0,"15":0,"16":0,"17":0,"18":0,"19":0,"20":0,"21":0,"22":0,"23":0,"24":0,"25":0,"26":0,"27":0,"28":1},"f":{"0":0,"1":0,"2":0,"3":0,"4":0,"5":0,"6":0},"b":{"0":[0,0],"1":[0,0],"2":[0,0],"3":[0,0],"4":[0,0],"5":[0,0]},"_coverageSchema":"43e27e138ebf9cfc5966b082cf9a028302ed4184","hash":"7b94d26ec08ecd0bd3c3e9ed0fe7f11c6ff852cd","contentHash":"e9d78b3f6638f350e5f7701dca27d6059c355e8e25dda895c3921688815d64ac"}
,"/home/htchen/console-core-service-sherpa/app/controller/oms/product.js": {"path":"/home/htchen/console-core-service-sherpa/app/controller/oms/product.js","statementMap":{"0":{"start":{"line":3,"column":19},"end":{"line":3,"column":44}},"1":{"start":{"line":4,"column":10},"end":{"line":4,"column":27}},"2":{"start":{"line":23,"column":20},"end":{"line":23,"column":24}},"3":{"start":{"line":24,"column":18},"end":{"line":27,"column":5}},"4":{"start":{"line":28,"column":79},"end":{"line":28,"column":88}},"5":{"start":{"line":29,"column":17},"end":{"line":35,"column":6}},"6":{"start":{"line":36,"column":17},"end":{"line":40,"column":5}},"7":{"start":{"line":41,"column":18},"end":{"line":41,"column":51}},"8":{"start":{"line":42,"column":16},"end":{"line":42,"column":38}},"9":{"start":{"line":43,"column":4},"end":{"line":46,"column":6}},"10":{"start":{"line":58,"column":20},"end":{"line":58,"column":24}},"11":{"start":{"line":59,"column":19},"end":{"line":59,"column":29}},"12":{"start":{"line":61,"column":4},"end":{"line":63,"column":6}},"13":{"start":{"line":67,"column":0},"end":{"line":67,"column":35}}},"fnMap":{"0":{"name":"(anonymous_0)","decl":{"start":{"line":22,"column":2},"end":{"line":22,"column":3}},"loc":{"start":{"line":22,"column":16},"end":{"line":47,"column":3}},"line":22},"1":{"name":"(anonymous_1)","decl":{"start":{"line":57,"column":2},"end":{"line":57,"column":3}},"loc":{"start":{"line":57,"column":15},"end":{"line":64,"column":3}},"line":57}},"branchMap":{"0":{"loc":{"start":{"line":25,"column":33},"end":{"line":25,"column":77}},"type":"cond-expr","locations":[{"start":{"line":25,"column":54},"end":{"line":25,"column":72}},{"start":{"line":25,"column":75},"end":{"line":25,"column":77}}],"line":25},"1":{"loc":{"start":{"line":26,"column":29},"end":{"line":26,"column":64}},"type":"cond-expr","locations":[{"start":{"line":26,"column":46},"end":{"line":26,"column":60}},{"start":{"line":26,"column":63},"end":{"line":26,"column":64}}],"line":26}},"s":{"0":1,"1":1,"2":0,"3":0,"4":0,"5":0,"6":0,"7":0,"8":0,"9":0,"10":0,"11":0,"12":0,"13":1},"f":{"0":0,"1":0},"b":{"0":[0,0],"1":[0,0]},"_coverageSchema":"43e27e138ebf9cfc5966b082cf9a028302ed4184","hash":"bfe0b5e1ab43a8f7e48c0c029c8c54cbd7c4d99e","contentHash":"181eb2b94109629f7aecb82e52e23c833af58e86cec6ed29e5837154a696684e"}
,"/home/htchen/console-core-service-sherpa/app/controller/qlc/rpc.js": {"path":"/home/htchen/console-core-service-sherpa/app/controller/qlc/rpc.js","statementMap":{"0":{"start":{"line":3,"column":19},"end":{"line":3,"column":44}},"1":{"start":{"line":4,"column":13},"end":{"line":4,"column":42}},"2":{"start":{"line":5,"column":13},"end":{"line":5,"column":48}},"3":{"start":{"line":13,"column":20},"end":{"line":13,"column":24}},"4":{"start":{"line":14,"column":15},"end":{"line":14,"column":19}},"5":{"start":{"line":16,"column":4},"end":{"line":39,"column":5}},"6":{"start":{"line":17,"column":19},"end":{"line":17,"column":64}},"7":{"start":{"line":18,"column":24},"end":{"line":18,"column":46}},"8":{"start":{"line":20,"column":6},"end":{"line":34,"column":7}},"9":{"start":{"line":21,"column":24},"end":{"line":21,"column":68}},"10":{"start":{"line":23,"column":8},"end":{"line":29,"column":9}},"11":{"start":{"line":24,"column":25},"end":{"line":24,"column":82}},"12":{"start":{"line":24,"column":48},"end":{"line":24,"column":81}},"13":{"start":{"line":26,"column":10},"end":{"line":28,"column":11}},"14":{"start":{"line":27,"column":12},"end":{"line":27,"column":31}},"15":{"start":{"line":31,"column":8},"end":{"line":33,"column":9}},"16":{"start":{"line":32,"column":10},"end":{"line":32,"column":33}},"17":{"start":{"line":36,"column":6},"end":{"line":36,"column":18}},"18":{"start":{"line":38,"column":6},"end":{"line":38,"column":18}},"19":{"start":{"line":43,"column":20},"end":{"line":43,"column":24}},"20":{"start":{"line":44,"column":17},"end":{"line":44,"column":21}},"21":{"start":{"line":45,"column":4},"end":{"line":66,"column":5}},"22":{"start":{"line":46,"column":19},"end":{"line":46,"column":64}},"23":{"start":{"line":47,"column":24},"end":{"line":47,"column":46}},"24":{"start":{"line":48,"column":6},"end":{"line":61,"column":7}},"25":{"start":{"line":49,"column":24},"end":{"line":49,"column":68}},"26":{"start":{"line":50,"column":8},"end":{"line":56,"column":9}},"27":{"start":{"line":51,"column":25},"end":{"line":51,"column":82}},"28":{"start":{"line":51,"column":48},"end":{"line":51,"column":81}},"29":{"start":{"line":53,"column":10},"end":{"line":55,"column":11}},"30":{"start":{"line":54,"column":12},"end":{"line":54,"column":35}},"31":{"start":{"line":58,"column":8},"end":{"line":60,"column":9}},"32":{"start":{"line":59,"column":10},"end":{"line":59,"column":37}},"33":{"start":{"line":63,"column":6},"end":{"line":63,"column":20}},"34":{"start":{"line":65,"column":6},"end":{"line":65,"column":18}},"35":{"start":{"line":70,"column":20},"end":{"line":70,"column":24}},"36":{"start":{"line":72,"column":4},"end":{"line":172,"column":5}},"37":{"start":{"line":73,"column":6},"end":{"line":82,"column":7}},"38":{"start":{"line":74,"column":27},"end":{"line":74,"column":79}},"39":{"start":{"line":76,"column":8},"end":{"line":79,"column":9}},"40":{"start":{"line":77,"column":10},"end":{"line":77,"column":49}},"41":{"start":{"line":78,"column":10},"end":{"line":78,"column":26}},"42":{"start":{"line":81,"column":8},"end":{"line":81,"column":58}},"43":{"start":{"line":84,"column":24},"end":{"line":84,"column":76}},"44":{"start":{"line":86,"column":6},"end":{"line":89,"column":7}},"45":{"start":{"line":87,"column":8},"end":{"line":87,"column":46}},"46":{"start":{"line":88,"column":8},"end":{"line":88,"column":24}},"47":{"start":{"line":91,"column":21},"end":{"line":91,"column":47}},"48":{"start":{"line":92,"column":6},"end":{"line":131,"column":7}},"49":{"start":{"line":93,"column":21},"end":{"line":93,"column":49}},"50":{"start":{"line":94,"column":27},"end":{"line":94,"column":56}},"51":{"start":{"line":95,"column":28},"end":{"line":95,"column":55}},"52":{"start":{"line":97,"column":23},"end":{"line":100,"column":9}},"53":{"start":{"line":102,"column":26},"end":{"line":102,"column":49}},"54":{"start":{"line":104,"column":8},"end":{"line":104,"column":36}},"55":{"start":{"line":106,"column":21},"end":{"line":106,"column":48}},"56":{"start":{"line":108,"column":27},"end":{"line":108,"column":29}},"57":{"start":{"line":109,"column":29},"end":{"line":109,"column":31}},"58":{"start":{"line":111,"column":8},"end":{"line":123,"column":9}},"59":{"start":{"line":111,"column":21},"end":{"line":111,"column":22}},"60":{"start":{"line":112,"column":31},"end":{"line":117,"column":11}},"61":{"start":{"line":118,"column":10},"end":{"line":118,"column":69}},"62":{"start":{"line":119,"column":10},"end":{"line":119,"column":75}},"63":{"start":{"line":120,"column":10},"end":{"line":122,"column":11}},"64":{"start":{"line":121,"column":12},"end":{"line":121,"column":18}},"65":{"start":{"line":125,"column":8},"end":{"line":130,"column":10}},"66":{"start":{"line":133,"column":6},"end":{"line":160,"column":7}},"67":{"start":{"line":134,"column":30},"end":{"line":134,"column":44}},"68":{"start":{"line":136,"column":8},"end":{"line":150,"column":9}},"69":{"start":{"line":140,"column":28},"end":{"line":142,"column":11}},"70":{"start":{"line":144,"column":10},"end":{"line":147,"column":11}},"71":{"start":{"line":145,"column":12},"end":{"line":145,"column":50}},"72":{"start":{"line":146,"column":12},"end":{"line":146,"column":28}},"73":{"start":{"line":149,"column":10},"end":{"line":149,"column":45}},"74":{"start":{"line":152,"column":20},"end":{"line":152,"column":72}},"75":{"start":{"line":154,"column":8},"end":{"line":157,"column":9}},"76":{"start":{"line":155,"column":10},"end":{"line":155,"column":42}},"77":{"start":{"line":156,"column":10},"end":{"line":156,"column":26}},"78":{"start":{"line":159,"column":8},"end":{"line":159,"column":32}},"79":{"start":{"line":162,"column":19},"end":{"line":162,"column":69}},"80":{"start":{"line":164,"column":6},"end":{"line":167,"column":7}},"81":{"start":{"line":165,"column":8},"end":{"line":165,"column":41}},"82":{"start":{"line":166,"column":8},"end":{"line":166,"column":24}},"83":{"start":{"line":168,"column":6},"end":{"line":168,"column":31}},"84":{"start":{"line":169,"column":6},"end":{"line":169,"column":19}},"85":{"start":{"line":171,"column":6},"end":{"line":171,"column":18}},"86":{"start":{"line":183,"column":20},"end":{"line":183,"column":24}},"87":{"start":{"line":184,"column":21},"end":{"line":184,"column":32}},"88":{"start":{"line":185,"column":4},"end":{"line":185,"column":72}},"89":{"start":{"line":195,"column":20},"end":{"line":195,"column":24}},"90":{"start":{"line":197,"column":4},"end":{"line":209,"column":5}},"91":{"start":{"line":198,"column":41},"end":{"line":198,"column":51}},"92":{"start":{"line":200,"column":6},"end":{"line":204,"column":9}},"93":{"start":{"line":205,"column":6},"end":{"line":205,"column":23}},"94":{"start":{"line":207,"column":6},"end":{"line":207,"column":23}},"95":{"start":{"line":208,"column":6},"end":{"line":208,"column":23}},"96":{"start":{"line":219,"column":20},"end":{"line":219,"column":24}},"97":{"start":{"line":221,"column":4},"end":{"line":233,"column":5}},"98":{"start":{"line":222,"column":38},"end":{"line":222,"column":48}},"99":{"start":{"line":224,"column":6},"end":{"line":228,"column":9}},"100":{"start":{"line":229,"column":6},"end":{"line":229,"column":23}},"101":{"start":{"line":231,"column":6},"end":{"line":231,"column":23}},"102":{"start":{"line":232,"column":6},"end":{"line":232,"column":23}},"103":{"start":{"line":243,"column":20},"end":{"line":243,"column":24}},"104":{"start":{"line":245,"column":4},"end":{"line":257,"column":5}},"105":{"start":{"line":246,"column":41},"end":{"line":246,"column":51}},"106":{"start":{"line":248,"column":6},"end":{"line":252,"column":9}},"107":{"start":{"line":253,"column":6},"end":{"line":253,"column":23}},"108":{"start":{"line":255,"column":6},"end":{"line":255,"column":23}},"109":{"start":{"line":256,"column":6},"end":{"line":256,"column":23}},"110":{"start":{"line":267,"column":20},"end":{"line":267,"column":24}},"111":{"start":{"line":269,"column":4},"end":{"line":281,"column":5}},"112":{"start":{"line":270,"column":38},"end":{"line":270,"column":48}},"113":{"start":{"line":272,"column":6},"end":{"line":276,"column":9}},"114":{"start":{"line":277,"column":6},"end":{"line":277,"column":23}},"115":{"start":{"line":279,"column":6},"end":{"line":279,"column":23}},"116":{"start":{"line":280,"column":6},"end":{"line":280,"column":23}},"117":{"start":{"line":291,"column":20},"end":{"line":291,"column":24}},"118":{"start":{"line":293,"column":4},"end":{"line":307,"column":5}},"119":{"start":{"line":294,"column":38},"end":{"line":294,"column":48}},"120":{"start":{"line":296,"column":6},"end":{"line":302,"column":8}},"121":{"start":{"line":303,"column":6},"end":{"line":303,"column":23}},"122":{"start":{"line":305,"column":6},"end":{"line":305,"column":23}},"123":{"start":{"line":306,"column":6},"end":{"line":306,"column":23}},"124":{"start":{"line":317,"column":20},"end":{"line":317,"column":24}},"125":{"start":{"line":319,"column":4},"end":{"line":331,"column":5}},"126":{"start":{"line":320,"column":41},"end":{"line":320,"column":51}},"127":{"start":{"line":322,"column":6},"end":{"line":326,"column":9}},"128":{"start":{"line":327,"column":6},"end":{"line":327,"column":23}},"129":{"start":{"line":329,"column":6},"end":{"line":329,"column":23}},"130":{"start":{"line":330,"column":6},"end":{"line":330,"column":23}},"131":{"start":{"line":341,"column":20},"end":{"line":341,"column":24}},"132":{"start":{"line":343,"column":4},"end":{"line":355,"column":5}},"133":{"start":{"line":344,"column":41},"end":{"line":344,"column":51}},"134":{"start":{"line":346,"column":6},"end":{"line":350,"column":9}},"135":{"start":{"line":351,"column":6},"end":{"line":351,"column":23}},"136":{"start":{"line":353,"column":6},"end":{"line":353,"column":23}},"137":{"start":{"line":354,"column":6},"end":{"line":354,"column":23}},"138":{"start":{"line":366,"column":20},"end":{"line":366,"column":24}},"139":{"start":{"line":368,"column":4},"end":{"line":404,"column":5}},"140":{"start":{"line":369,"column":23},"end":{"line":369,"column":34}},"141":{"start":{"line":371,"column":6},"end":{"line":376,"column":7}},"142":{"start":{"line":372,"column":8},"end":{"line":372,"column":44}},"143":{"start":{"line":373,"column":8},"end":{"line":373,"column":44}},"144":{"start":{"line":374,"column":8},"end":{"line":374,"column":60}},"145":{"start":{"line":375,"column":8},"end":{"line":375,"column":58}},"146":{"start":{"line":378,"column":6},"end":{"line":378,"column":48}},"147":{"start":{"line":379,"column":6},"end":{"line":379,"column":44}},"148":{"start":{"line":381,"column":31},"end":{"line":381,"column":61}},"149":{"start":{"line":383,"column":6},"end":{"line":385,"column":7}},"150":{"start":{"line":384,"column":8},"end":{"line":384,"column":47}},"151":{"start":{"line":387,"column":20},"end":{"line":389,"column":7}},"152":{"start":{"line":391,"column":6},"end":{"line":394,"column":7}},"153":{"start":{"line":392,"column":8},"end":{"line":392,"column":42}},"154":{"start":{"line":393,"column":8},"end":{"line":393,"column":24}},"155":{"start":{"line":396,"column":6},"end":{"line":396,"column":89}},"156":{"start":{"line":399,"column":6},"end":{"line":399,"column":23}},"157":{"start":{"line":400,"column":6},"end":{"line":400,"column":23}},"158":{"start":{"line":402,"column":6},"end":{"line":402,"column":23}},"159":{"start":{"line":403,"column":6},"end":{"line":403,"column":23}},"160":{"start":{"line":415,"column":20},"end":{"line":415,"column":24}},"161":{"start":{"line":417,"column":4},"end":{"line":436,"column":5}},"162":{"start":{"line":418,"column":23},"end":{"line":418,"column":34}},"163":{"start":{"line":420,"column":20},"end":{"line":422,"column":7}},"164":{"start":{"line":424,"column":6},"end":{"line":427,"column":7}},"165":{"start":{"line":425,"column":8},"end":{"line":425,"column":42}},"166":{"start":{"line":426,"column":8},"end":{"line":426,"column":24}},"167":{"start":{"line":429,"column":6},"end":{"line":429,"column":90}},"168":{"start":{"line":431,"column":6},"end":{"line":431,"column":23}},"169":{"start":{"line":432,"column":6},"end":{"line":432,"column":23}},"170":{"start":{"line":434,"column":6},"end":{"line":434,"column":23}},"171":{"start":{"line":435,"column":6},"end":{"line":435,"column":23}},"172":{"start":{"line":447,"column":20},"end":{"line":447,"column":24}},"173":{"start":{"line":449,"column":4},"end":{"line":469,"column":5}},"174":{"start":{"line":450,"column":23},"end":{"line":450,"column":34}},"175":{"start":{"line":451,"column":6},"end":{"line":451,"column":70}},"176":{"start":{"line":453,"column":20},"end":{"line":455,"column":7}},"177":{"start":{"line":457,"column":6},"end":{"line":460,"column":7}},"178":{"start":{"line":458,"column":8},"end":{"line":458,"column":42}},"179":{"start":{"line":459,"column":8},"end":{"line":459,"column":24}},"180":{"start":{"line":462,"column":6},"end":{"line":462,"column":82}},"181":{"start":{"line":464,"column":6},"end":{"line":464,"column":23}},"182":{"start":{"line":465,"column":6},"end":{"line":465,"column":23}},"183":{"start":{"line":467,"column":6},"end":{"line":467,"column":23}},"184":{"start":{"line":468,"column":6},"end":{"line":468,"column":23}},"185":{"start":{"line":480,"column":20},"end":{"line":480,"column":24}},"186":{"start":{"line":482,"column":4},"end":{"line":501,"column":5}},"187":{"start":{"line":483,"column":23},"end":{"line":483,"column":34}},"188":{"start":{"line":485,"column":20},"end":{"line":487,"column":7}},"189":{"start":{"line":489,"column":6},"end":{"line":492,"column":7}},"190":{"start":{"line":490,"column":8},"end":{"line":490,"column":42}},"191":{"start":{"line":491,"column":8},"end":{"line":491,"column":24}},"192":{"start":{"line":494,"column":6},"end":{"line":494,"column":90}},"193":{"start":{"line":496,"column":6},"end":{"line":496,"column":23}},"194":{"start":{"line":497,"column":6},"end":{"line":497,"column":23}},"195":{"start":{"line":499,"column":6},"end":{"line":499,"column":23}},"196":{"start":{"line":500,"column":6},"end":{"line":500,"column":23}},"197":{"start":{"line":505,"column":20},"end":{"line":505,"column":24}},"198":{"start":{"line":507,"column":4},"end":{"line":535,"column":5}},"199":{"start":{"line":508,"column":27},"end":{"line":508,"column":39}},"200":{"start":{"line":510,"column":6},"end":{"line":532,"column":7}},"201":{"start":{"line":511,"column":22},"end":{"line":517,"column":9}},"202":{"start":{"line":519,"column":8},"end":{"line":519,"column":93}},"203":{"start":{"line":521,"column":8},"end":{"line":523,"column":11}},"204":{"start":{"line":525,"column":8},"end":{"line":525,"column":72}},"205":{"start":{"line":527,"column":8},"end":{"line":529,"column":11}},"206":{"start":{"line":531,"column":8},"end":{"line":531,"column":72}},"207":{"start":{"line":534,"column":6},"end":{"line":534,"column":22}},"208":{"start":{"line":546,"column":20},"end":{"line":546,"column":24}},"209":{"start":{"line":548,"column":4},"end":{"line":557,"column":5}},"210":{"start":{"line":549,"column":23},"end":{"line":549,"column":34}},"211":{"start":{"line":550,"column":23},"end":{"line":550,"column":25}},"212":{"start":{"line":552,"column":6},"end":{"line":552,"column":74}},"213":{"start":{"line":553,"column":6},"end":{"line":553,"column":23}},"214":{"start":{"line":555,"column":6},"end":{"line":555,"column":23}},"215":{"start":{"line":556,"column":6},"end":{"line":556,"column":23}},"216":{"start":{"line":568,"column":20},"end":{"line":568,"column":24}},"217":{"start":{"line":570,"column":4},"end":{"line":589,"column":5}},"218":{"start":{"line":571,"column":23},"end":{"line":571,"column":34}},"219":{"start":{"line":573,"column":20},"end":{"line":575,"column":7}},"220":{"start":{"line":577,"column":6},"end":{"line":580,"column":7}},"221":{"start":{"line":578,"column":8},"end":{"line":578,"column":42}},"222":{"start":{"line":579,"column":8},"end":{"line":579,"column":24}},"223":{"start":{"line":582,"
[...]
cations":[{"start":{"line":279,"column":58},"end":{"line":279,"column":59}},{"start":{"line":279,"column":60},"end":{"line":279,"column":61}}],"line":279},"14":{"loc":{"start":{"line":372,"column":6},"end":{"line":372,"column":40}},"type":"if","locations":[{"start":{"line":372,"column":6},"end":{"line":372,"column":40}},{"start":{"line":372,"column":6},"end":{"line":372,"column":40}}],"line":372},"15":{"loc":{"start":{"line":372,"column":9},"end":{"line":372,"column":27}},"type":"binary-expr","locations":[{"start":{"line":372,"column":9},"end":{"line":372,"column":16}},{"start":{"line":372,"column":20},"end":{"line":372,"column":27}}],"line":372},"16":{"loc":{"start":{"line":383,"column":6},"end":{"line":383,"column":29}},"type":"if","locations":[{"start":{"line":383,"column":6},"end":{"line":383,"column":29}},{"start":{"line":383,"column":6},"end":{"line":383,"column":29}}],"line":383},"17":{"loc":{"start":{"line":502,"column":4},"end":{"line":508,"column":5}},"type":"if","locations":[{"start":{"line":502,"column":4},"end":{"line":508,"column":5}},{"start":{"line":502,"column":4},"end":{"line":508,"column":5}}],"line":502},"18":{"loc":{"start":{"line":505,"column":11},"end":{"line":508,"column":5}},"type":"if","locations":[{"start":{"line":505,"column":11},"end":{"line":508,"column":5}},{"start":{"line":505,"column":11},"end":{"line":508,"column":5}}],"line":505},"19":{"loc":{"start":{"line":586,"column":8},"end":{"line":590,"column":9}},"type":"if","locations":[{"start":{"line":586,"column":8},"end":{"line":590,"column":9}},{"start":{"line":586,"column":8},"end":{"line":590,"column":9}}],"line":586},"20":{"loc":{"start":{"line":630,"column":17},"end":{"line":630,"column":26}},"type":"cond-expr","locations":[{"start":{"line":630,"column":23},"end":{"line":630,"column":24}},{"start":{"line":630,"column":25},"end":{"line":630,"column":26}}],"line":630},"21":{"loc":{"start":{"line":711,"column":4},"end":{"line":711,"column":37}},"type":"if","locations":[{"start":{"line":711,"column":4},"end":{"line":711,"column":37}},{"start":{"line":711,"column":4},"end":{"line":711,"column":37}}],"line":711},"22":{"loc":{"start":{"line":853,"column":4},"end":{"line":853,"column":45}},"type":"if","locations":[{"start":{"line":853,"column":4},"end":{"line":853,"column":45}},{"start":{"line":853,"column":4},"end":{"line":853,"column":45}}],"line":853},"23":{"loc":{"start":{"line":857,"column":4},"end":{"line":857,"column":38}},"type":"if","locations":[{"start":{"line":857,"column":4},"end":{"line":857,"column":38}},{"start":{"line":857,"column":4},"end":{"line":857,"column":38}}],"line":857},"24":{"loc":{"start":{"line":859,"column":4},"end":{"line":859,"column":58}},"type":"if","locations":[{"start":{"line":859,"column":4},"end":{"line":859,"column":58}},{"start":{"line":859,"column":4},"end":{"line":859,"column":58}}],"line":859},"25":{"loc":{"start":{"line":872,"column":4},"end":{"line":872,"column":26}},"type":"if","locations":[{"start":{"line":872,"column":4},"end":{"line":872,"column":26}},{"start":{"line":872,"column":4},"end":{"line":872,"column":26}}],"line":872},"26":{"loc":{"start":{"line":874,"column":4},"end":{"line":874,"column":36}},"type":"if","locations":[{"start":{"line":874,"column":4},"end":{"line":874,"column":36}},{"start":{"line":874,"column":4},"end":{"line":874,"column":36}}],"line":874},"27":{"loc":{"start":{"line":892,"column":4},"end":{"line":895,"column":5}},"type":"if","locations":[{"start":{"line":892,"column":4},"end":{"line":895,"column":5}},{"start":{"line":892,"column":4},"end":{"line":895,"column":5}}],"line":892},"28":{"loc":{"start":{"line":966,"column":4},"end":{"line":966,"column":80}},"type":"if","locations":[{"start":{"line":966,"column":4},"end":{"line":966,"column":80}},{"start":{"line":966,"column":4},"end":{"line":966,"column":80}}],"line":966},"29":{"loc":{"start":{"line":967,"column":4},"end":{"line":967,"column":84}},"type":"if","locations":[{"start":{"line":967,"column":4},"end":{"line":967,"column":84}},{"start":{"line":967,"column":4},"end":{"line":967,"column":84}}],"line":967},"30":{"loc":{"start":{"line":971,"column":4},"end":{"line":971,"column":88}},"type":"if","locations":[{"start":{"line":971,"column":4},"end":{"line":971,"column":88}},{"start":{"line":971,"column":4},"end":{"line":971,"column":88}}],"line":971},"31":{"loc":{"start":{"line":972,"column":4},"end":{"line":972,"column":88}},"type":"if","locations":[{"start":{"line":972,"column":4},"end":{"line":972,"column":88}},{"start":{"line":972,"column":4},"end":{"line":972,"column":88}}],"line":972},"32":{"loc":{"start":{"line":977,"column":6},"end":{"line":978,"column":63}},"type":"if","locations":[{"start":{"line":977,"column":6},"end":{"line":978,"column":63}},{"start":{"line":977,"column":6},"end":{"line":978,"column":63}}],"line":977},"33":{"loc":{"start":{"line":1008,"column":4},"end":{"line":1008,"column":35}},"type":"if","locations":[{"start":{"line":1008,"column":4},"end":{"line":1008,"column":35}},{"start":{"line":1008,"column":4},"end":{"line":1008,"column":35}}],"line":1008},"34":{"loc":{"start":{"line":1009,"column":4},"end":{"line":1009,"column":77}},"type":"if","locations":[{"start":{"line":1009,"column":4},"end":{"line":1009,"column":77}},{"start":{"line":1009,"column":4},"end":{"line":1009,"column":77}}],"line":1009},"35":{"loc":{"start":{"line":1019,"column":4},"end":{"line":1019,"column":82}},"type":"if","locations":[{"start":{"line":1019,"column":4},"end":{"line":1019,"column":82}},{"start":{"line":1019,"column":4},"end":{"line":1019,"column":82}}],"line":1019},"36":{"loc":{"start":{"line":1020,"column":4},"end":{"line":1020,"column":76}},"type":"if","locations":[{"start":{"line":1020,"column":4},"end":{"line":1020,"column":76}},{"start":{"line":1020,"column":4},"end":{"line":1020,"column":76}}],"line":1020},"37":{"loc":{"start":{"line":1028,"column":4},"end":{"line":1028,"column":82}},"type":"if","locations":[{"start":{"line":1028,"column":4},"end":{"line":1028,"column":82}},{"start":{"line":1028,"column":4},"end":{"line":1028,"column":82}}],"line":1028},"38":{"loc":{"start":{"line":1068,"column":4},"end":{"line":1069,"column":45}},"type":"if","locations":[{"start":{"line":1068,"column":4},"end":{"line":1069,"column":45}},{"start":{"line":1068,"column":4},"end":{"line":1069,"column":45}}],"line":1068},"39":{"loc":{"start":{"line":1083,"column":4},"end":{"line":1084,"column":45}},"type":"if","locations":[{"start":{"line":1083,"column":4},"end":{"line":1084,"column":45}},{"start":{"line":1083,"column":4},"end":{"line":1084,"column":45}}],"line":1083},"40":{"loc":{"start":{"line":1092,"column":4},"end":{"line":1093,"column":45}},"type":"if","locations":[{"start":{"line":1092,"column":4},"end":{"line":1093,"column":45}},{"start":{"line":1092,"column":4},"end":{"line":1093,"column":45}}],"line":1092},"41":{"loc":{"start":{"line":1096,"column":4},"end":{"line":1096,"column":30}},"type":"if","locations":[{"start":{"line":1096,"column":4},"end":{"line":1096,"column":30}},{"start":{"line":1096,"column":4},"end":{"line":1096,"column":30}}],"line":1096},"42":{"loc":{"start":{"line":1111,"column":4},"end":{"line":1112,"column":44}},"type":"if","locations":[{"start":{"line":1111,"column":4},"end":{"line":1112,"column":44}},{"start":{"line":1111,"column":4},"end":{"line":1112,"column":44}}],"line":1111},"43":{"loc":{"start":{"line":1113,"column":4},"end":{"line":1114,"column":45}},"type":"if","locations":[{"start":{"line":1113,"column":4},"end":{"line":1114,"column":45}},{"start":{"line":1113,"column":4},"end":{"line":1114,"column":45}}],"line":1113},"44":{"loc":{"start":{"line":1132,"column":4},"end":{"line":1133,"column":45}},"type":"if","locations":[{"start":{"line":1132,"column":4},"end":{"line":1133,"column":45}},{"start":{"line":1132,"column":4},"end":{"line":1133,"column":45}}],"line":1132},"45":{"loc":{"start":{"line":1141,"column":4},"end":{"line":1142,"column":39}},"type":"if","locations":[{"start":{"line":1141,"column":4},"end":{"line":1142,"column":39}},{"start":{"line":1141,"column":4},"end":{"line":1142,"column":39}}],"line":1141},"46":{"loc":{"start":{"line":1167,"column":4},"end":{"line":1167,"column":55}},"type":"if","locations":[{"start":{"line":1167,"column":4},"end":{"line":1167,"column":55}},{"start":{"line":1167,"column":4},"end":{"line":1167,"column":55}}],"line":1167},"47":{"loc":{"start":{"line":1167,"column":8},"end":{"line":1167,"column":40}},"type":"binary-expr","locations":[{"start":{"line":1167,"column":8},"end":{"line":1167,"column":22}},{"start":{"line":1167,"column":26},"end":{"line":1167,"column":40}}],"line":1167},"48":{"loc":{"start":{"line":1168,"column":4},"end":{"line":1168,"column":44}},"type":"if","locations":[{"start":{"line":1168,"column":4},"end":{"line":1168,"column":44}},{"start":{"line":1168,"column":4},"end":{"line":1168,"column":44}}],"line":1168},"49":{"loc":{"start":{"line":1169,"column":11},"end":{"line":1169,"column":58}},"type":"cond-expr","locations":[{"start":{"line":1169,"column":46},"end":{"line":1169,"column":50}},{"start":{"line":1169,"column":53},"end":{"line":1169,"column":58}}],"line":1169},"50":{"loc":{"start":{"line":1179,"column":17},"end":{"line":1179,"column":84}},"type":"cond-expr","locations":[{"start":{"line":1179,"column":48},"end":{"line":1179,"column":76}},{"start":{"line":1179,"column":80},"end":{"line":1179,"column":84}}],"line":1179},"51":{"loc":{"start":{"line":1179,"column":48},"end":{"line":1179,"column":76}},"type":"binary-expr","locations":[{"start":{"line":1179,"column":48},"end":{"line":1179,"column":59}},{"start":{"line":1179,"column":63},"end":{"line":1179,"column":76}}],"line":1179},"52":{"loc":{"start":{"line":1180,"column":4},"end":{"line":1201,"column":5}},"type":"if","locations":[{"start":{"line":1180,"column":4},"end":{"line":1201,"column":5}},{"start":{"line":1180,"column":4},"end":{"line":1201,"column":5}}],"line":1180},"53":{"loc":{"start":{"line":1180,"column":8},"end":{"line":1180,"column":40}},"type":"binary-expr","locations":[{"start":{"line":1180,"column":8},"end":{"line":1180,"column":14}},{"start":{"line":1180,"column":18},"end":{"line":1180,"column":40}}],"line":1180},"54":{"loc":{"start":{"line":1191,"column":11},"end":{"line":1201,"column":5}},"type":"if","locations":[{"start":{"line":1191,"column":11},"end":{"line":1201,"column":5}},{"start":{"line":1191,"column":11},"end":{"line":1201,"column":5}}],"line":1191},"55":{"loc":{"start":{"line":1194,"column":6},"end":{"line":1200,"column":7}},"type":"if","locations":[{"start":{"line":1194,"column":6},"end":{"line":1200,"column":7}},{"start":{"line":1194,"column":6},"end":{"line":1200,"column":7}}],"line":1194},"56":{"loc":{"start":{"line":1194,"column":10},"end":{"line":1194,"column":38}},"type":"binary-expr","locations":[{"start":{"line":1194,"column":10},"end":{"line":1194,"column":16}},{"start":{"line":1194,"column":20},"end":{"line":1194,"column":38}}],"line":1194},"57":{"loc":{"start":{"line":1204,"column":3},"end":{"line":1204,"column":99}},"type":"cond-expr","locations":[{"start":{"line":1204,"column":53},"end":{"line":1204,"column":67}},{"start":{"line":1204,"column":71},"end":{"line":1204,"column":98}}],"line":1204},"58":{"loc":{"start":{"line":1204,"column":3},"end":{"line":1204,"column":50}},"type":"binary-expr","locations":[{"start":{"line":1204,"column":3},"end":{"line":1204,"column":32}},{"start":{"line":1204,"column":36},"end":{"line":1204,"column":50}}],"line":1204},"59":{"loc":{"start":{"line":1204,"column":83},"end":{"line":1204,"column":98}},"type":"binary-expr","locations":[{"start":{"line":1204,"column":83},"end":{"line":1204,"column":92}},{"start":{"line":1204,"column":96},"end":{"line":1204,"column":98}}],"line":1204}},"s":{"0":1,"1":1,"2":1,"3":1,"4":80,"5":80,"6":1,"7":8,"8":8,"9":7,"10":83,"11":8,"12":1,"13":0,"14":1,"15":1,"16":1,"17":1,"18":1,"19":1,"20":1,"21":1,"22":1,"23":1,"24":1,"25":0,"26":0,"27":0,"28":0,"29":0,"30":0,"31":0,"32":0,"33":0,"34":0,"35":0,"36":0,"37":0,"38":0,"39":0,"40":0,"41":0,"42":0,"43":0,"44":0,"45":0,"46":0,"47":0,"48":0,"49":0,"50":0,"51":0,"52":0,"53":0,"54":0,"55":0,"56":0,"57":0,"58":0,"59":0,"60":0,"61":0,"62":0,"63":0,"64":0,"65":0,"66":0,"67":0,"68":0,"69":0,"70":0,"71":0,"72":0,"73":0,"74":0,"75":0,"76":0,"77":0,"78":0,"79":0,"80":0,"81":0,"82":0,"83":0,"84":0,"85":0,"86":0,"87":0,"88":1,"89":0,"90":0,"91":0,"92":0,"93":0,"94":0,"95":0,"96":0,"97":0,"98":0,"99":0,"100":0,"101":0,"102":0,"103":0,"104":0,"105":0,"106":0,"107":0,"108":0,"109":0,"110":0,"111":0,"112":0,"113":0,"114":0,"115":0,"116":0,"117":0,"118":0,"119":0,"120":0,"121":0,"122":0,"123":0,"124":0,"125":0,"126":0,"127":1,"128":0,"129":0,"130":0,"131":0,"132":0,"133":0,"134":0,"135":0,"136":0,"137":0,"138":0,"139":0,"140":0,"141":0,"142":0,"143":0,"144":0,"145":0,"146":0,"147":0,"148":0,"149":0,"150":0,"151":0,"152":0,"153":0,"154":0,"155":0,"156":0,"157":0,"158":0,"159":0,"160":0,"161":0,"162":0,"163":0,"164":0,"165":0,"166":0,"167":0,"168":0,"169":0,"170":0,"171":0,"172":0,"173":0,"174":0,"175":0,"176":0,"177":0,"178":0,"179":0,"180":0,"181":0,"182":0,"183":0,"184":0,"185":0,"186":0,"187":0,"188":0,"189":0,"190":0,"191":0,"192":0,"193":0,"194":0,"195":0,"196":0,"197":0,"198":0,"199":0,"200":0,"201":0,"202":0,"203":0,"204":0,"205":0,"206":0,"207":0,"208":0,"209":0,"210":0,"211":0,"212":0,"213":0,"214":0,"215":0,"216":0,"217":0,"218":0,"219":0,"220":0,"221":0,"222":0,"223":0,"224":0,"225":0,"226":0,"227":0,"228":0,"229":0,"230":0,"231":0,"232":0,"233":0,"234":0,"235":0,"236":0,"237":0,"238":0,"239":0,"240":0,"241":0,"242":0,"243":0,"244":0,"245":0,"246":0,"247":0,"248":0,"249":0,"250":0,"251":0,"252":0,"253":0,"254":0,"255":0,"256":0,"257":0,"258":0,"259":0,"260":0,"261":0,"262":0,"263":0,"264":0,"265":0,"266":0,"267":0,"268":0,"269":0,"270":0,"271":0,"272":0,"273":0,"274":0,"275":0,"276":0,"277":0,"278":0,"279":0,"280":0,"281":0,"282":0,"283":0,"284":0,"285":0,"286":0,"287":0,"288":0,"289":0,"290":0,"291":0,"292":0,"293":0,"294":0,"295":0,"296":0,"297":0,"298":0,"299":0,"300":0,"301":0,"302":0,"303":0,"304":0,"305":0,"306":0,"307":0,"308":0,"309":0,"310":0,"311":0,"312":0,"313":0,"314":0,"315":0,"316":0,"317":0,"318":0,"319":0,"320":0,"321":0,"322":0,"323":0,"324":0,"325":0,"326":0,"327":0,"328":0,"329":0,"330":0,"331":0,"332":0,"333":0,"334":0,"335":0,"336":0,"337":0,"338":0,"339":0,"340":0,"341":0,"342":1,"343":1,"344":0,"345":0,"346":0,"347":0,"348":0,"349":0,"350":0,"351":0,"352":0,"353":0,"354":0,"355":0,"356":0,"357":0,"358":0,"359":0,"360":0,"361":0,"362":0,"363":0,"364":0,"365":0,"366":0,"367":0,"368":0,"369":0,"370":0,"371":0,"372":0,"373":0,"374":0,"375":0,"376":0,"377":0,"378":0,"379":0,"380":0,"381":0,"382":0,"383":0,"384":0,"385":0,"386":0,"387":0,"388":0,"389":0,"390":0,"391":1,"392":0,"393":0,"394":0,"395":0,"396":0,"397":0,"398":0,"399":0,"400":0,"401":0,"402":0,"403":0,"404":0,"405":0,"406":0,"407":0,"408":0,"409":0,"410":0,"411":0,"412":0,"413":0,"414":0,"415":0,"416":0,"417":0,"418":0,"419":0,"420":0,"421":1,"422":0,"423":0,"424":0,"425":0,"426":0,"427":0,"428":0,"429":0,"430":0,"431":0,"432":0,"433":0,"434":0,"435":0,"436":0,"437":0,"438":0,"439":0,"440":0,"441":0,"442":0,"443":0,"444":0,"445":0,"446":0,"447":0,"448":0,"449":0,"450":0,"451":0,"452":0,"453":0,"454":0,"455":0,"456":0,"457":0,"458":0,"459":0,"460":0,"461":0,"462":0,"463":0,"464":0,"465":0,"466":0,"467":0,"468":0,"469":0,"470":0,"471":0,"472":0,"473":0,"474":0,"475":0,"476":0,"477":0,"478":0,"479":0,"480":0,"481":0,"482":0,"483":0,"484":0,"485":0,"486":0,"487":0,"488":0,"489":0,"490":0,"491":0,"492":0,"493":0,"494":0,"495":0,"496":0,"497":0,"498":0,"499":0,"500":0,"501":0,"502":0,"503":0,"504":0,"505":0,"506":0,"507":0,"508":0,"509":0,"510":0,"511":0,"512":0,"513":0,"514":0,"515":0,"516":0,"517":0,"518":0,"519":1,"520":0,"521":0,"522":0,"523":0,"524":0,"525":0,"526":0,"527":0,"528":0,"529":0,"530":0,"531":0,"532":0,"533":0,"534":0,"535":0,"536":0,"537":0,"538":0,"539":0,"540":0,"541":0,"542":0,"543":0,"544":0,"545":0,"546":0,"547":0,"548":0,"549":0,"550":0,"551":0,"552":0,"553":0,"554":0,"555":0,"556":0,"557":0,"558":0,"559":0,"560":0,"561":0,"562":0,"563":0,"564":0,"565":0,"566":0,"567":0,"568":0,"569":0,"570":0,"571":0,"572":0,"573":0,"574":0,"575":0,"576":0,"577":0,"578":0,"579":0,"580":0,"581":0,"582":0,"583":0,"584":0,"585":0,"586":0,"587":0,"588":0,"589":0,"590":0,"591":0,"592":0,"593":0,"594":0,"595":0,"596":0,"597":0,"598":0,"599":0,"600":0,"601":0,"602":0,"603":0,"604":0,"605":0,"606":0,"607":0,"608":0,"609":0,"610":0,"611":0,"612":0,"613":0,"614":0,"615":0,"616":0,"617":0,"618":0,"619":0,"620":0,"621":0,"622":0,"623":0,"624":0,"625":0,"626":0,"627":0,"628":0,"629":0,"630":0,"631":0,"632":0,"633":0,"634":0,"635":0,"636":0,"637":0,"638":0,"639":0,"640":0,"641":0,"642":0,"643":0,"644":0,"645":0,"646":0,"647":1,"648":1,"649":1,"650":1,"651":1,"652":1,"653":1,"654":1,"655":1,"656":1,"657":1,"658":1,"659":1,"660":1,"661":1,"662":1,"663":1,"664":1,"665":0,"666":0,"667":0,"668":0,"669":0,"670":0,"671":0,"672":0,"673":0,"674":0,"675":0,"676":0,"677":0,"678":0,"679":0,"680":1,"681":0,"682":0,"683":0,"684":1,"685":0,"686":0,"687":0,"688":0,"689":0,"690":0,"691":0,"692":0,"693":0,"694":1,"695":0,"696":0,"697":0,"698":0,"699":0,"700":0,"701":0,"702":0,"703":0,"704":0,"705":0,"706":0,"707":1,"708":1,"709":1,"710":1,"711":0,"712":0,"713":0,"714":0,"715":0,"716":0,"717":0,"718":0,"719":1,"720":0,"721":0,"722":0,"723":0,"724":0,"725":0,"726":1,"727":1,"728":1,"729":0,"730":0,"731":1,"732":0,"733":0,"734":0,"735":0,"736":0,"737":1,"738":1,"739":0,"740":0,"741":1,"742":1,"743":0,"744":0,"745":0,"746":0,"747":1,"748":0,"749":0,"750":0,"751":0,"752":0,"753":0,"754":1,"755":1,"756":1,"757":1,"758":1,"759":1,"760":0,"761":0,"762":0,"763":0,"764":0,"765":0,"766":1,"767":0,"768":0,"769":0,"770":0,"771":0,"772":0,"773":0,"774":0,"775":0,"776":0,"777":0,"778":0,"779":1,"780":0,"781":0,"782":0,"783":0,"784":0,"785":0,"786":1,"787":0,"788":0,"789":0,"790":0,"791":0,"792":0,"793":0,"794":0,"795":0,"796":0,"797":0,"798":0,"799":1,"800":0,"801":0,"802":0,"803":0,"804":1,"805":0,"806":0,"807":0,"808":0,"809":0,"810":0,"811":1,"812":0,"813":0,"814":0,"815":0,"816":0,"817":0,"818":0,"819":0,"820":0,"821":0,"822":1,"823":1,"824":1,"825":1,"826":1,"827":0,"828":0,"829":0,"830":0,"831":1,"832":1,"833":0,"834":0,"835":0,"836":0,"837":0,"838":0,"839":1,"840":1,"841":1,"842":1,"843":1,"844":0,"845":0,"846":0,"847":0,"848":0,"849":0,"850":0,"851":0,"852":1,"853":1,"854":1,"855":1,"856":0,"857":0,"858":0,"859":0},"f":{"0":1,"1":80,"2":8,"3":0,"4":0,"5":0,"6":0,"7":0,"8":0,"9":0,"10":0,"11":0,"12":0,"13":0,"14":0,"15":0,"16":0,"17":0,"18":0,"19":0,"20":0,"21":0,"22":0,"23":0,"24":0,"25":0,"26":0,"27":0,"28":0,"29":0,"30":0,"31":0,"32":0,"33":0,"34":0,"35":0,"36":0,"37":0,"38":0,"39":0,"40":0,"41":0,"42":0,"43":0,"44":0,"45":0,"46":0,"47":0,"48":0,"49":0,"50":0,"51":0,"52":0,"53":0,"54":0,"55":0,"56":0,"57":0,"58":0,"59":0,"60":0,"61":0,"62":0,"63":0,"64":0,"65":0,"66":0,"67":0,"68":0,"69":0,"70":0,"71":0,"72":0,"73":0,"74":0,"75":0,"76":0,"77":0,"78":0,"79":0,"80":0,"81":0,"82":0,"83":0,"84":0,"85":0,"86":0,"87":0,"88":0,"89":0,"90":1,"91":1,"92":0,"93":0},"b":{"0":[7,1],"1":[0,0],"2":[0,0],"3":[0,0],"4":[0,0],"5":[0,0],"6":[0,0],"7":[0,0],"8":[0,0],"9":[0,0],"10":[0,0],"11":[0,0],"12":[0,0],"13":[0,0],"14":[0,0],"15":[0,0],"16":[0,0],"17":[0,0],"18":[0,0],"19":[0,0],"20":[0,0],"21":[0,0],"22":[0,0],"23":[0,0],"24":[0,0],"25":[0,0],"26":[0,0],"27":[0,0],"28":[0,0],"29":[0,0],"30":[0,0],"31":[0,0],"32":[0,0],"33":[0,0],"34":[0,0],"35":[0,0],"36":[0,0],"37":[0,0],"38":[0,0],"39":[0,0],"40":[0,0],"41":[0,0],"42":[0,0],"43":[0,0],"44":[0,0],"45":[0,0],"46":[0,0],"47":[0,0],"48":[0,0],"49":[0,0],"50":[0,1],"51":[0,0],"52":[0,1],"53":[1,0],"54":[1,0],"55":[1,0],"56":[1,1],"57":[1,0],"58":[1,1],"59":[0,0]},"_coverageSchema":"43e27e138ebf9cfc5966b082cf9a028302ed4184","hash":"6dac59be2a032149cbdd39a91cfa23e242065825","contentHash":"9821a083fd1d8b00bb5f1e717a3ca81bc0a1faf179b4fedb6fffb67f504207a1"}
}
