{"total": {"lines":{"total":3983,"covered":614,"skipped":0,"pct":15.42},"statements":{"total":4171,"covered":622,"skipped":0,"pct":14.91},"functions":{"total":666,"covered":45,"skipped":0,"pct":6.76},"branches":{"total":890,"covered":42,"skipped":0,"pct":4.72}}
,"/home/htchen/console-core-service-sherpa/app/router.js": {"lines":{"total":29,"covered":29,"skipped":0,"pct":100},"functions":{"total":1,"covered":1,"skipped":0,"pct":100},"statements":{"total":29,"covered":29,"skipped":0,"pct":100},"branches":{"total":0,"covered":0,"skipped":0,"pct":100}}
,"/home/htchen/console-core-service-sherpa/app/contract/contract.js": {"lines":{"total":1,"covered":1,"skipped":0,"pct":100},"functions":{"total":0,"covered":0,"skipped":0,"pct":100},"statements":{"total":1,"covered":1,"skipped":0,"pct":100},"branches":{"total":0,"covered":0,"skipped":0,"pct":100}}
,"/home/htchen/console-core-service-sherpa/app/contract/gateway.js": {"lines":{"total":1,"covered":1,"skipped":0,"pct":100},"functions":{"total":0,"covered":0,"skipped":0,"pct":100},"statements":{"total":1,"covered":1,"skipped":0,"pct":100},"branches":{"total":0,"covered":0,"skipped":0,"pct":100}}
,"/home/htchen/console-core-service-sherpa/app/contract/generic.js": {"lines":{"total":1,"covered":1,"skipped":0,"pct":100},"functions":{"total":0,"covered":0,"skipped":0,"pct":100},"statements":{"total":1,"covered":1,"skipped":0,"pct":100},"branches":{"total":0,"covered":0,"skipped":0,"pct":100}}
,"/home/htchen/console-core-service-sherpa/app/contract/qlc.js": {"lines":{"total":1,"covered":1,"skipped":0,"pct":100},"functions":{"total":0,"covered":0,"skipped":0,"pct":100},"statements":{"total":1,"covered":1,"skipped":0,"pct":100},"branches":{"total":0,"covered":0,"skipped":0,"pct":100}}
,"/home/htchen/console-core-service-sherpa/app/contract/role.js": {"lines":{"total":1,"covered":1,"skipped":0,"pct":100},"functions":{"total":0,"covered":0,"skipped":0,"pct":100},"statements":{"total":1,"covered":1,"skipped":0,"pct":100},"branches":{"total":0,"covered":0,"skipped":0,"pct":100}}
,"/home/htchen/console-core-service-sherpa/app/contract/rpc.js": {"lines":{"total":1,"covered":1,"skipped":0,"pct":100},"functions":{"total":0,"covered":0,"skipped":0,"pct":100},"statements":{"total":1,"covered":1,"skipped":0,"pct":100},"branches":{"total":0,"covered":0,"skipped":0,"pct":100}}
,"/home/htchen/console-core-service-sherpa/app/contract/consoleconnect/connection.js": {"lines":{"total":1,"covered":1,"skipped":0,"pct":100},"functions":{"total":0,"covered":0,"skipped":0,"pct":100},"statements":{"total":1,"covered":1,"skipped":0,"pct":100},"branches":{"total":0,"covered":0,"skipped":0,"pct":100}}
,"/home/htchen/console-core-service-sherpa/app/contract/consoleconnect/port.js": {"lines":{"total":1,"covered":1,"skipped":0,"pct":100},"functions":{"total":0,"covered":0,"skipped":0,"pct":100},"statements":{"total":1,"covered":1,"skipped":0,"pct":100},"branches":{"total":0,"covered":0,"skipped":0,"pct":100}}
,"/home/htchen/console-core-service-sherpa/app/contract/consoleconnect/utilization.js": {"lines":{"total":1,"covered":1,"skipped":0,"pct":100},"functions":{"total":0,"covered":0,"skipped":0,"pct":100},"statements":{"total":1,"covered":1,"skipped":0,"pct":100},"branches":{"total":0,"covered":0,"skipped":0,"pct":100}}
,"/home/htchen/console-core-service-sherpa/app/contract/cpq/offering.js": {"lines":{"total":1,"covered":1,"skipped":0,"pct":100},"functions":{"total":0,"covered":0,"skipped":0,"pct":100},"statements":{"total":1,"covered":1,"skipped":0,"pct":100},"branches":{"total":0,"covered":0,"skipped":0,"pct":100}}
,"/home/htchen/console-core-service-sherpa/app/contract/cpq/product.js": {"lines":{"total":1,"covered":1,"skipped":0,"pct":100},"functions":{"total":0,"covered":0,"skipped":0,"pct":100},"statements":{"total":1,"covered":1,"skipped":0,"pct":100},"branches":{"total":0,"covered":0,"skipped":0,"pct":100}}
,"/home/htchen/console-core-service-sherpa/app/contract/cpq/quote.js": {"lines":{"total":1,"covered":1,"skipped":0,"pct":100},"functions":{"total":0,"covered":0,"skipped":0,"pct":100},"statements":{"total":1,"covered":1,"skipped":0,"pct":100},"branches":{"total":0,"covered":0,"skipped":0,"pct":100}}
,"/home/htchen/console-core-service-sherpa/app/contract/oms/order.js": {"lines":{"total":1,"covered":1,"skipped":0,"pct":100},"functions":{"total":0,"covered":0,"skipped":0,"pct":100},"statements":{"total":1,"covered":1,"skipped":0,"pct":100},"branches":{"total":0,"covered":0,"skipped":0,"pct":100}}
,"/home/htchen/console-core-service-sherpa/app/contract/oms/productinstance.js": {"lines":{"total":1,"covered":1,"skipped":0,"pct":100},"functions":{"total":0,"covered":0,"skipped":0,"pct":100},"statements":{"total":1,"covered":1,"skipped":0,"pct":100},"branches":{"total":0,"covered":0,"skipped":0,"pct":100}}
,"/home/htchen/console-core-service-sherpa/app/contract/sonata/productInventory.js": {"lines":{"total":1,"covered":1,"skipped":0,"pct":100},"functions":{"total":0,"covered":0,"skipped":0,"pct":100},"statements":{"total":1,"covered":1,"skipped":0,"pct":100},"branches":{"total":0,"covered":0,"skipped":0,"pct":100}}
,"/home/htchen/console-core-service-sherpa/app/contract/sonata/productOrder.js": {"lines":{"total":1,"covered":1,"skipped":0,"pct":100},"functions":{"total":0,"covered":0,"skipped":0,"pct":100},"statements":{"total":1,"covered":1,"skipped":0,"pct":100},"branches":{"total":0,"covered":0,"skipped":0,"pct":100}}
,"/home/htchen/console-core-service-sherpa/app/contract/sonata/quote.js": {"lines":{"total":1,"covered":1,"skipped":0,"pct":100},"functions":{"total":0,"covered":0,"skipped":0,"pct":100},"statements":{"total":1,"covered":1,"skipped":0,"pct":100},"branches":{"total":0,"covered":0,"skipped":0,"pct":100}}
,"/home/htchen/console-core-service-sherpa/app/contract/user/agent.js": {"lines":{"total":1,"covered":1,"skipped":0,"pct":100},"functions":{"total":0,"covered":0,"skipped":0,"pct":100},"statements":{"total":1,"covered":1,"skipped":0,"pct":100},"branches":{"total":0,"covered":0,"skipped":0,"pct":100}}
,"/home/htchen/console-core-service-sherpa/app/contract/user/company.js": {"lines":{"total":1,"covered":1,"skipped":0,"pct":100},"functions":{"total":0,"covered":0,"skipped":0,"pct":100},"statements":{"total":1,"covered":1,"skipped":0,"pct":100},"branches":{"total":0,"covered":0,"skipped":0,"pct":100}}
,"/home/htchen/console-core-service-sherpa/app/contract/user/external.js": {"lines":{"total":1,"covered":1,"skipped":0,"pct":100},"functions":{"total":0,"covered":0,"skipped":0,"pct":100},"statements":{"total":1,"covered":1,"skipped":0,"pct":100},"branches":{"total":0,"covered":0,"skipped":0,"pct":100}}
,"/home/htchen/console-core-service-sherpa/app/contract/user/member.js": {"lines":{"total":1,"covered":1,"skipped":0,"pct":100},"functions":{"total":0,"covered":0,"skipped":0,"pct":100},"statements":{"total":1,"covered":1,"skipped":0,"pct":100},"branches":{"total":0,"covered":0,"skipped":0,"pct":100}}
,"/home/htchen/console-core-service-sherpa/app/contract/user/wallet.js": {"lines":{"total":1,"covered":1,"skipped":0,"pct":100},"functions":{"total":0,"covered":0,"skipped":0,"pct":100},"statements":{"total":1,"covered":1,"skipped":0,"pct":100},"branches":{"total":0,"covered":0,"skipped":0,"pct":100}}
,"/home/htchen/console-core-service-sherpa/app/contract/workflow/worker.js": {"lines":{"total":1,"covered":1,"skipped":0,"pct":100},"functions":{"total":0,"covered":0,"skipped":0,"pct":100},"statements":{"total":1,"covered":1,"skipped":0,"pct":100},"branches":{"total":0,"covered":0,"skipped":0,"pct":100}}
,"/home/htchen/console-core-service-sherpa/app/controller/apis.js": {"lines":{"total":24,"covered":2,"skipped":0,"pct":8.33},"functions":{"total":6,"covered":0,"skipped":0,"pct":0},"statements":{"total":24,"covered":2,"skipped":0,"pct":8.33},"branches":{"total":0,"covered":0,"skipped":0,"pct":100}}
,"/home/htchen/console-core-service-sherpa/app/controller/base.js": {"lines":{"total":5,"covered":4,"skipped":0,"pct":80},"functions":{"total":2,"covered":1,"skipped":0,"pct":50},"statements":{"total":5,"covered":4,"skipped":0,"pct":80},"branches":{"total":0,"covered":0,"skipped":0,"pct":100}}
,"/home/htchen/console-core-service-sherpa/app/controller/contract.js": {"lines":{"total":7,"covered":2,"skipped":0,"pct":28.57},"functions":{"total":1,"covered":0,"skipped":0,"pct":0},"statements":{"total":7,"covered":2,"skipped":0,"pct":28.57},"branches":{"total":0,"covered":0,"skipped":0,"pct":100}}
,"/home/htchen/console-core-service-sherpa/app/controller/endpoint.js": {"lines":{"total":5,"covered":2,"skipped":0,"pct":40},"functions":{"total":1,"covered":0,"skipped":0,"pct":0},"statements":{"total":5,"covered":2,"skipped":0,"pct":40},"branches":{"total":0,"covered":0,"skipped":0,"pct":100}}
,"/home/htchen/console-core-service-sherpa/app/controller/heartbeat.js": {"lines":{"total":9,"covered":5,"skipped":0,"pct":55.56},"functions":{"total":2,"covered":1,"skipped":0,"pct":50},"statements":{"total":9,"covered":5,"skipped":0,"pct":55.56},"branches":{"total":0,"covered":0,"skipped":0,"pct":100}}
,"/home/htchen/console-core-service-sherpa/app/controller/role.js": {"lines":{"total":18,"covered":2,"skipped":0,"pct":11.11},"functions":{"total":4,"covered":0,"skipped":0,"pct":0},"statements":{"total":18,"covered":2,"skipped":0,"pct":11.11},"branches":{"total":0,"covered":0,"skipped":0,"pct":100}}
,"/home/htchen/console-core-service-sherpa/app/controller/consoleconnect/connection.js": {"lines":{"total":18,"covered":3,"skipped":0,"pct":16.67},"functions":{"total":3,"covered":0,"skipped":0,"pct":0},"statements":{"total":18,"covered":3,"skipped":0,"pct":16.67},"branches":{"total":4,"covered":0,"skipped":0,"pct":0}}
,"/home/htchen/console-core-service-sherpa/app/controller/consoleconnect/port.js": {"lines":{"total":18,"covered":3,"skipped":0,"pct":16.67},"functions":{"total":3,"covered":0,"skipped":0,"pct":0},"statements":{"total":18,"covered":3,"skipped":0,"pct":16.67},"branches":{"total":4,"covered":0,"skipped":0,"pct":0}}
,"/home/htchen/console-core-service-sherpa/app/controller/cpq/offering.js": {"lines":{"total":13,"covered":3,"skipped":0,"pct":23.08},"functions":{"total":2,"covered":0,"skipped":0,"pct":0},"statements":{"total":13,"covered":3,"skipped":0,"pct":23.08},"branches":{"total":4,"covered":0,"skipped":0,"pct":0}}
,"/home/htchen/console-core-service-sherpa/app/controller/cpq/product.js": {"lines":{"total":13,"covered":3,"skipped":0,"pct":23.08},"functions":{"total":2,"covered":0,"skipped":0,"pct":0},"statements":{"total":13,"covered":3,"skipped":0,"pct":23.08},"branches":{"total":4,"covered":0,"skipped":0,"pct":0}}
,"/home/htchen/console-core-service-sherpa/app/controller/cpq/quote.js": {"lines":{"total":16,"covered":3,"skipped":0,"pct":18.75},"functions":{"total":3,"covered":0,"skipped":0,"pct":0},"statements":{"total":16,"covered":3,"skipped":0,"pct":18.75},"branches":{"total":4,"covered":0,"skipped":0,"pct":0}}
,"/home/htchen/console-core-service-sherpa/app/controller/gateway/application.js": {"lines":{"total":28,"covered":28,"skipped":0,"pct":100},"functions":{"total":5,"covered":5,"skipped":0,"pct":100},"statements":{"total":28,"covered":28,"skipped":0,"pct":100},"branches":{"total":4,"covered":4,"skipped":0,"pct":100}}
,"/home/htchen/console-core-service-sherpa/app/controller/gateway/key.js": {"lines":{"total":28,"covered":3,"skipped":0,"pct":10.71},"functions":{"total":5,"covered":0,"skipped":0,"pct":0},"statements":{"total":28,"covered":3,"skipped":0,"pct":10.71},"branches":{"total":4,"covered":0,"skipped":0,"pct":0}}
,"/home/htchen/console-core-service-sherpa/app/controller/gateway/policy.js": {"lines":{"total":28,"covered":3,"skipped":0,"pct":10.71},"functions":{"total":5,"covered":0,"skipped":0,"pct":0},"statements":{"total":28,"covered":3,"skipped":0,"pct":10.71},"branches":{"total":4,"covered":0,"skipped":0,"pct":0}}
,"/home/htchen/console-core-service-sherpa/app/controller/gateway/service.js": {"lines":{"total":28,"covered":3,"skipped":0,"pct":10.71},"functions":{"total":5,"covered":0,"skipped":0,"pct":0},"statements":{"total":28,"covered":3,"skipped":0,"pct":10.71},"branches":{"total":4,"covered":0,"skipped":0,"pct":0}}
,"/home/htchen/console-core-service-sherpa/app/controller/gateway/usage.js": {"lines":{"total":26,"covered":2,"skipped":0,"pct":7.69},"functions":{"total":7,"covered":0,"skipped":0,"pct":0},"statements":{"total":26,"covered":2,"skipped":0,"pct":7.69},"branches":{"total":0,"covered":0,"skipped":0,"pct":100}}
,"/home/htchen/console-core-service-sherpa/app/controller/oms/order.js": {"lines":{"total":29,"covered":2,"skipped":0,"pct":6.9},"functions":{"total":7,"covered":0,"skipped":0,"pct":0},"statements":{"total":29,"covered":2,"skipped":0,"pct":6.9},"branches":{"total":12,"covered":0,"skipped":0,"pct":0}}
,"/home/htchen/console-core-service-sherpa/app/controller/oms/product.js": {"lines":{"total":14,"covered":3,"skipped":0,"pct":21.43},"functions":{"total":2,"covered":0,"skipped":0,"pct":0},"statements":{"total":14,"covered":3,"skipped":0,"pct":21.43},"branches":{"total":4,"covered":0,"skipped":0,"pct":0}}
,"/home/htchen/console-core-service-sherpa/app/controller/qlc/rpc.js": {"lines":{"total":835,"covered":4,"skipped":0,"pct":0.48},"functions":{"total":82,"covered":0,"skipped":0,"pct":0},"statements":{"total":839,"covered":4,"skipped":0,"pct":0.48},"branches":{"total":190,"covered":0,"skipped":0,"pct":0}}
,"/home/htchen/console-core-service-sherpa/app/controller/sonata/productInventory.js": {"lines":{"total":16,"covered":3,"skipped":0,"pct":18.75},"functions":{"total":2,"covered":0,"skipped":0,"pct":0},"statements":{"total":16,"covered":3,"skipped":0,"pct":18.75},"branches":{"total":4,"covered":0,"skipped":0,"pct":0}}
,"/home/htchen/console-core-service-sherpa/app/controller/sonata/productOffering.js": {"lines":{"total":27,"covered":3,"skipped":0,"pct":11.11},"functions":{"total":3,"covered":0,"skipped":0,"pct":0},"statements":{"total":27,"covered":3,"skipped":0,"pct":11.11},"branches":{"total":8,"covered":0,"skipped":0,"pct":0}}
,"/home/htchen/console-core-service-sherpa/app/controller/sonata/productOrder.js": {"lines":{"total":19,"covered":3,"skipped":0,"pct":15.79},"functions":{"total":3,"covered":0,"skipped":0,"pct":0},"statements":{"total":19,"covered":3,"skipped":0,"pct":15.79},"branches":{"total":4,"covered":0,"skipped":0,"pct":0}}
,"/home/htchen/console-core-service-sherpa/app/controller/sonata/quote.js": {"lines":{"total":20,"covered":3,"skipped":0,"pct":15},"functions":{"total":3,"covered":0,"skipped":0,"pct":0},"statements":{"total":20,"covered":3,"skipped":0,"pct":15},"branches":{"total":4,"covered":0,"skipped":0,"pct":0}}
,"/home/htchen/console-core-service-sherpa/app/controller/ums/agent.js": {"lines":{"total":24,"covered":3,"skipped":0,"pct":12.5},"functions":{"total":5,"covered":0,"skipped":0,"pct":0},"statements":{"total":24,"covered":3,"skipped":0,"pct":12.5},"branches":{"total":4,"covered":0,"skipped":0,"pct":0}}
,"/home/htchen/console-core-service-sherpa/app/controller/ums/auth.js": {"lines":{"total":9,"covered":2,"skipped":0,"pct":22.22},"functions":{"total":3,"covered":0,"skipped":0,"pct":0},"statements":{"total":9,"covered":2,"skipped":0,"pct":22.22},"branches":{"total":0,"covered":0,"skipped":0,"pct":100}}
,"/home/htchen/console-core-service-sherpa/app/controller/ums/company.js": {"lines":{"total":25,"covered":3,"skipped":0,"pct":12},"functions":{"total":5,"covered":0,"skipped":0,"pct":0},"statements":{"total":25,"covered":3,"skipped":0,"pct":12},"branches":{"total":4,"covered":0,"skipped":0,"pct":0}}
,"/home/htchen/console-core-service-sherpa/app/controller/ums/external.js": {"lines":{"total":21,"covered":2,"skipped":0,"pct":9.52},"functions":{"total":5,"covered":0,"skipped":0,"pct":0},"statements":{"total":21,"covered":2,"skipped":0,"pct":9.52},"branches":{"total":0,"covered":0,"skipped":0,"pct":100}}
,"/home/htchen/console-core-service-sherpa/app/controller/ums/member.js": {"lines":{"total":26,"covered":3,"skipped":0,"pct":11.54},"functions":{"total":5,"covered":0,"skipped":0,"pct":0},"statements":{"total":26,"covered":3,"skipped":0,"pct":11.54},"branches":{"total":4,"covered":0,"skipped":0,"pct":0}}
,"/home/htchen/console-core-service-sherpa/app/controller/ums/user.js": {"lines":{"total":22,"covered":3,"skipped":0,"pct":13.64},"functions":{"total":4,"covered":0,"skipped":0,"pct":0},"statements":{"total":22,"covered":3,"skipped":0,"pct":13.64},"branches":{"total":4,"covered":0,"skipped":0,"pct":0}}
,"/home/htchen/console-core-service-sherpa/app/controller/ums/wallet.js": {"lines":{"total":21,"covered":2,"skipped":0,"pct":9.52},"functions":{"total":5,"covered":0,"skipped":0,"pct":0},"statements":{"total":21,"covered":2,"skipped":0,"pct":9.52},"branches":{"total":0,"covered":0,"skipped":0,"pct":100}}
,"/home/htchen/console-core-service-sherpa/app/controller/workflow/definition.js": {"lines":{"total":40,"covered":3,"skipped":0,"pct":7.5},"functions":{"total":11,"covered":0,"skipped":0,"pct":0},"statements":{"total":40,"covered":3,"skipped":0,"pct":7.5},"branches":{"total":4,"covered":0,"skipped":0,"pct":0}}
,"/home/htchen/console-core-service-sherpa/app/controller/workflow/worker.js": {"lines":{"total":30,"covered":3,"skipped":0,"pct":10},"functions":{"total":6,"covered":0,"skipped":0,"pct":0},"statements":{"total":30,"covered":3,"skipped":0,"pct":10},"branches":{"total":6,"covered":0,"skipped":0,"pct":0}}
,"/home/htchen/console-core-service-sherpa/app/extend/helper.js": {"lines":{"total":27,"covered":6,"skipped":0,"pct":22.22},"functions":{"total":8,"covered":2,"skipped":0,"pct":25},"statements":{"total":29,"covered":7,"skipped":0,"pct":24.14},"branches":{"total":12,"covered":4,"skipped":0,"pct":33.33}}
,"/home/htchen/console-core-service-sherpa/app/middleware/auth.js": {"lines":{"total":14,"covered":8,"skipped":0,"pct":57.14},"functions":{"total":4,"covered":4,"skipped":0,"pct":100},"statements":{"total":16,"covered":10,"skipped":0,"pct":62.5},"branches":{"total":10,"covered":5,"skipped":0,"pct":50}}
,"/home/htchen/console-core-service-sherpa/app/middleware/error_handler.js": {"lines":{"total":10,"covered":4,"skipped":0,"pct":40},"functions":{"total":2,"covered":2,"skipped":0,"pct":100},"statements":{"total":10,"covered":4,"skipped":0,"pct":40},"branches":{"total":8,"covered":0,"skipped":0,"pct":0}}
,"/home/htchen/console-core-service-sherpa/app/model/application.js": {"lines":{"total":6,"covered":6,"skipped":0,"pct":100},"functions":{"total":2,"covered":2,"skipped":0,"pct":100},"statements":{"total":6,"covered":6,"skipped":0,"pct":100},"branches":{"total":2,"covered":1,"skipped":0,"pct":50}}
,"/home/htchen/console-core-service-sherpa/app/model/key.js": {"lines":{"total":10,"covered":9,"skipped":0,"pct":90},"functions":{"total":3,"covered":2,"skipped":0,"pct":66.67},"statements":{"total":10,"covered":9,"skipped":0,"pct":90},"branches":{"total":2,"covered":1,"skipped":0,"pct":50}}
,"/home/htchen/console-core-service-sherpa/app/model/policy.js": {"lines":{"total":6,"covered":6,"skipped":0,"pct":100},"functions":{"total":2,"covered":2,"skipped":0,"pct":100},"statements":{"total":6,"covered":6,"skipped":0,"pct":100},"branches":{"total":2,"covered":1,"skipped":0,"pct":50}}
,"/home/htchen/console-core-service-sherpa/app/model/policy_keys.js": {"lines":{"total":4,"covered":4,"skipped":0,"pct":100},"functions":{"total":1,"covered":1,"skipped":0,"pct":100},"statements":{"total":4,"covered":4,"skipped":0,"pct":100},"branches":{"total":2,"covered":1,"skipped":0,"pct":50}}
,"/home/htchen/console-core-service-sherpa/app/model/service.js": {"lines":{"total":6,"covered":6,"skipped":0,"pct":100},"functions":{"total":2,"covered":2,"skipped":0,"pct":100},"statements":{"total":6,"covered":6,"skipped":0,"pct":100},"branches":{"total":2,"covered":1,"skipped":0,"pct":50}}
,"/home/htchen/console-core-service-sherpa/app/model/service_keys.js": {"lines":{"total":4,"covered":4,"skipped":0,"pct":100},"functions":{"total":1,"covered":1,"skipped":0,"pct":100},"statements":{"total":4,"covered":4,"skipped":0,"pct":100},"branches":{"total":2,"covered":1,"skipped":0,"pct":50}}
,"/home/htchen/console-core-service-sherpa/app/router/consoleconnect.js": {"lines":{"total":7,"covered":7,"skipped":0,"pct":100},"functions":{"total":1,"covered":1,"skipped":0,"pct":100},"statements":{"total":7,"covered":7,"skipped":0,"pct":100},"branches":{"total":0,"covered":0,"skipped":0,"pct":100}}
,"/home/htchen/console-core-service-sherpa/app/router/cpq.js": {"lines":{"total":5,"covered":5,"skipped":0,"pct":100},"functions":{"total":1,"covered":1,"skipped":0,"pct":100},"statements":{"total":5,"covered":5,"skipped":0,"pct":100},"branches":{"total":0,"covered":0,"skipped":0,"pct":100}}
,"/home/htchen/console-core-service-sherpa/app/router/gateway.js": {"lines":{"total":14,"covered":14,"skipped":0,"pct":100},"functions":{"total":1,"covered":1,"skipped":0,"pct":100},"statements":{"total":14,"covered":14,"skipped":0,"pct":100},"branches":{"total":0,"covered":0,"skipped":0,"pct":100}}
,"/home/htchen/console-core-service-sherpa/app/router/oms.js": {"lines":{"total":6,"covered":6,"skipped":0,"pct":100},"functions":{"total":1,"covered":1,"skipped":0,"pct":100},"statements":{"total":6,"covered":6,"skipped":0,"pct":100},"branches":{"total":0,"covered":0,"skipped":0,"pct":100}}
,"/home/htchen/console-core-service-sherpa/app/router/rpc.js": {"lines":{"total":77,"covered":77,"skipped":0,"pct":100},"functions":{"total":1,"covered":1,"skipped":0,"pct":100},"statements":{"total":77,"covered":77,"skipped":0,"pct":100},"branches":{"total":0,"covered":0,"skipped":0,"pct":100}}
,"/home/htchen/console-core-service-sherpa/app/router/sonata.js": {"lines":{"total":13,"covered":13,"skipped":0,"pct":100},"functions":{"total":1,"covered":1,"skipped":0,"pct":100},"statements":{"total":13,"covered":13,"skipped":0,"pct":100},"branches":{"total":0,"covered":0,"skipped":0,"pct":100}}
,"/home/htchen/console-core-service-sherpa/app/service/apis.js": {"lines":{"total":7,"covered":3,"skipped":0,"pct":42.86},"functions":{"total":2,"covered":0,"skipped":0,"pct":0},"statements":{"total":7,"covered":3,"skipped":0,"pct":42.86},"branches":{"total":0,"covered":0,"skipped":0,"pct":100}}
,"/home/htchen/console-core-service-sherpa/app/service/backend.js": {"lines":{"total":13,"covered":2,"skipped":0,"pct":15.38},"functions":{"total":1,"covered":0,"skipped":0,"pct":0},"statements":{"total":13,"covered":2,"skipped":0,"pct":15.38},"branches":{"total":8,"covered":0,"skipped":0,"pct":0}}
,"/home/htchen/console-core-service-sherpa/app/service/heartbeat.js": {"lines":{"total":15,"covered":4,"skipped":0,"pct":26.67},"functions":{"total":2,"covered":1,"skipped":0,"pct":50},"statements":{"total":15,"covered":4,"skipped":0,"pct":26.67},"branches":{"total":8,"covered":0,"skipped":0,"pct":0}}
,"/home/htchen/console-core-service-sherpa/app/service/role.js": {"lines":{"total":14,"covered":3,"skipped":0,"pct":21.43},"functions":{"total":4,"covered":0,"skipped":0,"pct":0},"statements":{"total":14,"covered":3,"skipped":0,"pct":21.43},"branches":{"total":2,"covered":0,"skipped":0,"pct":0}}
,"/home/htchen/console-core-service-sherpa/app/service/util.js": {"lines":{"total":93,"covered":11,"skipped":0,"pct":11.83},"functions":{"total":12,"covered":0,"skipped":0,"pct":0},"statements":{"total":102,"covered":11,"skipped":0,"pct":10.78},"branches":{"total":15,"covered":0,"skipped":0,"pct":0}}
,"/home/htchen/console-core-service-sherpa/app/service/consoleconnect/cc.js": {"lines":{"total":33,"covered":2,"skipped":0,"pct":6.06},"functions":{"total":3,"covered":0,"skipped":0,"pct":0},"statements":{"total":33,"covered":2,"skipped":0,"pct":6.06},"branches":{"total":19,"covered":0,"skipped":0,"pct":0}}
,"/home/htchen/console-core-service-sherpa/app/service/consoleconnect/connection.js": {"lines":{"total":21,"covered":3,"skipped":0,"pct":14.29},"functions":{"total":6,"covered":0,"skipped":0,"pct":0},"statements":{"total":21,"covered":3,"skipped":0,"pct":14.29},"branches":{"total":5,"covered":0,"skipped":0,"pct":0}}
,"/home/htchen/console-core-service-sherpa/app/service/consoleconnect/port.js": {"lines":{"total":19,"covered":3,"skipped":0,"pct":15.79},"functions":{"total":5,"covered":0,"skipped":0,"pct":0},"statements":{"total":20,"covered":3,"skipped":0,"pct":15},"branches":{"total":0,"covered":0,"skipped":0,"pct":100}}
,"/home/htchen/console-core-service-sherpa/app/service/cpq/offering.js": {"lines":{"total":23,"covered":3,"skipped":0,"pct":13.04},"functions":{"total":8,"covered":0,"skipped":0,"pct":0},"statements":{"total":24,"covered":3,"skipped":0,"pct":12.5},"branches":{"total":2,"covered":0,"skipped":0,"pct":0}}
,"/home/htchen/console-core-service-sherpa/app/service/cpq/product.js": {"lines":{"total":23,"covered":3,"skipped":0,"pct":13.04},"functions":{"total":8,"covered":0,"skipped":0,"pct":0},"statements":{"total":24,"covered":3,"skipped":0,"pct":12.5},"branches":{"total":2,"covered":0,"skipped":0,"pct":0}}
,"/home/htchen/console-core-service-sherpa/app/service/cpq/quote.js": {"lines":{"total":23,"covered":3,"skipped":0,"pct":13.04},"functions":{"total":8,"covered":0,"skipped":0,"pct":0},"statements":{"total":24,"covered":3,"skipped":0,"pct":12.5},"branches":{"total":2,"covered":0,"skipped":0,"pct":0}}
,"/home/htchen/console-core-service-sherpa/app/service/gateway/application.js": {"lines":{"total":45,"covered":29,"skipped":0,"pct":64.44},"functions":{"total":8,"covered":5,"skipped":0,"pct":62.5},"statements":{"total":46,"covered":29,"skipped":0,"pct":63.04},"branches":{"total":18,"covered":9,"skipped":0,"pct":50}}
,"/home/htchen/console-core-service-sherpa/app/service/gateway/key.js": {"lines":{"total":106,"covered":2,"skipped":0,"pct":1.89},"functions":{"total":19,"covered":0,"skipped":0,"pct":0},"statements":{"total":112,"covered":2,"skipped":0,"pct":1.79},"branches":{"total":28,"covered":0,"skipped":0,"pct":0}}
,"/home/htchen/console-core-service-sherpa/app/service/gateway/policy.js": {"lines":{"total":108,"covered":4,"skipped":0,"pct":3.7},"functions":{"total":21,"covered":0,"skipped":0,"pct":0},"statements":{"total":112,"covered":4,"skipped":0,"pct":3.57},"branches":{"total":30,"covered":0,"skipped":0,"pct":0}}
,"/home/htchen/console-core-service-sherpa/app/service/gateway/service.js": {"lines":{"total":69,"covered":4,"skipped":0,"pct":5.8},"functions":{"total":8,"covered":0,"skipped":0,"pct":0},"statements":{"total":72,"covered":4,"skipped":0,"pct":5.56},"branches":{"total":34,"covered":0,"skipped":0,"pct":0}}
,"/home/htchen/console-core-service-sherpa/app/service/gateway/tyk.js": {"lines":{"total":17,"covered":2,"skipped":0,"pct":11.76},"functions":{"total":2,"covered":0,"skipped":0,"pct":0},"statements":{"total":17,"covered":2,"skipped":0,"pct":11.76},"branches":{"total":6,"covered":0,"skipped":0,"pct":0}}
,"/home/htchen/console-core-service-sherpa/app/service/gateway/usage.js": {"lines":{"total":70,"covered":3,"skipped":0,"pct":4.29},"functions":{"total":15,"covered":0,"skipped":0,"pct":0},"statements":{"total":72,"covered":3,"skipped":0,"pct":4.17},"branches":{"total":29,"covered":0,"skipped":0,"pct":0}}
,"/home/htchen/console-core-service-sherpa/app/service/ibm/virtualServer.js": {"lines":{"total":14,"covered":2,"skipped":0,"pct":14.29},"functions":{"total":4,"covered":0,"skipped":0,"pct":0},"statements":{"total":14,"covered":2,"skipped":0,"pct":14.29},"branches":{"total":2,"covered":0,"skipped":0,"pct":0}}
,"/home/htchen/console-core-service-sherpa/app/service/oms/order.js": {"lines":{"total":47,"covered":3,"skipped":0,"pct":6.38},"functions":{"total":13,"covered":0,"skipped":0,"pct":0},"statements":{"total":48,"covered":3,"skipped":0,"pct":6.25},"branches":{"total":14,"covered":0,"skipped":0,"pct":0}}
,"/home/htchen/console-core-service-sherpa/app/service/oms/product.js": {"lines":{"total":52,"covered":3,"skipped":0,"pct":5.77},"functions":{"total":10,"covered":0,"skipped":0,"pct":0},"statements":{"total":53,"covered":3,"skipped":0,"pct":5.66},"branches":{"total":30,"covered":0,"skipped":0,"pct":0}}
,"/home/htchen/console-core-service-sherpa/app/service/qlc/account.js": {"lines":{"total":3,"covered":2,"skipped":0,"pct":66.67},"functions":{"total":1,"covered":0,"skipped":0,"pct":0},"statements":{"total":3,"covered":2,"skipped":0,"pct":66.67},"branches":{"total":0,"covered":0,"skipped":0,"pct":100}}
,"/home/htchen/console-core-service-sherpa/app/service/qlc/apiRpc.js": {"lines":{"total":336,"covered":5,"skipped":0,"pct":1.49},"functions":{"total":83,"covered":0,"skipped":0,"pct":0},"statements":{"total":336,"covered":5,"skipped":0,"pct":1.49},"branches":{"total":5,"covered":0,"skipped":0,"pct":0}}
,"/home/htchen/console-core-service-sherpa/app/service/qlc/rpc.js": {"lines":{"total":12,"covered":3,"skipped":0,"pct":25},"functions":{"total":1,"covered":0,"skipped":0,"pct":0},"statements":{"total":12,"covered":3,"skipped":0,"pct":25},"branches":{"total":3,"covered":0,"skipped":0,"pct":0}}
,"/home/htchen/console-core-service-sherpa/app/service/sonata/productInventory.js": {"lines":{"total":39,"covered":3,"skipped":0,"pct":7.69},"functions":{"total":6,"covered":0,"skipped":0,"pct":0},"statements":{"total":39,"covered":3,"skipped":0,"pct":7.69},"branches":{"total":32,"covered":0,"skipped":0,"pct":0}}
,"/home/htchen/console-core-service-sherpa/app/service/sonata/productOffering.js": {"lines":{"total":12,"covered":2,"skipped":0,"pct":16.67},"functions":{"total":5,"covered":0,"skipped":0,"pct":0},"statements":{"total":12,"covered":2,"skipped":0,"pct":16.67},"branches":{"total":4,"covered":0,"skipped":0,"pct":0}}
,"/home/htchen/console-core-service-sherpa/app/service/sonata/productOrder.js": {"lines":{"total":31,"covered":4,"skipped":0,"pct":12.9},"functions":{"total":8,"covered":0,"skipped":0,"pct":0},"statements":{"total":31,"covered":4,"skipped":0,"pct":12.9},"branches":{"total":22,"covered":0,"skipped":0,"pct":0}}
,"/home/htchen/console-core-service-sherpa/app/service/sonata/quote.js": {"lines":{"total":30,"covered":3,"skipped":0,"pct":10},"functions":{"total":9,"covered":0,"skipped":0,"pct":0},"statements":{"total":30,"covered":3,"skipped":0,"pct":10},"branches":{"total":16,"covered":0,"skipped":0,"pct":0}}
,"/home/htchen/console-core-service-sherpa/app/service/sonata/sonataBackEnd.js": {"lines":{"total":12,"covered":2,"skipped":0,"pct":16.67},"functions":{"total":1,"covered":0,"skipped":0,"pct":0},"statements":{"total":12,"covered":2,"skipped":0,"pct":16.67},"branches":{"total":5,"covered":0,"skipped":0,"pct":0}}
,"/home/htchen/console-core-service-sherpa/app/service/ums/agent.js": {"lines":{"total":32,"covered":3,"skipped":0,"pct":9.38},"functions":{"total":12,"covered":0,"skipped":0,"pct":0},"statements":{"total":32,"covered":3,"skipped":0,"pct":9.38},"branches":{"total":10,"covered":0,"skipped":0,"pct":0}}
,"/home/htchen/console-core-service-sherpa/app/service/ums/company.js": {"lines":{"total":68,"covered":3,"skipped":0,"pct":4.41},"functions":{"total":14,"covered":0,"skipped":0,"pct":0},"statements":{"total":68,"covered":3,"skipped":0,"pct":4.41},"branches":{"total":49,"covered":0,"skipped":0,"pct":0}}
,"/home/htchen/console-core-service-sherpa/app/service/ums/external.js": {"lines":{"total":20,"covered":2,"skipped":0,"pct":10},"functions":{"total":5,"covered":0,"skipped":0,"pct":0},"statements":{"total":20,"covered":2,"skipped":0,"pct":10},"branches":{"total":2,"covered":0,"skipped":0,"pct":0}}
,"/home/htchen/console-core-service-sherpa/app/service/ums/member.js": {"lines":{"total":22,"covered":3,"skipped":0,"pct":13.64},"functions":{"total":7,"covered":0,"skipped":0,"pct":0},"statements":{"total":23,"covered":3,"skipped":0,"pct":13.04},"branches":{"total":6,"covered":0,"skipped":0,"pct":0}}
,"/home/htchen/console-core-service-sherpa/app/service/ums/ums.js": {"lines":{"total":17,"covered":2,"skipped":0,"pct":11.76},"functions":{"total":1,"covered":0,"skipped":0,"pct":0},"statements":{"total":17,"covered":2,"skipped":0,"pct":11.76},"branches":{"total":12,"covered":0,"skipped":0,"pct":0}}
,"/home/htchen/console-core-service-sherpa/app/service/ums/user.js": {"lines":{"total":29,"covered":3,"skipped":0,"pct":10.34},"functions":{"total":7,"covered":0,"skipped":0,"pct":0},"statements":{"total":29,"covered":3,"skipped":0,"pct":10.34},"branches":{"total":13,"covered":0,"skipped":0,"pct":0}}
,"/home/htchen/console-core-service-sherpa/app/service/ums/wallet.js": {"lines":{"total":18,"covered":2,"skipped":0,"pct":11.11},"functions":{"total":5,"covered":0,"skipped":0,"pct":0},"statements":{"total":18,"covered":2,"skipped":0,"pct":11.11},"branches":{"total":2,"covered":0,"skipped":0,"pct":0}}
,"/home/htchen/console-core-service-sherpa/config/config.default.js": {"lines":{"total":21,"covered":21,"skipped":0,"pct":100},"functions":{"total":1,"covered":1,"skipped":0,"pct":100},"statements":{"total":21,"covered":21,"skipped":0,"pct":100},"branches":{"total":2,"covered":1,"skipped":0,"pct":50}}
,"/home/htchen/console-core-service-sherpa/config/config.local.js": {"lines":{"total":20,"covered":20,"skipped":0,"pct":100},"functions":{"total":1,"covered":1,"skipped":0,"pct":100},"statements":{"total":20,"covered":20,"skipped":0,"pct":100},"branches":{"total":2,"covered":1,"skipped":0,"pct":50}}
,"/home/htchen/console-core-service-sherpa/config/plugin.js": {"lines":{"total":1,"covered":1,"skipped":0,"pct":100},"functions":{"total":0,"covered":0,"skipped":0,"pct":100},"statements":{"total":1,"covered":1,"skipped":0,"pct":100},"branches":{"total":0,"covered":0,"skipped":0,"pct":100}}
,"/home/htchen/console-core-service-sherpa/mockData/apisManagement.js": {"lines":{"total":5,"covered":2,"skipped":0,"pct":40},"functions":{"total":3,"covered":0,"skipped":0,"pct":0},"statements":{"total":5,"covered":2,"skipped":0,"pct":40},"branches":{"total":1,"covered":0,"skipped":0,"pct":0}}
,"/home/htchen/console-core-service-sherpa/mockData/roleManagement.js": {"lines":{"total":7,"covered":4,"skipped":0,"pct":57.14},"functions":{"total":4,"covered":0,"skipped":0,"pct":0},"statements":{"total":8,"covered":4,"skipped":0,"pct":50},"branches":{"total":0,"covered":0,"skipped":0,"pct":100}}
,"/home/htchen/console-core-service-sherpa/scripts/js/nacl.js": {"lines":{"total":713,"covered":89,"skipped":0,"pct":12.48},"functions":{"total":94,"covered":5,"skipped":0,"pct":5.32},"statements":{"total":860,"covered":94,"skipped":0,"pct":10.93},"branches":{"total":120,"covered":12,"skipped":0,"pct":10}}
}
