{"total": {"lines":{"total":3941,"covered":896,"skipped":0,"pct":22.74},"statements":{"total":4127,"covered":906,"skipped":0,"pct":21.95},"functions":{"total":682,"covered":95,"skipped":0,"pct":13.93},"branches":{"total":920,"covered":112,"skipped":0,"pct":12.17}}
,"/home/pingli/workspace/repository/pccw/demo/sherpa-api/console-core-service-sherpa/app/router.js": {"lines":{"total":32,"covered":32,"skipped":0,"pct":100},"functions":{"total":1,"covered":1,"skipped":0,"pct":100},"statements":{"total":32,"covered":32,"skipped":0,"pct":100},"branches":{"total":0,"covered":0,"skipped":0,"pct":100}}
,"/home/pingli/workspace/repository/pccw/demo/sherpa-api/console-core-service-sherpa/app/contract/contract.js": {"lines":{"total":1,"covered":1,"skipped":0,"pct":100},"functions":{"total":0,"covered":0,"skipped":0,"pct":100},"statements":{"total":1,"covered":1,"skipped":0,"pct":100},"branches":{"total":0,"covered":0,"skipped":0,"pct":100}}
,"/home/pingli/workspace/repository/pccw/demo/sherpa-api/console-core-service-sherpa/app/contract/gateway.js": {"lines":{"total":1,"covered":1,"skipped":0,"pct":100},"functions":{"total":0,"covered":0,"skipped":0,"pct":100},"statements":{"total":1,"covered":1,"skipped":0,"pct":100},"branches":{"total":0,"covered":0,"skipped":0,"pct":100}}
,"/home/pingli/workspace/repository/pccw/demo/sherpa-api/console-core-service-sherpa/app/contract/generic.js": {"lines":{"total":1,"covered":1,"skipped":0,"pct":100},"functions":{"total":0,"covered":0,"skipped":0,"pct":100},"statements":{"total":1,"covered":1,"skipped":0,"pct":100},"branches":{"total":0,"covered":0,"skipped":0,"pct":100}}
,"/home/pingli/workspace/repository/pccw/demo/sherpa-api/console-core-service-sherpa/app/contract/qlc.js": {"lines":{"total":1,"covered":1,"skipped":0,"pct":100},"functions":{"total":0,"covered":0,"skipped":0,"pct":100},"statements":{"total":1,"covered":1,"skipped":0,"pct":100},"branches":{"total":0,"covered":0,"skipped":0,"pct":100}}
,"/home/pingli/workspace/repository/pccw/demo/sherpa-api/console-core-service-sherpa/app/contract/role.js": {"lines":{"total":1,"covered":1,"skipped":0,"pct":100},"functions":{"total":0,"covered":0,"skipped":0,"pct":100},"statements":{"total":1,"covered":1,"skipped":0,"pct":100},"branches":{"total":0,"covered":0,"skipped":0,"pct":100}}
,"/home/pingli/workspace/repository/pccw/demo/sherpa-api/console-core-service-sherpa/app/contract/rpc.js": {"lines":{"total":1,"covered":1,"skipped":0,"pct":100},"functions":{"total":0,"covered":0,"skipped":0,"pct":100},"statements":{"total":1,"covered":1,"skipped":0,"pct":100},"branches":{"total":0,"covered":0,"skipped":0,"pct":100}}
,"/home/pingli/workspace/repository/pccw/demo/sherpa-api/console-core-service-sherpa/app/contract/singlespa.js": {"lines":{"total":1,"covered":1,"skipped":0,"pct":100},"functions":{"total":0,"covered":0,"skipped":0,"pct":100},"statements":{"total":1,"covered":1,"skipped":0,"pct":100},"branches":{"total":0,"covered":0,"skipped":0,"pct":100}}
,"/home/pingli/workspace/repository/pccw/demo/sherpa-api/console-core-service-sherpa/app/contract/consoleconnect/connection.js": {"lines":{"total":1,"covered":1,"skipped":0,"pct":100},"functions":{"total":0,"covered":0,"skipped":0,"pct":100},"statements":{"total":1,"covered":1,"skipped":0,"pct":100},"branches":{"total":0,"covered":0,"skipped":0,"pct":100}}
,"/home/pingli/workspace/repository/pccw/demo/sherpa-api/console-core-service-sherpa/app/contract/consoleconnect/port.js": {"lines":{"total":1,"covered":1,"skipped":0,"pct":100},"functions":{"total":0,"covered":0,"skipped":0,"pct":100},"statements":{"total":1,"covered":1,"skipped":0,"pct":100},"branches":{"total":0,"covered":0,"skipped":0,"pct":100}}
,"/home/pingli/workspace/repository/pccw/demo/sherpa-api/console-core-service-sherpa/app/contract/consoleconnect/utilization.js": {"lines":{"total":1,"covered":1,"skipped":0,"pct":100},"functions":{"total":0,"covered":0,"skipped":0,"pct":100},"statements":{"total":1,"covered":1,"skipped":0,"pct":100},"branches":{"total":0,"covered":0,"skipped":0,"pct":100}}
,"/home/pingli/workspace/repository/pccw/demo/sherpa-api/console-core-service-sherpa/app/contract/cpq/offering.js": {"lines":{"total":1,"covered":1,"skipped":0,"pct":100},"functions":{"total":0,"covered":0,"skipped":0,"pct":100},"statements":{"total":1,"covered":1,"skipped":0,"pct":100},"branches":{"total":0,"covered":0,"skipped":0,"pct":100}}
,"/home/pingli/workspace/repository/pccw/demo/sherpa-api/console-core-service-sherpa/app/contract/cpq/product.js": {"lines":{"total":1,"covered":1,"skipped":0,"pct":100},"functions":{"total":0,"covered":0,"skipped":0,"pct":100},"statements":{"total":1,"covered":1,"skipped":0,"pct":100},"branches":{"total":0,"covered":0,"skipped":0,"pct":100}}
,"/home/pingli/workspace/repository/pccw/demo/sherpa-api/console-core-service-sherpa/app/contract/cpq/quote.js": {"lines":{"total":1,"covered":1,"skipped":0,"pct":100},"functions":{"total":0,"covered":0,"skipped":0,"pct":100},"statements":{"total":1,"covered":1,"skipped":0,"pct":100},"branches":{"total":0,"covered":0,"skipped":0,"pct":100}}
,"/home/pingli/workspace/repository/pccw/demo/sherpa-api/console-core-service-sherpa/app/contract/oms/order.js": {"lines":{"total":1,"covered":1,"skipped":0,"pct":100},"functions":{"total":0,"covered":0,"skipped":0,"pct":100},"statements":{"total":1,"covered":1,"skipped":0,"pct":100},"branches":{"total":0,"covered":0,"skipped":0,"pct":100}}
,"/home/pingli/workspace/repository/pccw/demo/sherpa-api/console-core-service-sherpa/app/contract/oms/productinstance.js": {"lines":{"total":1,"covered":1,"skipped":0,"pct":100},"functions":{"total":0,"covered":0,"skipped":0,"pct":100},"statements":{"total":1,"covered":1,"skipped":0,"pct":100},"branches":{"total":0,"covered":0,"skipped":0,"pct":100}}
,"/home/pingli/workspace/repository/pccw/demo/sherpa-api/console-core-service-sherpa/app/contract/sonata/productInventory.js": {"lines":{"total":1,"covered":1,"skipped":0,"pct":100},"functions":{"total":0,"covered":0,"skipped":0,"pct":100},"statements":{"total":1,"covered":1,"skipped":0,"pct":100},"branches":{"total":0,"covered":0,"skipped":0,"pct":100}}
,"/home/pingli/workspace/repository/pccw/demo/sherpa-api/console-core-service-sherpa/app/contract/sonata/productOrder.js": {"lines":{"total":1,"covered":1,"skipped":0,"pct":100},"functions":{"total":0,"covered":0,"skipped":0,"pct":100},"statements":{"total":1,"covered":1,"skipped":0,"pct":100},"branches":{"total":0,"covered":0,"skipped":0,"pct":100}}
,"/home/pingli/workspace/repository/pccw/demo/sherpa-api/console-core-service-sherpa/app/contract/sonata/quote.js": {"lines":{"total":1,"covered":1,"skipped":0,"pct":100},"functions":{"total":0,"covered":0,"skipped":0,"pct":100},"statements":{"total":1,"covered":1,"skipped":0,"pct":100},"branches":{"total":0,"covered":0,"skipped":0,"pct":100}}
,"/home/pingli/workspace/repository/pccw/demo/sherpa-api/console-core-service-sherpa/app/contract/user/agent.js": {"lines":{"total":1,"covered":1,"skipped":0,"pct":100},"functions":{"total":0,"covered":0,"skipped":0,"pct":100},"statements":{"total":1,"covered":1,"skipped":0,"pct":100},"branches":{"total":0,"covered":0,"skipped":0,"pct":100}}
,"/home/pingli/workspace/repository/pccw/demo/sherpa-api/console-core-service-sherpa/app/contract/user/company.js": {"lines":{"total":1,"covered":1,"skipped":0,"pct":100},"functions":{"total":0,"covered":0,"skipped":0,"pct":100},"statements":{"total":1,"covered":1,"skipped":0,"pct":100},"branches":{"total":0,"covered":0,"skipped":0,"pct":100}}
,"/home/pingli/workspace/repository/pccw/demo/sherpa-api/console-core-service-sherpa/app/contract/user/external.js": {"lines":{"total":1,"covered":1,"skipped":0,"pct":100},"functions":{"total":0,"covered":0,"skipped":0,"pct":100},"statements":{"total":1,"covered":1,"skipped":0,"pct":100},"branches":{"total":0,"covered":0,"skipped":0,"pct":100}}
,"/home/pingli/workspace/repository/pccw/demo/sherpa-api/console-core-service-sherpa/app/contract/user/member.js": {"lines":{"total":1,"covered":1,"skipped":0,"pct":100},"functions":{"total":0,"covered":0,"skipped":0,"pct":100},"statements":{"total":1,"covered":1,"skipped":0,"pct":100},"branches":{"total":0,"covered":0,"skipped":0,"pct":100}}
,"/home/pingli/workspace/repository/pccw/demo/sherpa-api/console-core-service-sherpa/app/contract/user/wallet.js": {"lines":{"total":1,"covered":1,"skipped":0,"pct":100},"functions":{"total":0,"covered":0,"skipped":0,"pct":100},"statements":{"total":1,"covered":1,"skipped":0,"pct":100},"branches":{"total":0,"covered":0,"skipped":0,"pct":100}}
,"/home/pingli/workspace/repository/pccw/demo/sherpa-api/console-core-service-sherpa/app/contract/workflow/worker.js": {"lines":{"total":1,"covered":1,"skipped":0,"pct":100},"functions":{"total":0,"covered":0,"skipped":0,"pct":100},"statements":{"total":1,"covered":1,"skipped":0,"pct":100},"branches":{"total":0,"covered":0,"skipped":0,"pct":100}}
,"/home/pingli/workspace/repository/pccw/demo/sherpa-api/console-core-service-sherpa/app/controller/apis.js": {"lines":{"total":24,"covered":2,"skipped":0,"pct":8.33},"functions":{"total":6,"covered":0,"skipped":0,"pct":0},"statements":{"total":24,"covered":2,"skipped":0,"pct":8.33},"branches":{"total":0,"covered":0,"skipped":0,"pct":100}}
,"/home/pingli/workspace/repository/pccw/demo/sherpa-api/console-core-service-sherpa/app/controller/base.js": {"lines":{"total":5,"covered":4,"skipped":0,"pct":80},"functions":{"total":2,"covered":1,"skipped":0,"pct":50},"statements":{"total":5,"covered":4,"skipped":0,"pct":80},"branches":{"total":0,"covered":0,"skipped":0,"pct":100}}
,"/home/pingli/workspace/repository/pccw/demo/sherpa-api/console-core-service-sherpa/app/controller/contract.js": {"lines":{"total":7,"covered":2,"skipped":0,"pct":28.57},"functions":{"total":1,"covered":0,"skipped":0,"pct":0},"statements":{"total":7,"covered":2,"skipped":0,"pct":28.57},"branches":{"total":0,"covered":0,"skipped":0,"pct":100}}
,"/home/pingli/workspace/repository/pccw/demo/sherpa-api/console-core-service-sherpa/app/controller/endpoint.js": {"lines":{"total":5,"covered":2,"skipped":0,"pct":40},"functions":{"total":1,"covered":0,"skipped":0,"pct":0},"statements":{"total":5,"covered":2,"skipped":0,"pct":40},"branches":{"total":0,"covered":0,"skipped":0,"pct":100}}
,"/home/pingli/workspace/repository/pccw/demo/sherpa-api/console-core-service-sherpa/app/controller/heartbeat.js": {"lines":{"total":9,"covered":5,"skipped":0,"pct":55.56},"functions":{"total":2,"covered":1,"skipped":0,"pct":50},"statements":{"total":9,"covered":5,"skipped":0,"pct":55.56},"branches":{"total":0,"covered":0,"skipped":0,"pct":100}}
,"/home/pingli/workspace/repository/pccw/demo/sherpa-api/console-core-service-sherpa/app/controller/role.js": {"lines":{"total":18,"covered":2,"skipped":0,"pct":11.11},"functions":{"total":4,"covered":0,"skipped":0,"pct":0},"statements":{"total":18,"covered":2,"skipped":0,"pct":11.11},"branches":{"total":0,"covered":0,"skipped":0,"pct":100}}
,"/home/pingli/workspace/repository/pccw/demo/sherpa-api/console-core-service-sherpa/app/controller/singlespa.js": {"lines":{"total":33,"covered":32,"skipped":0,"pct":96.97},"functions":{"total":6,"covered":6,"skipped":0,"pct":100},"statements":{"total":33,"covered":32,"skipped":0,"pct":96.97},"branches":{"total":4,"covered":2,"skipped":0,"pct":50}}
,"/home/pingli/workspace/repository/pccw/demo/sherpa-api/console-core-service-sherpa/app/controller/consoleconnect/connection.js": {"lines":{"total":18,"covered":3,"skipped":0,"pct":16.67},"functions":{"total":3,"covered":0,"skipped":0,"pct":0},"statements":{"total":18,"covered":3,"skipped":0,"pct":16.67},"branches":{"total":4,"covered":0,"skipped":0,"pct":0}}
,"/home/pingli/workspace/repository/pccw/demo/sherpa-api/console-core-service-sherpa/app/controller/consoleconnect/port.js": {"lines":{"total":18,"covered":3,"skipped":0,"pct":16.67},"functions":{"total":3,"covered":0,"skipped":0,"pct":0},"statements":{"total":18,"covered":3,"skipped":0,"pct":16.67},"branches":{"total":4,"covered":0,"skipped":0,"pct":0}}
,"/home/pingli/workspace/repository/pccw/demo/sherpa-api/console-core-service-sherpa/app/controller/cpq/offering.js": {"lines":{"total":13,"covered":3,"skipped":0,"pct":23.08},"functions":{"total":2,"covered":0,"skipped":0,"pct":0},"statements":{"total":13,"covered":3,"skipped":0,"pct":23.08},"branches":{"total":4,"covered":0,"skipped":0,"pct":0}}
,"/home/pingli/workspace/repository/pccw/demo/sherpa-api/console-core-service-sherpa/app/controller/cpq/product.js": {"lines":{"total":13,"covered":3,"skipped":0,"pct":23.08},"functions":{"total":2,"covered":0,"skipped":0,"pct":0},"statements":{"total":13,"covered":3,"skipped":0,"pct":23.08},"branches":{"total":4,"covered":0,"skipped":0,"pct":0}}
,"/home/pingli/workspace/repository/pccw/demo/sherpa-api/console-core-service-sherpa/app/controller/cpq/quote.js": {"lines":{"total":16,"covered":3,"skipped":0,"pct":18.75},"functions":{"total":3,"covered":0,"skipped":0,"pct":0},"statements":{"total":16,"covered":3,"skipped":0,"pct":18.75},"branches":{"total":4,"covered":0,"skipped":0,"pct":0}}
,"/home/pingli/workspace/repository/pccw/demo/sherpa-api/console-core-service-sherpa/app/controller/gateway/application.js": {"lines":{"total":28,"covered":28,"skipped":0,"pct":100},"functions":{"total":5,"covered":5,"skipped":0,"pct":100},"statements":{"total":28,"covered":28,"skipped":0,"pct":100},"branches":{"total":4,"covered":4,"skipped":0,"pct":100}}
,"/home/pingli/workspace/repository/pccw/demo/sherpa-api/console-core-service-sherpa/app/controller/gateway/dashboard.js": {"lines":{"total":15,"covered":2,"skipped":0,"pct":13.33},"functions":{"total":4,"covered":0,"skipped":0,"pct":0},"statements":{"total":15,"covered":2,"skipped":0,"pct":13.33},"branches":{"total":0,"covered":0,"skipped":0,"pct":100}}
,"/home/pingli/workspace/repository/pccw/demo/sherpa-api/console-core-service-sherpa/app/controller/gateway/key.js": {"lines":{"total":28,"covered":3,"skipped":0,"pct":10.71},"functions":{"total":5,"covered":0,"skipped":0,"pct":0},"statements":{"total":28,"covered":3,"skipped":0,"pct":10.71},"branches":{"total":4,"covered":0,"skipped":0,"pct":0}}
,"/home/pingli/workspace/repository/pccw/demo/sherpa-api/console-core-service-sherpa/app/controller/gateway/policy.js": {"lines":{"total":28,"covered":28,"skipped":0,"pct":100},"functions":{"total":5,"covered":5,"skipped":0,"pct":100},"statements":{"total":28,"covered":28,"skipped":0,"pct":100},"branches":{"total":4,"covered":2,"skipped":0,"pct":50}}
,"/home/pingli/workspace/repository/pccw/demo/sherpa-api/console-core-service-sherpa/app/controller/gateway/service.js": {"lines":{"total":28,"covered":28,"skipped":0,"pct":100},"functions":{"total":5,"covered":5,"skipped":0,"pct":100},"statements":{"total":28,"covered":28,"skipped":0,"pct":100},"branches":{"total":4,"covered":2,"skipped":0,"pct":50}}
,"/home/pingli/workspace/repository/pccw/demo/sherpa-api/console-core-service-sherpa/app/controller/oms/order.js": {"lines":{"total":29,"covered":2,"skipped":0,"pct":6.9},"functions":{"total":7,"covered":0,"skipped":0,"pct":0},"statements":{"total":29,"covered":2,"skipped":0,"pct":6.9},"branches":{"total":12,"covered":0,"skipped":0,"pct":0}}
,"/home/pingli/workspace/repository/pccw/demo/sherpa-api/console-core-service-sherpa/app/controller/oms/product.js": {"lines":{"total":14,"covered":3,"skipped":0,"pct":21.43},"functions":{"total":2,"covered":0,"skipped":0,"pct":0},"statements":{"total":14,"covered":3,"skipped":0,"pct":21.43},"branches":{"total":4,"covered":0,"skipped":0,"pct":0}}
,"/home/pingli/workspace/repository/pccw/demo/sherpa-api/console-core-service-sherpa/app/controller/qlc/rpc.js": {"lines":{"total":856,"covered":4,"skipped":0,"pct":0.47},"functions":{"total":85,"covered":0,"skipped":0,"pct":0},"statements":{"total":860,"covered":4,"skipped":0,"pct":0.47},"branches":{"total":190,"covered":0,"skipped":0,"pct":0}}
,"/home/pingli/workspace/repository/pccw/demo/sherpa-api/console-core-service-sherpa/app/controller/sonata/productInventory.js": {"lines":{"total":16,"covered":3,"skipped":0,"pct":18.75},"functions":{"total":2,"covered":0,"skipped":0,"pct":0},"statements":{"total":16,"covered":3,"skipped":0,"pct":18.75},"branches":{"total":4,"covered":0,"skipped":0,"pct":0}}
,"/home/pingli/workspace/repository/pccw/demo/sherpa-api/console-core-service-sherpa/app/controller/sonata/productOffering.js": {"lines":{"total":27,"covered":3,"skipped":0,"pct":11.11},"functions":{"total":3,"covered":0,"skipped":0,"pct":0},"statements":{"total":27,"covered":3,"skipped":0,"pct":11.11},"branches":{"total":8,"covered":0,"skipped":0,"pct":0}}
,"/home/pingli/workspace/repository/pccw/demo/sherpa-api/console-core-service-sherpa/app/controller/sonata/productOrder.js": {"lines":{"total":19,"covered":3,"skipped":0,"pct":15.79},"functions":{"total":3,"covered":0,"skipped":0,"pct":0},"statements":{"total":19,"covered":3,"skipped":0,"pct":15.79},"branches":{"total":4,"covered":0,"skipped":0,"pct":0}}
,"/home/pingli/workspace/repository/pccw/demo/sherpa-api/console-core-service-sherpa/app/controller/sonata/quote.js": {"lines":{"total":20,"covered":3,"skipped":0,"pct":15},"functions":{"total":3,"covered":0,"skipped":0,"pct":0},"statements":{"total":20,"covered":3,"skipped":0,"pct":15},"branches":{"total":4,"covered":0,"skipped":0,"pct":0}}
,"/home/pingli/workspace/repository/pccw/demo/sherpa-api/console-core-service-sherpa/app/controller/ums/agent.js": {"lines":{"total":24,"covered":3,"skipped":0,"pct":12.5},"functions":{"total":5,"covered":0,"skipped":0,"pct":0},"statements":{"total":24,"covered":3,"skipped":0,"pct":12.5},"branches":{"total":4,"covered":0,"skipped":0,"pct":0}}
,"/home/pingli/workspace/repository/pccw/demo/sherpa-api/console-core-service-sherpa/app/controller/ums/auth.js": {"lines":{"total":9,"covered":2,"skipped":0,"pct":22.22},"functions":{"total":3,"covered":0,"skipped":0,"pct":0},"statements":{"total":9,"covered":2,"skipped":0,"pct":22.22},"branches":{"total":0,"covered":0,"skipped":0,"pct":100}}
,"/home/pingli/workspace/repository/pccw/demo/sherpa-api/console-core-service-sherpa/app/controller/ums/company.js": {"lines":{"total":25,"covered":3,"skipped":0,"pct":12},"functions":{"total":5,"covered":0,"skipped":0,"pct":0},"statements":{"total":25,"covered":3,"skipped":0,"pct":12},"branches":{"total":4,"covered":0,"skipped":0,"pct":0}}
,"/home/pingli/workspace/repository/pccw/demo/sherpa-api/console-core-service-sherpa/app/controller/ums/external.js": {"lines":{"total":21,"covered":2,"skipped":0,"pct":9.52},"functions":{"total":5,"covered":0,"skipped":0,"pct":0},"statements":{"total":21,"covered":2,"skipped":0,"pct":9.52},"branches":{"total":0,"covered":0,"skipped":0,"pct":100}}
,"/home/pingli/workspace/repository/pccw/demo/sherpa-api/console-core-service-sherpa/app/controller/ums/member.js": {"lines":{"total":26,"covered":3,"skipped":0,"pct":11.54},"functions":{"total":5,"covered":0,"skipped":0,"pct":0},"statements":{"total":26,"covered":3,"skipped":0,"pct":11.54},"branches":{"total":4,"covered":0,"skipped":0,"pct":0}}
,"/home/pingli/workspace/repository/pccw/demo/sherpa-api/console-core-service-sherpa/app/controller/ums/user.js": {"lines":{"total":22,"covered":3,"skipped":0,"pct":13.64},"functions":{"total":4,"covered":0,"skipped":0,"pct":0},"statements":{"total":22,"covered":3,"skipped":0,"pct":13.64},"branches":{"total":4,"covered":0,"skipped":0,"pct":0}}
,"/home/pingli/workspace/repository/pccw/demo/sherpa-api/console-core-service-sherpa/app/controller/ums/wallet.js": {"lines":{"total":21,"covered":2,"skipped":0,"pct":9.52},"functions":{"total":5,"covered":0,"skipped":0,"pct":0},"statements":{"total":21,"covered":2,"skipped":0,"pct":9.52},"branches":{"total":0,"covered":0,"skipped":0,"pct":100}}
,"/home/pingli/workspace/repository/pccw/demo/sherpa-api/console-core-service-sherpa/app/controller/workflow/definition.js": {"lines":{"total":35,"covered":3,"skipped":0,"pct":8.57},"functions":{"total":6,"covered":0,"skipped":0,"pct":0},"statements":{"total":35,"covered":3,"skipped":0,"pct":8.57},"branches":{"total":4,"covered":0,"skipped":0,"pct":0}}
,"/home/pingli/workspace/repository/pccw/demo/sherpa-api/console-core-service-sherpa/app/controller/workflow/versions.js": {"lines":{"total":9,"covered":2,"skipped":0,"pct":22.22},"functions":{"total":2,"covered":0,"skipped":0,"pct":0},"statements":{"total":9,"covered":2,"skipped":0,"pct":22.22},"branches":{"total":0,"covered":0,"skipped":0,"pct":100}}
,"/home/pingli/workspace/repository/pccw/demo/sherpa-api/console-core-service-sherpa/app/controller/workflow/worker.js": {"lines":{"total":30,"covered":3,"skipped":0,"pct":10},"functions":{"total":6,"covered":0,"skipped":0,"pct":0},"statements":{"total":30,"covered":3,"skipped":0,"pct":10},"branches":{"total":6,"covered":0,"skipped":0,"pct":0}}
,"/home/pingli/workspace/repository/pccw/demo/sherpa-api/console-core-service-sherpa/app/extend/helper.js": {"lines":{"total":27,"covered":6,"skipped":0,"pct":22.22},"functions":{"total":8,"covered":2,"skipped":0,"pct":25},"statements":{"total":29,"covered":7,"skipped":0,"pct":24.14},"branches":{"total":12,"covered":4,"skipped":0,"pct":33.33}}
,"/home/pingli/workspace/repository/pccw/demo/sherpa-api/console-core-service-sherpa/app/middleware/auth.js": {"lines":{"total":14,"covered":8,"skipped":0,"pct":57.14},"functions":{"total":4,"covered":4,"skipped":0,"pct":100},"statements":{"total":16,"covered":10,"skipped":0,"pct":62.5},"branches":{"total":10,"covered":5,"skipped":0,"pct":50}}
,"/home/pingli/workspace/repository/pccw/demo/sherpa-api/console-core-service-sherpa/app/middleware/error_handler.js": {"lines":{"total":10,"covered":10,"skipped":0,"pct":100},"functions":{"total":2,"covered":2,"skipped":0,"pct":100},"statements":{"total":10,"covered":10,"skipped":0,"pct":100},"branches":{"total":8,"covered":5,"skipped":0,"pct":62.5}}
,"/home/pingli/workspace/repository/pccw/demo/sherpa-api/console-core-service-sherpa/app/model/application.js": {"lines":{"total":6,"covered":6,"skipped":0,"pct":100},"functions":{"total":2,"covered":2,"skipped":0,"pct":100},"statements":{"total":6,"covered":6,"skipped":0,"pct":100},"branches":{"total":2,"covered":2,"skipped":0,"pct":100}}
,"/home/pingli/workspace/repository/pccw/demo/sherpa-api/console-core-service-sherpa/app/model/key.js": {"lines":{"total":10,"covered":9,"skipped":0,"pct":90},"functions":{"total":3,"covered":2,"skipped":0,"pct":66.67},"statements":{"total":10,"covered":9,"skipped":0,"pct":90},"branches":{"total":2,"covered":2,"skipped":0,"pct":100}}
,"/home/pingli/workspace/repository/pccw/demo/sherpa-api/console-core-service-sherpa/app/model/policy.js": {"lines":{"total":6,"covered":6,"skipped":0,"pct":100},"functions":{"total":2,"covered":2,"skipped":0,"pct":100},"statements":{"total":6,"covered":6,"skipped":0,"pct":100},"branches":{"total":2,"covered":2,"skipped":0,"pct":100}}
,"/home/pingli/workspace/repository/pccw/demo/sherpa-api/console-core-service-sherpa/app/model/policy_keys.js": {"lines":{"total":4,"covered":4,"skipped":0,"pct":100},"functions":{"total":1,"covered":1,"skipped":0,"pct":100},"statements":{"total":4,"covered":4,"skipped":0,"pct":100},"branches":{"total":2,"covered":2,"skipped":0,"pct":100}}
,"/home/pingli/workspace/repository/pccw/demo/sherpa-api/console-core-service-sherpa/app/model/service.js": {"lines":{"total":6,"covered":6,"skipped":0,"pct":100},"functions":{"total":2,"covered":2,"skipped":0,"pct":100},"statements":{"total":6,"covered":6,"skipped":0,"pct":100},"branches":{"total":2,"covered":2,"skipped":0,"pct":100}}
,"/home/pingli/workspace/repository/pccw/demo/sherpa-api/console-core-service-sherpa/app/model/service_keys.js": {"lines":{"total":4,"covered":4,"skipped":0,"pct":100},"functions":{"total":1,"covered":1,"skipped":0,"pct":100},"statements":{"total":4,"covered":4,"skipped":0,"pct":100},"branches":{"total":2,"covered":2,"skipped":0,"pct":100}}
,"/home/pingli/workspace/repository/pccw/demo/sherpa-api/console-core-service-sherpa/app/model/singlespa.js": {"lines":{"total":4,"covered":4,"skipped":0,"pct":100},"functions":{"total":1,"covered":1,"skipped":0,"pct":100},"statements":{"total":4,"covered":4,"skipped":0,"pct":100},"branches":{"total":2,"covered":2,"skipped":0,"pct":100}}
,"/home/pingli/workspace/repository/pccw/demo/sherpa-api/console-core-service-sherpa/app/router/consoleconnect.js": {"lines":{"total":7,"covered":7,"skipped":0,"pct":100},"functions":{"total":1,"covered":1,"skipped":0,"pct":100},"statements":{"total":7,"covered":7,"skipped":0,"pct":100},"branches":{"total":0,"covered":0,"skipped":0,"pct":100}}
,"/home/pingli/workspace/repository/pccw/demo/sherpa-api/console-core-service-sherpa/app/router/cpq.js": {"lines":{"total":5,"covered":5,"skipped":0,"pct":100},"functions":{"total":1,"covered":1,"skipped":0,"pct":100},"statements":{"total":5,"covered":5,"skipped":0,"pct":100},"branches":{"total":0,"covered":0,"skipped":0,"pct":100}}
,"/home/pingli/workspace/repository/pccw/demo/sherpa-api/console-core-service-sherpa/app/router/gateway.js": {"lines":{"total":11,"covered":11,"skipped":0,"pct":100},"functions":{"total":1,"covered":1,"skipped":0,"pct":100},"statements":{"total":11,"covered":11,"skipped":0,"pct":100},"branches":{"total":0,"covered":0,"skipped":0,"pct":100}}
,"/home/pingli/workspace/repository/pccw/demo/sherpa-api/console-core-service-sherpa/app/router/oms.js": {"lines":{"total":6,"covered":6,"skipped":0,"pct":100},"functions":{"total":1,"covered":1,"skipped":0,"pct":100},"statements":{"total":6,"covered":6,"skipped":0,"pct":100},"branches":{"total":0,"covered":0,"skipped":0,"pct":100}}
,"/home/pingli/workspace/repository/pccw/demo/sherpa-api/console-core-service-sherpa/app/router/rpc.js": {"lines":{"total":80,"covered":80,"skipped":0,"pct":100},"functions":{"total":1,"covered":1,"skipped":0,"pct":100},"statements":{"total":80,"covered":80,"skipped":0,"pct":100},"branches":{"total":0,"covered":0,"skipped":0,"pct":100}}
,"/home/pingli/workspace/repository/pccw/demo/sherpa-api/console-core-service-sherpa/app/router/sonata.js": {"lines":{"total":13,"covered":13,"skipped":0,"pct":100},"functions":{"total":1,"covered":1,"skipped":0,"pct":100},"statements":{"total":13,"covered":13,"skipped":0,"pct":100},"branches":{"total":0,"covered":0,"skipped":0,"pct":100}}
,"/home/pingli/workspace/repository/pccw/demo/sherpa-api/console-core-service-sherpa/app/service/apis.js": {"lines":{"total":7,"covered":3,"skipped":0,"pct":42.86},"functions":{"total":2,"covered":0,"skipped":0,"pct":0},"statements":{"total":7,"covered":3,"skipped":0,"pct":42.86},"branches":{"total":0,"covered":0,"skipped":0,"pct":100}}
,"/home/pingli/workspace/repository/pccw/demo/sherpa-api/console-core-service-sherpa/app/service/backend.js": {"lines":{"total":13,"covered":2,"skipped":0,"pct":15.38},"functions":{"total":1,"covered":0,"skipped":0,"pct":0},"statements":{"total":13,"covered":2,"skipped":0,"pct":15.38},"branches":{"total":8,"covered":0,"skipped":0,"pct":0}}
,"/home/pingli/workspace/repository/pccw/demo/sherpa-api/console-core-service-sherpa/app/service/heartbeat.js": {"lines":{"total":15,"covered":4,"skipped":0,"pct":26.67},"functions":{"total":2,"covered":1,"skipped":0,"pct":50},"statements":{"total":15,"covered":4,"skipped":0,"pct":26.67},"branches":{"total":8,"covered":0,"skipped":0,"pct":0}}
,"/home/pingli/workspace/repository/pccw/demo/sherpa-api/console-core-service-sherpa/app/service/role.js": {"lines":{"total":14,"covered":3,"skipped":0,"pct":21.43},"functions":{"total":4,"covered":0,"skipped":0,"pct":0},"statements":{"total":14,"covered":3,"skipped":0,"pct":21.43},"branches":{"total":2,"covered":0,"skipped":0,"pct":0}}
,"/home/pingli/workspace/repository/pccw/demo/sherpa-api/console-core-service-sherpa/app/service/singlespa.js": {"lines":{"total":42,"covered":30,"skipped":0,"pct":71.43},"functions":{"total":6,"covered":5,"skipped":0,"pct":83.33},"statements":{"total":42,"covered":30,"skipped":0,"pct":71.43},"branches":{"total":16,"covered":9,"skipped":0,"pct":56.25}}
,"/home/pingli/workspace/repository/pccw/demo/sherpa-api/console-core-service-sherpa/app/service/util.js": {"lines":{"total":93,"covered":11,"skipped":0,"pct":11.83},"functions":{"total":12,"covered":0,"skipped":0,"pct":0},"statements":{"total":102,"covered":11,"skipped":0,"pct":10.78},"branches":{"total":15,"covered":0,"skipped":0,"pct":0}}
,"/home/pingli/workspace/repository/pccw/demo/sherpa-api/console-core-service-sherpa/app/service/consoleconnect/cc.js": {"lines":{"total":31,"covered":2,"skipped":0,"pct":6.45},"functions":{"total":3,"covered":0,"skipped":0,"pct":0},"statements":{"total":31,"covered":2,"skipped":0,"pct":6.45},"branches":{"total":19,"covered":0,"skipped":0,"pct":0}}
,"/home/pingli/workspace/repository/pccw/demo/sherpa-api/console-core-service-sherpa/app/service/consoleconnect/connection.js": {"lines":{"total":21,"covered":3,"skipped":0,"pct":14.29},"functions":{"total":6,"covered":0,"skipped":0,"pct":0},"statements":{"total":21,"covered":3,"skipped":0,"pct":14.29},"branches":{"total":5,"covered":0,"skipped":0,"pct":0}}
,"/home/pingli/workspace/repository/pccw/demo/sherpa-api/console-core-service-sherpa/app/service/consoleconnect/port.js": {"lines":{"total":19,"covered":3,"skipped":0,"pct":15.79},"functions":{"total":5,"covered":0,"skipped":0,"pct":0},"statements":{"total":20,"covered":3,"skipped":0,"pct":15},"branches":{"total":0,"covered":0,"skipped":0,"pct":100}}
,"/home/pingli/workspace/repository/pccw/demo/sherpa-api/console-core-service-sherpa/app/service/cpq/offering.js": {"lines":{"total":23,"covered":3,"skipped":0,"pct":13.04},"functions":{"total":8,"covered":0,"skipped":0,"pct":0},"statements":{"total":24,"covered":3,"skipped":0,"pct":12.5},"branches":{"total":2,"covered":0,"skipped":0,"pct":0}}
,"/home/pingli/workspace/repository/pccw/demo/sherpa-api/console-core-service-sherpa/app/service/cpq/product.js": {"lines":{"total":23,"covered":3,"skipped":0,"pct":13.04},"functions":{"total":8,"covered":0,"skipped":0,"pct":0},"statements":{"total":24,"covered":3,"skipped":0,"pct":12.5},"branches":{"total":2,"covered":0,"skipped":0,"pct":0}}
,"/home/pingli/workspace/repository/pccw/demo/sherpa-api/console-core-service-sherpa/app/service/cpq/quote.js": {"lines":{"total":23,"covered":3,"skipped":0,"pct":13.04},"functions":{"total":8,"covered":0,"skipped":0,"pct":0},"statements":{"total":24,"covered":3,"skipped":0,"pct":12.5},"branches":{"total":2,"covered":0,"skipped":0,"pct":0}}
,"/home/pingli/workspace/repository/pccw/demo/sherpa-api/console-core-service-sherpa/app/service/gateway/application.js": {"lines":{"total":45,"covered":29,"skipped":0,"pct":64.44},"functions":{"total":8,"covered":5,"skipped":0,"pct":62.5},"statements":{"total":46,"covered":29,"skipped":0,"pct":63.04},"branches":{"total":18,"covered":8,"skipped":0,"pct":44.44}}
,"/home/pingli/workspace/repository/pccw/demo/sherpa-api/console-core-service-sherpa/app/service/gateway/dashboard.js": {"lines":{"total":82,"covered":6,"skipped":0,"pct":7.32},"functions":{"total":19,"covered":0,"skipped":0,"pct":0},"statements":{"total":82,"covered":6,"skipped":0,"pct":7.32},"branches":{"total":34,"covered":0,"skipped":0,"pct":0}}
,"/home/pingli/workspace/repository/pccw/demo/sherpa-api/console-core-service-sherpa/app/service/gateway/key.js": {"lines":{"total":106,"covered":2,"skipped":0,"pct":1.89},"functions":{"total":19,"covered":0,"skipped":0,"pct":0},"statements":{"total":112,"covered":2,"skipped":0,"pct":1.79},"branches":{"total":28,"covered":0,"skipped":0,"pct":0}}
,"/home/pingli/workspace/repository/pccw/demo/sherpa-api/console-core-service-sherpa/app/service/gateway/policy.js": {"lines":{"total":108,"covered":90,"skipped":0,"pct":83.33},"functions":{"total":21,"covered":19,"skipped":0,"pct":90.48},"statements":{"total":112,"covered":92,"skipped":0,"pct":82.14},"branches":{"total":30,"covered":18,"skipped":0,"pct":60}}
,"/home/pingli/workspace/repository/pccw/demo/sherpa-api/console-core-service-sherpa/app/service/gateway/service.js": {"lines":{"total":76,"covered":61,"skipped":0,"pct":80.26},"functions":{"total":9,"covered":8,"skipped":0,"pct":88.89},"statements":{"total":79,"covered":61,"skipped":0,"pct":77.22},"branches":{"total":38,"covered":22,"skipped":0,"pct":57.89}}
,"/home/pingli/workspace/repository/pccw/demo/sherpa-api/console-core-service-sherpa/app/service/gateway/tyk.js": {"lines":{"total":17,"covered":9,"skipped":0,"pct":52.94},"functions":{"total":2,"covered":1,"skipped":0,"pct":50},"statements":{"total":17,"covered":9,"skipped":0,"pct":52.94},"branches":{"total":6,"covered":1,"skipped":0,"pct":16.67}}
,"/home/pingli/workspace/repository/pccw/demo/sherpa-api/console-core-service-sherpa/app/service/ibm/virtualServer.js": {"lines":{"total":14,"covered":2,"skipped":0,"pct":14.29},"functions":{"total":4,"covered":0,"skipped":0,"pct":0},"statements":{"total":14,"covered":2,"skipped":0,"pct":14.29},"branches":{"total":2,"covered":0,"skipped":0,"pct":0}}
,"/home/pingli/workspace/repository/pccw/demo/sherpa-api/console-core-service-sherpa/app/service/oms/order.js": {"lines":{"total":49,"covered":3,"skipped":0,"pct":6.12},"functions":{"total":13,"covered":0,"skipped":0,"pct":0},"statements":{"total":50,"covered":3,"skipped":0,"pct":6},"branches":{"total":16,"covered":0,"skipped":0,"pct":0}}
,"/home/pingli/workspace/repository/pccw/demo/sherpa-api/console-core-service-sherpa/app/service/oms/product.js": {"lines":{"total":52,"covered":3,"skipped":0,"pct":5.77},"functions":{"total":10,"covered":0,"skipped":0,"pct":0},"statements":{"total":53,"covered":3,"skipped":0,"pct":5.66},"branches":{"total":30,"covered":0,"skipped":0,"pct":0}}
,"/home/pingli/workspace/repository/pccw/demo/sherpa-api/console-core-service-sherpa/app/service/qlc/DODSettlement.js": {"lines":{"total":50,"covered":2,"skipped":0,"pct":4},"functions":{"total":24,"covered":0,"skipped":0,"pct":0},"statements":{"total":50,"covered":2,"skipped":0,"pct":4},"branches":{"total":0,"covered":0,"skipped":0,"pct":100}}
,"/home/pingli/workspace/repository/pccw/demo/sherpa-api/console-core-service-sherpa/app/service/qlc/account.js": {"lines":{"total":10,"covered":2,"skipped":0,"pct":20},"functions":{"total":4,"covered":0,"skipped":0,"pct":0},"statements":{"total":10,"covered":2,"skipped":0,"pct":20},"branches":{"total":0,"covered":0,"skipped":0,"pct":100}}
,"/home/pingli/workspace/repository/pccw/demo/sherpa-api/console-core-service-sherpa/app/service/qlc/ledger.js": {"lines":{"total":26,"covered":2,"skipped":0,"pct":7.69},"functions":{"total":12,"covered":0,"skipped":0,"pct":0},"statements":{"total":26,"covered":2,"skipped":0,"pct":7.69},"branches":{"total":0,"covered":0,"skipped":0,"pct":100}}
,"/home/pingli/workspace/repository/pccw/demo/sherpa-api/console-core-service-sherpa/app/service/qlc/net.js": {"lines":{"total":4,"covered":2,"skipped":0,"pct":50},"functions":{"total":1,"covered":0,"skipped":0,"pct":0},"statements":{"total":4,"covered":2,"skipped":0,"pct":50},"branches":{"total":0,"covered":0,"skipped":0,"pct":100}}
,"/home/pingli/workspace/repository/pccw/demo/sherpa-api/console-core-service-sherpa/app/service/qlc/permission.js": {"lines":{"total":14,"covered":2,"skipped":0,"pct":14.29},"functions":{"total":6,"covered":0,"skipped":0,"pct":0},"statements":{"total":14,"covered":2,"skipped":0,"pct":14.29},"branches":{"total":0,"covered":0,"skipped":0,"pct":100}}
,"/home/pingli/workspace/repository/pccw/demo/sherpa-api/console-core-service-sherpa/app/service/qlc/pov.js": {"lines":{"total":4,"covered":2,"skipped":0,"pct":50},"functions":{"total":1,"covered":0,"skipped":0,"pct":0},"statements":{"total":4,"covered":2,"skipped":0,"pct":50},"branches":{"total":0,"covered":0,"skipped":0,"pct":100}}
,"/home/pingli/workspace/repository/pccw/demo/sherpa-api/console-core-service-sherpa/app/service/qlc/ptmkey.js": {"lines":{"total":10,"covered":2,"skipped":0,"pct":20},"functions":{"total":4,"covered":0,"skipped":0,"pct":0},"statements":{"total":10,"covered":2,"skipped":0,"pct":20},"branches":{"total":0,"covered":0,"skipped":0,"pct":100}}
,"/home/pingli/workspace/repository/pccw/demo/sherpa-api/console-core-service-sherpa/app/service/qlc/rpc.js": {"lines":{"total":25,"covered":5,"skipped":0,"pct":20},"functions":{"total":5,"covered":0,"skipped":0,"pct":0},"statements":{"total":25,"covered":5,"skipped":0,"pct":20},"branches":{"total":5,"covered":0,"skipped":0,"pct":0}}
,"/home/pingli/workspace/repository/pccw/demo/sherpa-api/console-core-service-sherpa/app/service/qlc/settlement.js": {"lines":{"total":60,"covered":2,"skipped":0,"pct":3.33},"functions":{"total":29,"covered":0,"skipped":0,"pct":0},"statements":{"total":60,"covered":2,"skipped":0,"pct":3.33},"branches":{"total":0,"covered":0,"skipped":0,"pct":100}}
,"/home/pingli/workspace/repository/pccw/demo/sherpa-api/console-core-service-sherpa/app/service/sonata/productInventory.js": {"lines":{"total":39,"covered":3,"skipped":0,"pct":7.69},"functions":{"total":6,"covered":0,"skipped":0,"pct":0},"statements":{"total":39,"covered":3,"skipped":0,"pct":7.69},"branches":{"total":32,"covered":0,"skipped":0,"pct":0}}
,"/home/pingli/workspace/repository/pccw/demo/sherpa-api/console-core-service-sherpa/app/service/sonata/productOffering.js": {"lines":{"total":12,"covered":2,"skipped":0,"pct":16.67},"functions":{"total":5,"covered":0,"skipped":0,"pct":0},"statements":{"total":12,"covered":2,"skipped":0,"pct":16.67},"branches":{"total":4,"covered":0,"skipped":0,"pct":0}}
,"/home/pingli/workspace/repository/pccw/demo/sherpa-api/console-core-service-sherpa/app/service/sonata/productOrder.js": {"lines":{"total":31,"covered":4,"skipped":0,"pct":12.9},"functions":{"total":8,"covered":0,"skipped":0,"pct":0},"statements":{"total":31,"covered":4,"skipped":0,"pct":12.9},"branches":{"total":22,"covered":0,"skipped":0,"pct":0}}
,"/home/pingli/workspace/repository/pccw/demo/sherpa-api/console-core-service-sherpa/app/service/sonata/quote.js": {"lines":{"total":30,"covered":3,"skipped":0,"pct":10},"functions":{"total":9,"covered":0,"skipped":0,"pct":0},"statements":{"total":30,"covered":3,"skipped":0,"pct":10},"branches":{"total":16,"covered":0,"skipped":0,"pct":0}}
,"/home/pingli/workspace/repository/pccw/demo/sherpa-api/console-core-service-sherpa/app/service/sonata/sonataBackEnd.js": {"lines":{"total":12,"covered":2,"skipped":0,"pct":16.67},"functions":{"total":1,"covered":0,"skipped":0,"pct":0},"statements":{"total":12,"covered":2,"skipped":0,"pct":16.67},"branches":{"total":5,"covered":0,"skipped":0,"pct":0}}
,"/home/pingli/workspace/repository/pccw/demo/sherpa-api/console-core-service-sherpa/app/service/ums/agent.js": {"lines":{"total":32,"covered":3,"skipped":0,"pct":9.38},"functions":{"total":12,"covered":0,"skipped":0,"pct":0},"statements":{"total":32,"covered":3,"skipped":0,"pct":9.38},"branches":{"total":10,"covered":0,"skipped":0,"pct":0}}
,"/home/pingli/workspace/repository/pccw/demo/sherpa-api/console-core-service-sherpa/app/service/ums/company.js": {"lines":{"total":68,"covered":3,"skipped":0,"pct":4.41},"functions":{"total":14,"covered":0,"skipped":0,"pct":0},"statements":{"total":68,"covered":3,"skipped":0,"pct":4.41},"branches":{"total":49,"covered":0,"skipped":0,"pct":0}}
,"/home/pingli/workspace/repository/pccw/demo/sherpa-api/console-core-service-sherpa/app/service/ums/external.js": {"lines":{"total":20,"covered":2,"skipped":0,"pct":10},"functions":{"total":5,"covered":0,"skipped":0,"pct":0},"statements":{"total":20,"covered":2,"skipped":0,"pct":10},"branches":{"total":2,"covered":0,"skipped":0,"pct":0}}
,"/home/pingli/workspace/repository/pccw/demo/sherpa-api/console-core-service-sherpa/app/service/ums/member.js": {"lines":{"total":22,"covered":3,"skipped":0,"pct":13.64},"functions":{"total":7,"covered":0,"skipped":0,"pct":0},"statements":{"total":23,"covered":3,"skipped":0,"pct":13.04},"branches":{"total":6,"covered":0,"skipped":0,"pct":0}}
,"/home/pingli/workspace/repository/pccw/demo/sherpa-api/console-core-service-sherpa/app/service/ums/ums.js": {"lines":{"total":17,"covered":2,"skipped":0,"pct":11.76},"functions":{"total":1,"covered":0,"skipped":0,"pct":0},"statements":{"total":17,"covered":2,"skipped":0,"pct":11.76},"branches":{"total":12,"covered":0,"skipped":0,"pct":0}}
,"/home/pingli/workspace/repository/pccw/demo/sherpa-api/console-core-service-sherpa/app/service/ums/user.js": {"lines":{"total":29,"covered":3,"skipped":0,"pct":10.34},"functions":{"total":7,"covered":0,"skipped":0,"pct":0},"statements":{"total":29,"covered":3,"skipped":0,"pct":10.34},"branches":{"total":13,"covered":0,"skipped":0,"pct":0}}
,"/home/pingli/workspace/repository/pccw/demo/sherpa-api/console-core-service-sherpa/app/service/ums/wallet.js": {"lines":{"total":18,"covered":2,"skipped":0,"pct":11.11},"functions":{"total":5,"covered":0,"skipped":0,"pct":0},"statements":{"total":18,"covered":2,"skipped":0,"pct":11.11},"branches":{"total":2,"covered":0,"skipped":0,"pct":0}}
,"/home/pingli/workspace/repository/pccw/demo/sherpa-api/console-core-service-sherpa/config/config.default.js": {"lines":{"total":21,"covered":21,"skipped":0,"pct":100},"functions":{"total":1,"covered":1,"skipped":0,"pct":100},"statements":{"total":21,"covered":21,"skipped":0,"pct":100},"branches":{"total":2,"covered":2,"skipped":0,"pct":100}}
,"/home/pingli/workspace/repository/pccw/demo/sherpa-api/console-core-service-sherpa/config/config.local.js": {"lines":{"total":10,"covered":10,"skipped":0,"pct":100},"functions":{"total":1,"covered":1,"skipped":0,"pct":100},"statements":{"total":10,"covered":10,"skipped":0,"pct":100},"branches":{"total":2,"covered":2,"skipped":0,"pct":100}}
,"/home/pingli/workspace/repository/pccw/demo/sherpa-api/console-core-service-sherpa/config/plugin.js": {"lines":{"total":1,"covered":1,"skipped":0,"pct":100},"functions":{"total":0,"covered":0,"skipped":0,"pct":100},"statements":{"total":1,"covered":1,"skipped":0,"pct":100},"branches":{"total":0,"covered":0,"skipped":0,"pct":100}}
,"/home/pingli/workspace/repository/pccw/demo/sherpa-api/console-core-service-sherpa/mockData/apisManagement.js": {"lines":{"total":5,"covered":2,"skipped":0,"pct":40},"functions":{"total":3,"covered":0,"skipped":0,"pct":0},"statements":{"total":5,"covered":2,"skipped":0,"pct":40},"branches":{"total":1,"covered":0,"skipped":0,"pct":0}}
,"/home/pingli/workspace/repository/pccw/demo/sherpa-api/console-core-service-sherpa/mockData/roleManagement.js": {"lines":{"total":7,"covered":4,"skipped":0,"pct":57.14},"functions":{"total":4,"covered":0,"skipped":0,"pct":0},"statements":{"total":8,"covered":4,"skipped":0,"pct":50},"branches":{"total":0,"covered":0,"skipped":0,"pct":100}}
,"/home/pingli/workspace/repository/pccw/demo/sherpa-api/console-core-service-sherpa/scripts/js/nacl.js": {"lines":{"total":713,"covered":89,"skipped":0,"pct":12.48},"functions":{"total":94,"covered":5,"skipped":0,"pct":5.32},"statements":{"total":860,"covered":94,"skipped":0,"pct":10.93},"branches":{"total":120,"covered":12,"skipped":0,"pct":10}}
}
