{"/home/pingli/workspace/repository/pccw/demo/sherpa-api/console-core-service-sherpa/app/router.js": {"path":"/home/pingli/workspace/repository/pccw/demo/sherpa-api/console-core-service-sherpa/app/router.js","statementMap":{"0":{"start":{"line":6,"column":0},"end":{"line":75,"column":1}},"1":{"start":{"line":7,"column":33},"end":{"line":7,"column":36}},"2":{"start":{"line":8,"column":2},"end":{"line":8,"column":51}},"3":{"start":{"line":9,"column":2},"end":{"line":9,"column":29}},"4":{"start":{"line":10,"column":2},"end":{"line":10,"column":53}},"5":{"start":{"line":11,"column":2},"end":{"line":11,"column":70}},"6":{"start":{"line":13,"column":2},"end":{"line":13,"column":71}},"7":{"start":{"line":14,"column":2},"end":{"line":14,"column":52}},"8":{"start":{"line":15,"column":2},"end":{"line":15,"column":54}},"9":{"start":{"line":17,"column":2},"end":{"line":17,"column":61}},"10":{"start":{"line":18,"column":2},"end":{"line":18,"column":58}},"11":{"start":{"line":19,"column":2},"end":{"line":19,"column":69}},"12":{"start":{"line":20,"column":2},"end":{"line":24,"column":3}},"13":{"start":{"line":25,"column":2},"end":{"line":29,"column":3}},"14":{"start":{"line":30,"column":2},"end":{"line":34,"column":3}},"15":{"start":{"line":36,"column":2},"end":{"line":36,"column":50}},"16":{"start":{"line":37,"column":2},"end":{"line":37,"column":52}},"17":{"start":{"line":38,"column":2},"end":{"line":38,"column":63}},"18":{"start":{"line":40,"column":2},"end":{"line":40,"column":34}},"19":{"start":{"line":41,"column":2},"end":{"line":41,"column":30}},"20":{"start":{"line":42,"column":2},"end":{"line":42,"column":33}},"21":{"start":{"line":43,"column":2},"end":{"line":43,"column":30}},"22":{"start":{"line":44,"column":2},"end":{"line":44,"column":41}},"23":{"start":{"line":45,"column":2},"end":{"line":45,"column":30}},"24":{"start":{"line":47,"column":2},"end":{"line":47,"column":58}},"25":{"start":{"line":49,"column":2},"end":{"line":49,"column":66}},"26":{"start":{"line":51,"column":2},"end":{"line":55,"column":3}},"27":{"start":{"line":56,"column":2},"end":{"line":60,"column":3}},"28":{"start":{"line":61,"column":2},"end":{"line":65,"column":3}},"29":{"start":{"line":67,"column":2},"end":{"line":71,"column":3}},"30":{"start":{"line":73,"column":2},"end":{"line":73,"column":69}},"31":{"start":{"line":74,"column":2},"end":{"line":74,"column":84}}},"fnMap":{"0":{"name":"(anonymous_0)","decl":{"start":{"line":6,"column":17},"end":{"line":6,"column":18}},"loc":{"start":{"line":6,"column":24},"end":{"line":75,"column":1}},"line":6}},"branchMap":{},"s":{"0":1,"1":1,"2":1,"3":1,"4":1,"5":1,"6":1,"7":1,"8":1,"9":1,"10":1,"11":1,"12":1,"13":1,"14":1,"15":1,"16":1,"17":1,"18":1,"19":1,"20":1,"21":1,"22":1,"23":1,"24":1,"25":1,"26":1,"27":1,"28":1,"29":1,"30":1,"31":1},"f":{"0":1},"b":{},"_coverageSchema":"43e27e138ebf9cfc5966b082cf9a028302ed4184","hash":"fef7eefa7b816ea6e06220da30767f21d760e043","contentHash":"51b0ed2b410be5f76fd9abb1db3f89bc2aef9f38fa1b2b556642515f42ad988f"}
,"/home/pingli/workspace/repository/pccw/demo/sherpa-api/console-core-service-sherpa/app/contract/contract.js": {"path":"/home/pingli/workspace/repository/pccw/demo/sherpa-api/console-core-service-sherpa/app/contract/contract.js","statementMap":{"0":{"start":{"line":3,"column":0},"end":{"line":30,"column":1}}},"fnMap":{},"branchMap":{},"s":{"0":1},"f":{},"b":{},"_coverageSchema":"43e27e138ebf9cfc5966b082cf9a028302ed4184","hash":"5827c016196c792f40985fc2b63d11db29c0f583","contentHash":"836674e838d69b95286ecf62c4e5ef72241c5925ff041e332dec17361540c248"}
,"/home/pingli/workspace/repository/pccw/demo/sherpa-api/console-core-service-sherpa/app/contract/gateway.js": {"path":"/home/pingli/workspace/repository/pccw/demo/sherpa-api/console-core-service-sherpa/app/contract/gateway.js","statementMap":{"0":{"start":{"line":3,"column":0},"end":{"line":159,"column":1}}},"fnMap":{},"branchMap":{},"s":{"0":1},"f":{},"b":{},"_coverageSchema":"43e27e138ebf9cfc5966b082cf9a028302ed4184","hash":"c3ec55ba8c629e24743292f89fbea77db927a56f","contentHash":"a281e037b2b4eaef45aa072723fb9a966ac305bf06c4899b11015fc1de04b436"}
,"/home/pingli/workspace/repository/pccw/demo/sherpa-api/console-core-service-sherpa/app/contract/generic.js": {"path":"/home/pingli/workspace/repository/pccw/demo/sherpa-api/console-core-service-sherpa/app/contract/generic.js","statementMap":{"0":{"start":{"line":3,"column":0},"end":{"line":17,"column":1}}},"fnMap":{},"branchMap":{},"s":{"0":1},"f":{},"b":{},"_coverageSchema":"43e27e138ebf9cfc5966b082cf9a028302ed4184","hash":"d39d15a389e7258fa0d3a9040a9652c2b5a68b28","contentHash":"09e761272ffe81836afd7fcd522874dae936c965a7a019a7de493fc3ebb0ea02"}
,"/home/pingli/workspace/repository/pccw/demo/sherpa-api/console-core-service-sherpa/app/contract/qlc.js": {"path":"/home/pingli/workspace/repository/pccw/demo/sherpa-api/console-core-service-sherpa/app/contract/qlc.js","statementMap":{"0":{"start":{"line":3,"column":0},"end":{"line":16,"column":1}}},"fnMap":{},"branchMap":{},"s":{"0":1},"f":{},"b":{},"_coverageSchema":"43e27e138ebf9cfc5966b082cf9a028302ed4184","hash":"f1c4f3365ee41f6e72762e84ee57ba23cb254ac4","contentHash":"0db92ee8d521ccd0780074e2676d7bc18f71086acd70607d5f6df954fbd9587d"}
,"/home/pingli/workspace/repository/pccw/demo/sherpa-api/console-core-service-sherpa/app/contract/role.js": {"path":"/home/pingli/workspace/repository/pccw/demo/sherpa-api/console-core-service-sherpa/app/contract/role.js","statementMap":{"0":{"start":{"line":3,"column":0},"end":{"line":30,"column":1}}},"fnMap":{},"branchMap":{},"s":{"0":1},"f":{},"b":{},"_coverageSchema":"43e27e138ebf9cfc5966b082cf9a028302ed4184","hash":"6bb4fb7ea2b191202244789e44d30c92b7ff168d","contentHash":"cc80424c94d6d5da55d3044dc851a0789f6444fb9bc67e2b4b235b8d96e5afce"}
,"/home/pingli/workspace/repository/pccw/demo/sherpa-api/console-core-service-sherpa/app/contract/rpc.js": {"path":"/home/pingli/workspace/repository/pccw/demo/sherpa-api/console-core-service-sherpa/app/contract/rpc.js","statementMap":{"0":{"start":{"line":3,"column":0},"end":{"line":365,"column":1}}},"fnMap":{},"branchMap":{},"s":{"0":1},"f":{},"b":{},"_coverageSchema":"43e27e138ebf9cfc5966b082cf9a028302ed4184","hash":"babb7fb8f74faba0e8bf6e81b89b465d8173f9b8","contentHash":"3fab072cc31ec09e1fd76f8f75e4f47bdc4977ea0e95c637c5a70a19e2fbe066"}
,"/home/pingli/workspace/repository/pccw/demo/sherpa-api/console-core-service-sherpa/app/contract/singlespa.js": {"path":"/home/pingli/workspace/repository/pccw/demo/sherpa-api/console-core-service-sherpa/app/contract/singlespa.js","statementMap":{"0":{"start":{"line":3,"column":0},"end":{"line":22,"column":1}}},"fnMap":{},"branchMap":{},"s":{"0":1},"f":{},"b":{},"_coverageSchema":"43e27e138ebf9cfc5966b082cf9a028302ed4184","hash":"cc835459c9431c4b0a8bf61b7db42593f78d5323","contentHash":"f435b26d2f3faf748066e1eb7d371df8317c5883898d4e0601a55ae0f6847443"}
,"/home/pingli/workspace/repository/pccw/demo/sherpa-api/console-core-service-sherpa/app/contract/consoleconnect/connection.js": {"path":"/home/pingli/workspace/repository/pccw/demo/sherpa-api/console-core-service-sherpa/app/contract/consoleconnect/connection.js","statementMap":{"0":{"start":{"line":3,"column":0},"end":{"line":76,"column":1}}},"fnMap":{},"branchMap":{},"s":{"0":1},"f":{},"b":{},"_coverageSchema":"43e27e138ebf9cfc5966b082cf9a028302ed4184","hash":"b450b80942ed1ecdfc73b58080c7de9bbb1e0e19","contentHash":"57fc1d51a6d123b8f8afa79a9093e3d1f192cc744aa82cea7be0cba9d145e895"}
,"/home/pingli/workspace/repository/pccw/demo/sherpa-api/console-core-service-sherpa/app/contract/consoleconnect/port.js": {"path":"/home/pingli/workspace/repository/pccw/demo/sherpa-api/console-core-service-sherpa/app/contract/consoleconnect/port.js","statementMap":{"0":{"start":{"line":3,"column":0},"end":{"line":80,"column":1}}},"fnMap":{},"branchMap":{},"s":{"0":1},"f":{},"b":{},"_coverageSchema":"43e27e138ebf9cfc5966b082cf9a028302ed4184","hash":"8e59c415b6f3216438a627b4996f9076be7eabaa","contentHash":"b88efbf499f3fc2a61ae633acc3cbeb5f67ee9ada93e281a5c3637e4c01577b2"}
,"/home/pingli/workspace/repository/pccw/demo/sherpa-api/console-core-service-sherpa/app/contract/consoleconnect/utilization.js": {"path":"/home/pingli/workspace/repository/pccw/demo/sherpa-api/console-core-service-sherpa/app/contract/consoleconnect/utilization.js","statementMap":{"0":{"start":{"line":3,"column":0},"end":{"line":46,"column":1}}},"fnMap":{},"branchMap":{},"s":{"0":1},"f":{},"b":{},"_coverageSchema":"43e27e138ebf9cfc5966b082cf9a028302ed4184","hash":"94d0944df9916f8173248c44a175f09eda2b6ad8","contentHash":"d49839ad246685e01d7c79a6722d629aeb45814fc20b5fd71ed049140957a8ab"}
,"/home/pingli/workspace/repository/pccw/demo/sherpa-api/console-core-service-sherpa/app/contract/cpq/offering.js": {"path":"/home/pingli/workspace/repository/pccw/demo/sherpa-api/console-core-service-sherpa/app/contract/cpq/offering.js","statementMap":{"0":{"start":{"line":3,"column":0},"end":{"line":31,"column":1}}},"fnMap":{},"branchMap":{},"s":{"0":1},"f":{},"b":{},"_coverageSchema":"43e27e138ebf9cfc5966b082cf9a028302ed4184","hash":"c1d01c3331bfaa10f9cb4b9a929af34a12de55e4","contentHash":"dde694591cb0782053f15a605702d7547b8b1e7c34901d6bdd9971e85bc40456"}
,"/home/pingli/workspace/repository/pccw/demo/sherpa-api/console-core-service-sherpa/app/contract/cpq/product.js": {"path":"/home/pingli/workspace/repository/pccw/demo/sherpa-api/console-core-service-sherpa/app/contract/cpq/product.js","statementMap":{"0":{"start":{"line":3,"column":0},"end":{"line":35,"column":1}}},"fnMap":{},"branchMap":{},"s":{"0":1},"f":{},"b":{},"_coverageSchema":"43e27e138ebf9cfc5966b082cf9a028302ed4184","hash":"6a6a344929046beeadabaf7c348702d7ba15a344","contentHash":"bfc7dc217f46bed5027b607c6c79560d2cfeff6c853576148e20bf4e5ae730af"}
,"/home/pingli/workspace/repository/pccw/demo/sherpa-api/console-core-service-sherpa/app/contract/cpq/quote.js": {"path":"/home/pingli/workspace/repository/pccw/demo/sherpa-api/console-core-service-sherpa/app/contract/cpq/quote.js","statementMap":{"0":{"start":{"line":3,"column":0},"end":{"line":102,"column":1}}},"fnMap":{},"branchMap":{},"s":{"0":1},"f":{},"b":{},"_coverageSchema":"43e27e138ebf9cfc5966b082cf9a028302ed4184","hash":"033632af64479e3b4f0739aa5a27fe9ad4b24faa","contentHash":"51f4316e6afe899936b2330941eca566183474f59bd0981f97daf28a7ee64c1e"}
,"/home/pingli/workspace/repository/pccw/demo/sherpa-api/console-core-service-sherpa/app/contract/oms/order.js": {"path":"/home/pingli/workspace/repository/pccw/demo/sherpa-api/console-core-service-sherpa/app/contract/oms/order.js","statementMap":{"0":{"start":{"line":3,"column":0},"end":{"line":142,"column":1}}},"fnMap":{},"branchMap":{},"s":{"0":1},"f":{},"b":{},"_coverageSchema":"43e27e138ebf9cfc5966b082cf9a028302ed4184","hash":"e9831e5d489ca4b9f8ff04ad4b33ff8b8473420a","contentHash":"4dd1aabe3cb9e7061c58df68d649293fa37b36c714c141226b769c4a64e9c1c8"}
,"/home/pingli/workspace/repository/pccw/demo/sherpa-api/console-core-service-sherpa/app/contract/oms/productinstance.js": {"path":"/home/pingli/workspace/repository/pccw/demo/sherpa-api/console-core-service-sherpa/app/contract/oms/productinstance.js","statementMap":{"0":{"start":{"line":3,"column":0},"end":{"line":59,"column":1}}},"fnMap":{},"branchMap":{},"s":{"0":1},"f":{},"b":{},"_coverageSchema":"43e27e138ebf9cfc5966b082cf9a028302ed4184","hash":"5c97467ab4196bf201aa8ab49967030ba03aafb2","contentHash":"ed211b22df4d33748619444dfd9db36d0dc08abc23ce7d14afa84a32a90d603c"}
,"/home/pingli/workspace/repository/pccw/demo/sherpa-api/console-core-service-sherpa/app/contract/sonata/productInventory.js": {"path":"/home/pingli/workspace/repository/pccw/demo/sherpa-api/console-core-service-sherpa/app/contract/sonata/productInventory.js","statementMap":{"0":{"start":{"line":3,"column":0},"end":{"line":146,"column":1}}},"fnMap":{},"branchMap":{},"s":{"0":1},"f":{},"b":{},"_coverageSchema":"43e27e138ebf9cfc5966b082cf9a028302ed4184","hash":"72c278f5f8828c401140c54f0b4f1df09db8dbcd","contentHash":"01c9ddf977e88df9a0b7f61de4fa3f45bb530135bb29cac06eed0feae3516a52"}
,"/home/pingli/workspace/repository/pccw/demo/sherpa-api/console-core-service-sherpa/app/contract/sonata/productOrder.js": {"path":"/home/pingli/workspace/repository/pccw/demo/sherpa-api/console-core-service-sherpa/app/contract/sonata/productOrder.js","statementMap":{"0":{"start":{"line":3,"column":0},"end":{"line":446,"column":1}}},"fnMap":{},"branchMap":{},"s":{"0":1},"f":{},"b":{},"_coverageSchema":"43e27e138ebf9cfc5966b082cf9a028302ed4184","hash":"bc8b4619f89a5149dd317b2d5501ebf1d5fdf463","contentHash":"cf42f8c55e5eaa78edb2d7d9f463099c696c4430cfb307c7e3616fa2a4aa94e1"}
,"/home/pingli/workspace/repository/pccw/demo/sherpa-api/console-core-service-sherpa/app/contract/sonata/quote.js": {"path":"/home/pingli/workspace/repository/pccw/demo/sherpa-api/console-core-service-sherpa/app/contract/sonata/quote.js","statementMap":{"0":{"start":{"line":3,"column":0},"end":{"line":277,"column":1}}},"fnMap":{},"branchMap":{},"s":{"0":1},"f":{},"b":{},"_coverageSchema":"43e27e138ebf9cfc5966b082cf9a028302ed4184","hash":"c5bf529c9b186413f5b7cee5bb2c598d6dd27b47","contentHash":"389f3cbe4e422747f8d458f8b152eabe1b85f44b998b1d91f07b2761ba3acb74"}
,"/home/pingli/workspace/repository/pccw/demo/sherpa-api/console-core-service-sherpa/app/contract/user/agent.js": {"path":"/home/pingli/workspace/repository/pccw/demo/sherpa-api/console-core-service-sherpa/app/contract/user/agent.js","statementMap":{"0":{"start":{"line":3,"column":0},"end":{"line":58,"column":1}}},"fnMap":{},"branchMap":{},"s":{"0":1},"f":{},"b":{},"_coverageSchema":"43e27e138ebf9cfc5966b082cf9a028302ed4184","hash":"d2627c8658ef06ee33ea2159d5899020d2529955","contentHash":"5a3065e3d61e05d345d90400ef8d9010f4fff658a45eeaa5c83630d91ffb6837"}
,"/home/pingli/workspace/repository/pccw/demo/sherpa-api/console-core-service-sherpa/app/contract/user/company.js": {"path":"/home/pingli/workspace/repository/pccw/demo/sherpa-api/console-core-service-sherpa/app/contract/user/company.js","statementMap":{"0":{"start":{"line":3,"column":0},"end":{"line":78,"column":1}}},"fnMap":{},"branchMap":{},"s":{"0":1},"f":{},"b":{},"_coverageSchema":"43e27e138ebf9cfc5966b082cf9a028302ed4184","hash":"99cd8d996988d15edd2d69fd39091a0b21bbbee2","contentHash":"93b8177163ebe23a3ff4430322eeb64d2b49f4273425d21e7b4faf48ffa4d7a5"}
,"/home/pingli/workspace/repository/pccw/demo/sherpa-api/console-core-service-sherpa/app/contract/user/external.js": {"path":"/home/pingli/workspace/repository/pccw/demo/sherpa-api/console-core-service-sherpa/app/contract/user/external.js","statementMap":{"0":{"start":{"line":3,"column":0},"end":{"line":39,"column":1}}},"fnMap":{},"branchMap":{},"s":{"0":1},"f":{},"b":{},"_coverageSchema":"43e27e138ebf9cfc5966b082cf9a028302ed4184","hash":"e433789e99165620b55e66d5a56a8522e36ae883","contentHash":"7d9d593d4c6f100873cb28f4e263e0cb849baf919f4066624f87929dadc2b20f"}
,"/home/pingli/workspace/repository/pccw/demo/sherpa-api/console-core-service-sherpa/app/contract/user/member.js": {"path":"/home/pingli/workspace/repository/pccw/demo/sherpa-api/console-core-service-sherpa/app/contract/user/member.js","statementMap":{"0":{"start":{"line":3,"column":0},"end":{"line":42,"column":1}}},"fnMap":{},"branchMap":{},"s":{"0":1},"f":{},"b":{},"_coverageSchema":"43e27e138ebf9cfc5966b082cf9a028302ed4184","hash":"4b98a43f85062220396ad81227167e5083290a1a","contentHash":"9e8b2b9d3d82a2792ad5ef5653ad4668c784e53220d3dd900a370d9f1706db34"}
,"/home/pingli/workspace/repository/pccw/demo/sherpa-api/console-core-service-sherpa/app/contract/user/wallet.js": {"path":"/home/pingli/workspace/repository/pccw/demo/sherpa-api/console-core-service-sherpa/app/contract/user/wallet.js","statementMap":{"0":{"start":{"line":3,"column":0},"end":{"line":53,"column":1}}},"fnMap":{},"branchMap":{},"s":{"0":1},"f":{},"b":{},"_coverageSchema":"43e27e138ebf9cfc5966b082cf9a028302ed4184","hash":"e68b01372ed2313b2331cfd24231c63a4e6141f0","contentHash":"aa85e7b2387c42876bc2290aabc855216a8c78737225e835a4807b888215c7f1"}
,"/home/pingli/workspace/repository/pccw/demo/sherpa-api/console-core-service-sherpa/app/contract/workflow/worker.js": {"path":"/home/pingli/workspace/repository/pccw/demo/sherpa-api/console-core-service-sherpa/app/contract/workflow/worker.js","statementMap":{"0":{"start":{"line":3,"column":0},"end":{"line":13,"column":1}}},"fnMap":{},"branchMap":{},"s":{"0":1},"f":{},"b":{},"_coverageSchema":"43e27e138ebf9cfc5966b082cf9a028302ed4184","hash":"770598877a71e24b96e33f4f7d3fd47a6419e820","contentHash":"975a42654946e598d3ca1add2d64fcb134c6841af2d03bae6c495f073ba97a1e"}
,"/home/pingli/workspace/repository/pccw/demo/sherpa-api/console-core-service-sherpa/app/controller/apis.js": {"path":"/home/pingli/workspace/repository/pccw/demo/sherpa-api/console-core-service-sherpa/app/controller/apis.js","statementMap":{"0":{"start":{"line":3,"column":23},"end":{"line":3,"column":40}},"1":{"start":{"line":7,"column":20},"end":{"line":7,"column":24}},"2":{"start":{"line":8,"column":4},"end":{"line":13,"column":5}},"3":{"start":{"line":9,"column":19},"end":{"line":9,"column":52}},"4":{"start":{"line":10,"column":6},"end":{"line":10,"column":21}},"5":{"start":{"line":12,"column":6},"end":{"line":12,"column":20}},"6":{"start":{"line":15,"column":4},"end":{"line":15,"column":20}},"7":{"start":{"line":19,"column":20},"end":{"line":19,"column":24}},"8":{"start":{"line":20,"column":17},"end":{"line":20,"column":49}},"9":{"start":{"line":21,"column":4},"end":{"line":23,"column":5}},"10":{"start":{"line":24,"column":4},"end":{"line":24,"column":20}},"11":{"start":{"line":28,"column":20},"end":{"line":28,"column":24}},"12":{"start":{"line":30,"column":4},"end":{"line":30,"column":34}},"13":{"start":{"line":31,"column":4},"end":{"line":31,"column":20}},"14":{"start":{"line":35,"column":20},"end":{"line":35,"column":24}},"15":{"start":{"line":37,"column":4},"end":{"line":37,"column":34}},"16":{"start":{"line":38,"column":4},"end":{"line":38,"column":20}},"17":{"start":{"line":42,"column":20},"end":{"line":42,"column":24}},"18":{"start":{"line":44,"column":4},"end":{"line":44,"column":34}},"19":{"start":{"line":45,"column":4},"end":{"line":45,"column":20}},"20":{"start":{"line":49,"column":20},"end":{"line":49,"column":24}},"21":{"start":{"line":51,"column":4},"end":{"line":51,"column":34}},"22":{"start":{"line":52,"column":4},"end":{"line":52,"column":20}},"23":{"start":{"line":56,"column":0},"end":{"line":56,"column":35}}},"fnMap":{"0":{"name":"(anonymous_0)","decl":{"start":{"line":6,"column":2},"end":{"line":6,"column":3}},"loc":{"start":{"line":6,"column":17},"end":{"line":16,"column":3}},"line":6},"1":{"name":"(anonymous_1)","decl":{"start":{"line":18,"column":2},"end":{"line":18,"column":3}},"loc":{"start":{"line":18,"column":16},"end":{"line":25,"column":3}},"line":18},"2":{"name":"(anonymous_2)","decl":{"start":{"line":27,"column":2},"end":{"line":27,"column":3}},"loc":{"start":{"line":27,"column":18},"end":{"line":32,"column":3}},"line":27},"3":{"name":"(anonymous_3)","decl":{"start":{"line":34,"column":2},"end":{"line":34,"column":3}},"loc":{"start":{"line":34,"column":16},"end":{"line":39,"column":3}},"line":34},"4":{"name":"(anonymous_4)","decl":{"start":{"line":41,"column":2},"end":{"line":41,"column":3}},"loc":{"start":{"line":41,"column":18},"end":{"line":46,"column":3}},"line":41},"5":{"name":"(anonymous_5)","decl":{"start":{"line":48,"column":2},"end":{"line":48,"column":3}},"loc":{"start":{"line":48,"column":19},"end":{"line":53,"column":3}},"line":48}},"branchMap":{},"s":{"0":1,"1":0,"2":0,"3":0,"4":0,"5":0,"6":0,"7":0,"8":0,"9":0,"10":0,"11":0,"12":0,"13":0,"14":0,"15":0,"16":0,"17":0,"18":0,"19":0,"20":0,"21":0,"22":0,"23":1},"f":{"0":0,"1":0,"2":0,"3":0,"4":0,"5":0},"b":{},"_coverageSchema":"43e27e138ebf9cfc5966b082cf9a028302ed4184","hash":"64f68873525fe998fe95e3c79d79def545d8a201","contentHash":"ccc2c090eb5aca9c21514268f17945b514785b7be60052950529f430bb76ba0b"}
,"/home/pingli/workspace/repository/pccw/demo/sherpa-api/console-core-service-sherpa/app/controller/base.js": {"path":"/home/pingli/workspace/repository/pccw/demo/sherpa-api/console-core-service-sherpa/app/controller/base.js","statementMap":{"0":{"start":{"line":3,"column":23},"end":{"line":3,"column":37}},"1":{"start":{"line":7,"column":4},"end":{"line":7,"column":14}},"2":{"start":{"line":8,"column":4},"end":{"line":8,"column":30}},"3":{"start":{"line":12,"column":4},"end":{"line":16,"column":5}},"4":{"start":{"line":20,"column":0},"end":{"line":20,"column":31}}},"fnMap":{"0":{"name":"(anonymous_0)","decl":{"start":{"line":6,"column":2},"end":{"line":6,"column":3}},"loc":{"start":{"line":6,"column":20},"end":{"line":9,"column":3}},"line":6},"1":{"name":"(anonymous_1)","decl":{"start":{"line":11,"column":2},"end":{"line":11,"column":3}},"loc":{"start":{"line":11,"column":19},"end":{"line":17,"column":3}},"line":11}},"branchMap":{},"s":{"0":1,"1":1,"2":1,"3":0,"4":1},"f":{"0":1,"1":0},"b":{},"_coverageSchema":"43e27e138ebf9cfc5966b082cf9a028302ed4184","hash":"034e1f09d2e66caedee134e518f2f473e58fee06","contentHash":"9c04e2c2e6083d46617c42097f8ca921705d50b2722d018fbab447e63dff5f3d"}
,"/home/pingli/workspace/repository/pccw/demo/sherpa-api/console-core-service-sherpa/app/controller/contract.js": {"path":"/home/pingli/workspace/repository/pccw/demo/sherpa-api/console-core-service-sherpa/app/controller/contract.js","statementMap":{"0":{"start":{"line":3,"column":19},"end":{"line":3,"column":44}},"1":{"start":{"line":17,"column":20},"end":{"line":17,"column":24}},"2":{"start":{"line":18,"column":21},"end":{"line":18,"column":32}},"3":{"start":{"line":19,"column":4},"end":{"line":19,"column":53}},"4":{"start":{"line":22,"column":4},"end":{"line":26,"column":5}},"5":{"start":{"line":27,"column":4},"end":{"line":27,"column":20}},"6":{"start":{"line":31,"column":0},"end":{"line":31,"column":35}}},"fnMap":{"0":{"name":"(anonymous_0)","decl":{"start":{"line":16,"column":2},"end":{"line":16,"column":3}},"loc":{"start":{"line":16,"column":18},"end":{"line":28,"column":3}},"line":16}},"branchMap":{},"s":{"0":1,"1":0,"2":0,"3":0,"4":0,"5":0,"6":1},"f":{"0":0},"b":{},"_coverageSchema":"43e27e138ebf9cfc5966b082cf9a028302ed4184","hash":"04a5d19fafe5278633296073474a5d564e79bcf2","contentHash":"c3d6c4e57eb68817a49ff7b55bb8da26c7c306d1a143cc4b222b554d98283f93"}
,"/home/pingli/workspace/repository/pccw/demo/sherpa-api/console-core-service-sherpa/app/controller/endpoint.js": {"path":"/home/pingli/workspace/repository/pccw/demo/sherpa-api/console-core-service-sherpa/app/controller/endpoint.js","statementMap":{"0":{"start":{"line":3,"column":23},"end":{"line":3,"column":40}},"1":{"start":{"line":7,"column":20},"end":{"line":7,"column":24}},"2":{"start":{"line":8,"column":4},"end":{"line":207,"column":5}},"3":{"start":{"line":208,"column":4},"end":{"line":208,"column":20}},"4":{"start":{"line":212,"column":0},"end":{"line":212,"column":35}}},"fnMap":{"0":{"name":"(anonymous_0)","decl":{"start":{"line":6,"column":2},"end":{"line":6,"column":3}},"loc":{"start":{"line":6,"column":16},"end":{"line":209,"column":3}},"line":6}},"branchMap":{},"s":{"0":1,"1":0,"2":0,"3":0,"4":1},"f":{"0":0},"b":{},"_coverageSchema":"43e27e138ebf9cfc5966b082cf9a028302ed4184","hash":"137f3d6381ca71412190286ac3d42a7e2902ea39","contentHash":"bccb0c04fd8fc8551785fe93b3d4c61cb5218c48b748a2cedafbb7b42e4f28bc"}
,"/home/pingli/workspace/repository/pccw/demo/sherpa-api/console-core-service-sherpa/app/controller/heartbeat.js": {"path":"/home/pingli/workspace/repository/pccw/demo/sherpa-api/console-core-service-sherpa/app/controller/heartbeat.js","statementMap":{"0":{"start":{"line":3,"column":23},"end":{"line":3,"column":40}},"1":{"start":{"line":16,"column":20},"end":{"line":16,"column":24}},"2":{"start":{"line":18,"column":4},"end":{"line":18,"column":52}},"3":{"start":{"line":19,"column":4},"end":{"line":19,"column":20}},"4":{"start":{"line":30,"column":20},"end":{"line":30,"column":24}},"5":{"start":{"line":31,"column":24},"end":{"line":31,"column":34}},"6":{"start":{"line":33,"column":4},"end":{"line":33,"column":55}},"7":{"start":{"line":34,"column":4},"end":{"line":34,"column":20}},"8":{"start":{"line":38,"column":0},"end":{"line":38,"column":36}}},"fnMap":{"0":{"name":"(anonymous_0)","decl":{"start":{"line":15,"column":2},"end":{"line":15,"column":3}},"loc":{"start":{"line":15,"column":16},"end":{"line":20,"column":3}},"line":15},"1":{"name":"(anonymous_1)","decl":{"start":{"line":29,"column":2},"end":{"line":29,"column":3}},"loc":{"start":{"line":29,"column":24},"end":{"line":35,"column":3}},"line":29}},"branchMap":{},"s":{"0":1,"1":1,"2":1,"3":1,"4":0,"5":0,"6":0,"7":0,"8":1},"f":{"0":1,"1":0},"b":{},"_coverageSchema":"43e27e138ebf9cfc5966b082cf9a028302ed4184","hash":"60d547559025315ed7dfd3333e9b507e8148fef3","contentHash":"83bc7792378046399768bbbf0410a1a8cd9560d34f652d52b4ec9d6bcfa8fea2"}
,"/home/pingli/workspace/repository/pccw/demo/sherpa-api/console-core-service-sherpa/app/controller/role.js": {"path":"/home/pingli/workspace/repository/pccw/demo/sherpa-api/console-core-service-sherpa/app/controller/role.js","statementMap":{"0":{"start":{"line":3,"column":19},"end":{"line":3,"column":44}},"1":{"start":{"line":16,"column":20},"end":{"line":16,"column":24}},"2":{"start":{"line":18,"column":18},"end":{"line":21,"column":5}},"3":{"start":{"line":22,"column":17},"end":{"line":22,"column":51}},"4":{"start":{"line":23,"column":17},"end":{"line":27,"column":5}},"5":{"start":{"line":28,"column":4},"end":{"line":31,"column":5}},"6":{"start":{"line":43,"column":20},"end":{"line":43,"column":24}},"7":{"start":{"line":44,"column":19},"end":{"line":44,"column":29}},"8":{"start":{"line":46,"column":4},"end":{"line":48,"column":5}},"9":{"start":{"line":59,"column":20},"end":{"line":59,"column":24}},"10":{"start":{"line":61,"column":4},"end":{"line":61,"column":62}},"11":{"start":{"line":63,"column":4},"end":{"line":65,"column":5}},"12":{"start":{"line":78,"column":20},"end":{"line":78,"column":24}},"13":{"start":{"line":79,"column":19},"end":{"line":79,"column":29}},"14":{"start":{"line":80,"column":20},"end":{"line":80,"column":36}},"15":{"start":{"line":82,"column":4},"end":{"line":82,"column":53}},"16":{"start":{"line":84,"column":4},"end":{"line":86,"column":5}},"17":{"start":{"line":90,"column":0},"end":{"line":90,"column":31}}},"fnMap":{"0":{"name":"(anonymous_0)","decl":{"start":{"line":15,"column":2},"end":{"line":15,"column":3}},"loc":{"start":{"line":15,"column":17},"end":{"line":32,"column":3}},"line":15},"1":{"name":"(anonymous_1)","decl":{"start":{"line":42,"column":2},"end":{"line":42,"column":3}},"loc":{"start":{"line":42,"column":16},"end":{"line":49,"column":3}},"line":42},"2":{"name":"(anonymous_2)","decl":{"start":{"line":58,"column":2},"end":{"line":58,"column":3}},"loc":{"start":{"line":58,"column":18},"end":{"line":66,"column":3}},"line":58},"3":{"name":"(anonymous_3)","decl":{"start":{"line":77,"column":2},"end":{"line":77,"column":3}},"loc":{"start":{"line":77,"column":18},"end":{"line":87,"column":3}},"line":77}},"branchMap":{},"s":{"0":1,"1":0,"2":0,"3":0,"4":0,"5":0,"6":0,"7":0,"8":0,"9":0,"10":0,"11":0,"12":0,"13":0,"14":0,"15":0,"16":0,"17":1},"f":{"0":0,"1":0,"2":0,"3":0},"b":{},"_coverageSchema":"43e27e138ebf9cfc5966b082cf9a028302ed4184","hash":"d8083748f2b39f86960bb194b2ba1a018670b803","contentHash":"e084c33887d19afad5f0bbe5c72d20225d950ba0402af78e0773e7db6d293492"}
,"/home/pingli/workspace/repository/pccw/demo/sherpa-api/console-core-service-sherpa/app/controller/singlespa.js": {"path":"/home/pingli/workspace/repository/pccw/demo/sherpa-api/console-core-service-sherpa/app/controller/singlespa.js","statementMap":{"0":{"start":{"line":3,"column":19},"end":{"line":3,"column":44}},"1":{"start":{"line":4,"column":10},"end":{"line":4,"column":27}},"2":{"start":{"line":18,"column":20},"end":{"line":18,"column":24}},"3":{"start":{"line":19,"column":18},"end":{"line":22,"column":5}},"4":{"start":{"line":23,"column":17},"end":{"line":23,"column":60}},"5":{"start":{"line":24,"column":17},"end":{"line":28,"column":5}},"6":{"start":{"line":29,"column":18},"end":{"line":29,"column":51}},"7":{"start":{"line":30,"column":16},"end":{"line":30,"column":38}},"8":{"start":{"line":31,"column":4},"end":{"line":34,"column":5}},"9":{"start":{"line":44,"column":20},"end":{"line":44,"column":24}},"10":{"start":{"line":45,"column":18},"end":{"line":48,"column":5}},"11":{"start":{"line":49,"column":17},"end":{"line":49,"column":56}},"12":{"start":{"line":50,"column":17},"end":{"line":52,"column":5}},"13":{"start":{"line":53,"column":4},"end":{"line":56,"column":5}},"14":{"start":{"line":67,"column":20},"end":{"line":67,"column":24}},"15":{"start":{"line":68,"column":19},"end":{"line":68,"column":29}},"16":{"start":{"line":70,"column":22},"end":{"line":70,"column":62}},"17":{"start":{"line":71,"column":4},"end":{"line":73,"column":5}},"18":{"start":{"line":84,"column":20},"end":{"line":84,"column":24}},"19":{"start":{"line":86,"column":4},"end":{"line":86,"column":67}},"20":{"start":{"line":88,"column":22},"end":{"line":88,"column":74}},"21":{"start":{"line":89,"column":4},"end":{"line":91,"column":5}},"22":{"start":{"line":103,"column":20},"end":{"line":103,"column":24}},"23":{"start":{"line":104,"column":19},"end":{"line":104,"column":29}},"24":{"start":{"line":105,"column":22},"end":{"line":105,"column":38}},"25":{"start":{"line":107,"column":4},"end":{"line":107,"column":60}},"26":{"start":{"line":109,"column":29},"end":{"line":112,"column":5}},"27":{"start":{"line":113,"column":4},"end":{"line":115,"column":5}},"28":{"start":{"line":126,"column":20},"end":{"line":126,"column":24}},"29":{"start":{"line":127,"column":19},"end":{"line":127,"column":29}},"30":{"start":{"line":129,"column":22},"end":{"line":129,"column":61}},"31":{"start":{"line":130,"column":4},"end":{"line":132,"column":5}},"32":{"start":{"line":136,"column":0},"end":{"line":136,"column":36}}},"fnMap":{"0":{"name":"(anonymous_0)","decl":{"start":{"line":17,"column":2},"end":{"line":17,"column":3}},"loc":{"start":{"line":17,"column":17},"end":{"line":35,"column":3}},"line":17},"1":{"name":"(anonymous_1)","decl":{"start":{"line":43,"column":2},"end":{"line":43,"column":3}},"loc":{"start":{"line":43,"column":22},"end":{"line":57,"column":3}},"line":43},"2":{"name":"(anonymous_2)","decl":{"start":{"line":66,"column":2},"end":{"line":66,"column":3}},"loc":{"start":{"line":66,"column":16},"end":{"line":74,"column":3}},"line":66},"3":{"name":"(anonymous_3)","decl":{"start":{"line":83,"column":2},"end":{"line":83,"column":3}},"loc":{"start":{"line":83,"column":18},"end":{"line":92,"column":3}},"line":83},"4":{"name":"(anonymous_4)","decl":{"start":{"line":102,"column":2},"end":{"line":102,"column":3}},"loc":{"start":{"line":102,"column":18},"end":{"line":116,"column":3}},"line":102},"5":{"name":"(anonymous_5)","decl":{"start":{"line":125,"column":2},"end":{"line":125,"column":3}},"loc":{"start":{"line":125,"column":19},"end":{"line":133,"column":3}},"line":125}},"branchMap":{"0":{"loc":{"start":{"line":20,"column":33},"end":{"line":20,"column":77}},"type":"cond-expr","locations":[{"start":{"line":20,"column":54},"end":{"line":20,"column":72}},{"start":{"line":20,"column":75},"end":{"line":20,"column":77}}],"line":20},"1":{"loc":{"start":{"line":21,"column":29},"end":{"line":21,"column":64}},"type":"cond-expr","locations":[{"start":{"line":21,"column":46},"end":{"line":21,"column":60}},{"start":{"line":21,"column":63},"end":{"line":21,"column":64}}],"line":21}},"s":{"0":1,"1":1,"2":1,"3":1,"4":1,"5":1,"6":1,"7":1,"8":1,"9":2,"10":2,"11":2,"12":2,"13":2,"14":2,"15":2,"16":2,"17":2,"18":1,"19":1,"20":1,"21":1,"22":1,"23":1,"24":1,"25":1,"26":1,"27":0,"28":1,"29":1,"30":1,"31":1,"32":1},"f":{"0":1,"1":2,"2":2,"3":1,"4":1,"5":1},"b":{"0":[1,0],"1":[1,0]},"_coverageSchema":"43e27e138ebf9cfc5966b082cf9a028302ed4184","hash":"42e2fb5945439544a218a0300901da6cc13e962a","contentHash":"2f1014f5ce6dd65ab76174a87b4971dec10d0c4a4d7302e977fc28ec3f1a89c5"}
,"/home/pingli/workspace/repository/pccw/demo/sherpa-api/console-core-service-sherpa/app/controller/consoleconnect/connection.js": {"path":"/home/pingli/workspace/repository/pccw/demo/sherpa-api/console-core-service-sherpa/app/controller/consoleconnect/connection.js","statementMap":{"0":{"start":{"line":3,"column":19},"end":{"line":3,"column":44}},"1":{"start":{"line":4,"column":10},"end":{"line":4,"column":27}},"2":{"start":{"line":20,"column":20},"end":{"line":20,"column":24}},"3":{"start":{"line":21,"column":18},"end":{"line":24,"column":5}},"4":{"start":{"line":26,"column":26},"end":{"line":26,"column":36}},"5":{"start":{"line":27,"column":17},"end":{"line":30,"column":5}},"6":{"start":{"line":31,"column":17},"end":{"line":35,"column":5}},"7":{"start":{"line":36,"column":18},"end":{"line":36,"column":51}},"8":{"start":{"line":37,"column":16},"end":{"line":37,"column":38}},"9":{"start":{"line":38,"column":4},"end":{"line":41,"column":5}},"10":{"start":{"line":54,"column":20},"end":{"line":54,"column":24}},"11":{"start":{"line":55,"column":30},"end":{"line":55,"column":40}},"12":{"start":{"line":57,"column":4},"end":{"line":59,"column":5}},"13":{"start":{"line":75,"column":20},"end":{"line":75,"column":24}},"14":{"start":{"line":76,"column":30},"end":{"line":76,"column":40}},"15":{"start":{"line":77,"column":47},"end":{"line":77,"column":56}},"16":{"start":{"line":78,"column":4},"end":{"line":86,"column":5}},"17":{"start":{"line":90,"column":0},"end":{"line":90,"column":37}}},"fnMap":{"0":{"name":"(anonymous_0)","decl":{"start":{"line":19,"column":2},"end":{"line":19,"column":3}},"loc":{"start":{"line":19,"column":17},"end":{"line":42,"column":3}},"line":19},"1":{"name":"(anonymous_1)","decl":{"start":{"line":53,"column":2},"end":{"line":53,"column":3}},"loc":{"start":{"line":53,"column":16},"end":{"line":60,"column":3}},"line":53},"2":{"name":"(anonymous_2)","decl":{"start":{"line":74,"column":2},"end":{"line":74,"column":3}},"loc":{"start":{"line":74,"column":23},"end":{"line":87,"column":3}},"line":74}},"branchMap":{"0":{"loc":{"start":{"line":22,"column":33},"end":{"line":22,"column":77}},"type":"cond-expr","locations":[{"start":{"line":22,"column":54},"end":{"line":22,"column":72}},{"start":{"line":22,"column":75},"end":{"line":22,"column":77}}],"line":22},"1":{"loc":{"start":{"line":23,"column":29},"end":{"line":23,"column":64}},"type":"cond-expr","locations":[{"start":{"line":23,"column":46},"end":{"line":23,"column":60}},{"start":{"line":23,"column":63},"end":{"line":23,"column":64}}],"line":23}},"s":{"0":1,"1":1,"2":0,"3":0,"4":0,"5":0,"6":0,"7":0,"8":0,"9":0,"10":0,"11":0,"12":0,"13":0,"14":0,"15":0,"16":0,"17":1},"f":{"0":0,"1":0,"2":0},"b":{"0":[0,0],"1":[0,0]},"_coverageSchema":"43e27e138ebf9cfc5966b082cf9a028302ed4184","hash":"a771cd6e6053995561df88d8e93d90a2e36e0e3b","contentHash":"5053d675ba76aedf3c01ac7fa15b8c455aaf77f4c7fbe6b6e0b93f1b313ecd48"}
,"/home/pingli/workspace/repository/pccw/demo/sherpa-api/console-core-service-sherpa/app/controller/consoleconnect/port.js": {"path":"/home/pingli/workspace/repository/pccw/demo/sherpa-api/console-core-service-sherpa/app/controller/consoleconnect/port.js","statementMap":{"0":{"start":{"line":3,"column":19},"end":{"line":3,"column":44}},"1":{"start":{"line":4,"column":10},"end":{"line":4,"column":27}},"2":{"start":{"line":19,"column":20},"end":{"line":19,"column":24}},"3":{"start":{"line":20,"column":18},"end":{"line":23,"column":5}},"4":{"start":{"line":25,"column":26},"end":{"line":25,"column":36}},"5":{"start":{"line":26,"column":17},"end":{"line":29,"column":5}},"6":{"start":{"line":30,"column":17},"end":{"line":34,"column":5}},"7":{"start":{"line":35,"column":18},"end":{"line":35,"column":51}},"8":{"start":{"line":36,"column":16},"end":{"line":36,"column":38}},"9":{"start":{"line":37,"column":4},"end":{"line":40,"column":5}},"10":{"start":{"line":53,"column":20},"end":{"line":53,"column":24}},"11":{"start":{"line":54,"column":30},"end":{"line":54,"column":40}},"12":{"start":{"line":56,"column":4},"end":{"line":58,"column":5}},"13":{"start":{"line":74,"column":20},"end":{"line":74,"column":24}},"14":{"start":{"line":75,"column":30},"end":{"line":75,"column":40}},"15":{"start":{"line":76,"column":47},"end":{"line":76,"column":56}},"16":{"start":{"line":77,"column":4},"end":{"line":85,"column":5}},"17":{"start":{"line":89,"column":0},"end":{"line":89,"column":31}}},"fnMap":{"0":{"name":"(anonymous_0)","decl":{"start":{"line":18,"column":2},"end":{"line":18,"column":3}},"loc":{"start":{"line":18,"column":17},"end":{"line":41,"column":3}},"line":18},"1":{"name":"(anonymous_1)","decl":{"start":{"line":52,"column":2},"end":{"line":52,"column":3}},"loc":{"start":{"line":52,"column":16},"end":{"line":59,"column":3}},"line":52},"2":{"name":"(anonymous_2)","decl":{"start":{"line":73,"column":2},"end":{"line":73,"column":3}},"loc":{"start":{"line":73,"column":23},"end":{"line":86,"column":3}},"line":73}},"branchMap":{"0":{"loc":{"start":{"line":21,"column":33},"end":{"line":21,"column":77}},"type":"cond-expr","locations":[{"start":{"line":21,"column":54},"end":{"line":21,"column":72}},{"start":{"line":21,"column":75},"end":{"line":21,"column":77}}],"line":21},"1":{"loc":{"start":{"line":22,"column":29},"end":{"line":22,"column":64}},"type":"cond-expr","locations":[{"start":{"line":22,"column":46},"end":{"line":22,"column":60}},{"start":{"line":22,"column":63},"end":{"line":22,"column":64}}],"line":22}},"s":{"0":1,"1":1,"2":0,"3":0,"4":0,"5":0,"6":0,"7":0,"8":0,"9":0,"10":0,"11":0,"12":0,"13":0,"14":0,"15":0,"16":0,"17":1},"f":{"0":0,"1":0,"2":0},"b":{"0":[0,0],"1":[0,0]},"_coverageSchema":"43e27e138ebf9cfc5966b082cf9a028302ed4184","hash":"0c3eebfda02738e2c11ca24ef785e753eee24998","contentHash":"3a7bfbd59aa2d6e8fae3fee362864481f533696655375af2221c28d4ba371243"}
,"/home/pingli/workspace/repository/pccw/demo/sherpa-api/console-core-service-sherpa/app/controller/cpq/offering.js": {"path":"/home/pingli/workspace/repository/pccw/demo/sherpa-api/console-core-service-sherpa/app/controller/cpq/offering.js","statementMap":{"0":{"start":{"line":3,"column":19},"end":{"line":3,"column":44}},"1":{"start":{"line":4,"column":10},"end":{"line":4,"column":27}},"2":{"start":{"line":20,"column":20},"end":{"line":20,"column":24}},"3":{"start":{"line":21,"column":18},"end":{"line":24,"column":5}},"4":{"start":{"line":25,"column":17},"end":{"line":25,"column":65}},"5":{"start":{"line":26,"column":17},"end":{"line":30,"column":5}},"6":{"start":{"line":31,"column":18},"end":{"line":31,"column":51}},"7":{"start":{"line":32,"column":16},"end":{"line":32,"column":38}},"8":{"start":{"line":33,"column":4},"end":{"line":36,"column":5}},"9":{"start":{"line":48,"column":20},"end":{"line":48,"column":24}},"10":{"start":{"line":49,"column":19},"end":{"line":49,"column":29}},"11":{"start":{"line":51,"column":4},"end":{"line":53,"column":5}},"12":{"start":{"line":57,"column":0},"end":{"line":57,"column":34}}},"fnMap":{"0":{"name":"(anonymous_0)","decl":{"start":{"line":19,"column":2},"end":{"line":19,"column":3}},"loc":{"start":{"line":19,"column":17},"end":{"line":37,"column":3}},"line":19},"1":{"name":"(anonymous_1)","decl":{"start":{"line":47,"column":2},"end":{"line":47,"column":3}},"loc":{"start":{"line":47,"column":16},"end":{"line":54,"column":3}},"line":47}},"branchMap":{"0":{"loc":{"start":{"line":22,"column":33},"end":{"line":22,"column":77}},"type":"cond-expr","locations":[{"start":{"line":22,"column":54},"end":{"line":22,"column":72}},{"start":{"line":22,"column":75},"end":{"line":22,"column":77}}],"line":22},"1":{"loc":{"start":{"line":23,"column":29},"end":{"line":23,"column":64}},"type":"cond-expr","locations":[{"start":{"line":23,"column":46},"end":{"line":23,"column":60}},{"start":{"line":23,"column":63},"end":{"line":23,"column":64}}],"line":23}},"s":{"0":1,"1":1,"2":0,"3":0,"4":0,"5":0,"6":0,"7":0,"8":0,"9":0,"10":0,"11":0,"12":1},"f":{"0":0,"1":0},"b":{"0":[0,0],"1":[0,0]},"_coverageSchema":"43e27e138ebf9cfc5966b082cf9a028302ed4184","hash":"1e6f8248d269484e41353014fce982c9ca74dacc","contentHash":"ffcaa3c7f3765c395823f77fc83f0eaedc703ebe49f79c7f67c45878d1e1b650"}
,"/home/pingli/workspace/repository/pccw/demo/sherpa-api/console-core-service-sherpa/app/controller/cpq/product.js": {"path":"/home/pingli/workspace/repository/pccw/demo/sherpa-api/console-core-service-sherpa/app/controller/cpq/product.js","statementMap":{"0":{"start":{"line":3,"column":19},"end":{"line":3,"column":44}},"1":{"start":{"line":4,"column":10},"end":{"line":4,"column":27}},"2":{"start":{"line":21,"column":20},"end":{"line":21,"column":24}},"3":{"start":{"line":22,"column":18},"end":{"line":25,"column":5}},"4":{"start":{"line":26,"column":17},"end":{"line":26,"column":64}},"5":{"start":{"line":27,"column":17},"end":{"line":31,"column":5}},"6":{"start":{"line":32,"column":18},"end":{"line":32,"column":51}},"7":{"start":{"line":33,"column":16},"end":{"line":33,"column":38}},"8":{"start":{"line":34,"column":4},"end":{"line":37,"column":5}},"9":{"start":{"line":49,"column":20},"end":{"line":49,"column":24}},"10":{"start":{"line":50,"column":19},"end":{"line":50,"column":29}},"11":{"start":{"line":52,"column":4},"end":{"line":54,"column":5}},"12":{"start":{"line":58,"column":0},"end":{"line":58,"column":34}}},"fnMap":{"0":{"name":"(anonymous_0)","decl":{"start":{"line":20,"column":2},"end":{"line":20,"column":3}},"loc":{"start":{"line":20,"column":17},"end":{"line":38,"column":3}},"line":20},"1":{"name":"(anonymous_1)","decl":{"start":{"line":48,"column":2},"end":{"line":48,"column":3}},"loc":{"start":{"line":48,"column":16},"end":{"line":55,"column":3}},"line":48}},"branchMap":{"0":{"loc":{"start":{"line":23,"column":33},"end":{"line":23,"column":77}},"type":"cond-expr","locations":[{"start":{"line":23,"column":54},"end":{"line":23,"column":72}},{"start":{"line":23,"column":75},"end":{"line":23,"column":77}}],"line":23},"1":{"loc":{"start":{"line":24,"column":29},"end":{"line":24,"column":64}},"type":"cond-expr","locations":[{"start":{"line":24,"column":46},"end":{"line":24,"column":60}},{"start":{"line":24,"column":63},"end":{"line":24,"column":64}}],"line":24}},"s":{"0":1,"1":1,"2":0,"3":0,"4":0,"5":0,"6":0,"7":0,"8":0,"9":0,"10":0,"11":0,"12":1},"f":{"0":0,"1":0},"b":{"0":[0,0],"1":[0,0]},"_coverageSchema":"43e27e138ebf9cfc5966b082cf9a028302ed4184","hash":"03fd4734f5dd5756779c07dd555a886296ece2e9","contentHash":"c240b2e7292474907ab195c24a3ed0c7a74d467eed9eee691c7fc39ee3be9dfc"}
,"/home/pingli/workspace/repository/pccw/demo/sherpa-api/console-core-service-sherpa/app/controller/cpq/quote.js": {"path":"/home/pingli/workspace/repository/pccw/demo/sherpa-api/console-core-service-sherpa/app/controller/cpq/quote.js","statementMap":{"0":{"start":{"line":3,"column":19},"end":{"line":3,"column":44}},"1":{"start":{"line":4,"column":10},"end":{"line":4,"column":27}},"2":{"start":{"line":18,"column":20},"end":{"line":18,"column":24}},"3":{"start":{"line":19,"column":4},"end":{"line":19,"column":63}},"4":{"start":{"line":21,"column":4},"end":{"line":23,"column":5}},"5":{"start":{"line":38,"column":20},"end":{"line":38,"column":24}},"6":{"start":{"line":39,"column":18},"end":{"line":42,"column":5}},"7":{"start":{"line":43,"column":17},"end":{"line":43,"column":62}},"8":{"start":{"line":44,"column":17},"end":{"line":48,"column":5}},"9":{"start":{"line":49,"column":18},"end":{"line":49,"column":51}},"10":{"start":{"line":50,"column":16},"end":{"line":50,"column":38}},"11":{"start":{"line":51,"column":4},"end":{"line":54,"column":5}},"12":{"start":{"line":66,"column":20},"end":{"line":66,"column":24}},"13":{"start":{"line":67,"column":19},"end":{"line":67,"column":29}},"14":{"start":{"line":69,"column":4},"end":{"line":71,"column":5}},"15":{"start":{"line":75,"column":0},"end":{"line":75,"column":32}}},"fnMap":{"0":{"name":"(anonymous_0)","decl":{"start":{"line":17,"column":2},"end":{"line":17,"column":3}},"loc":{"start":{"line":17,"column":18},"end":{"line":24,"column":3}},"line":17},"1":{"name":"(anonymous_1)","decl":{"start":{"line":37,"column":2},"end":{"line":37,"column":3}},"loc":{"start":{"line":37,"column":17},"end":{"line":55,"column":3}},"line":37},"2":{"name":"(anonymous_2)","decl":{"start":{"line":65,"column":2},"end":{"line":65,"column":3}},"loc":{"start":{"line":65,"column":16},"end":{"line":72,"column":3}},"line":65}},"branchMap":{"0":{"loc":{"start":{"line":40,"column":33},"end":{"line":40,"column":77}},"type":"cond-expr","locations":[{"start":{"line":40,"column":54},"end":{"line":40,"column":72}},{"start":{"line":40,"column":75},"end":{"line":40,"column":77}}],"line":40},"1":{"loc":{"start":{"line":41,"column":29},"end":{"line":41,"column":64}},"type":"cond-expr","locations":[{"start":{"line":41,"column":46},"end":{"line":41,"column":60}},{"start":{"line":41,"column":63},"end":{"line":41,"column":64}}],"line":41}},"s":{"0":1,"1":1,"2":0,"3":0,"4":0,"5":0,"6":0,"7":0,"8":0,"9":0,"10":0,"11":0,"12":0,"13":0,"14":0,"15":1},"f":{"0":0,"1":0,"2":0},"b":{"0":[0,0],"1":[0,0]},"_coverageSchema":"43e27e138ebf9cfc5966b082cf9a028302ed4184","hash":"819a5bacd346659c3bd3679261435ade9d2f4043","contentHash":"c974b2e31722d595fae50dbf0837f75a34dcfd3ad8678f540e79f60ad3a4fbfe"}
,"/home/pingli/workspace/repository/pccw/demo/sherpa-api/console-core-service-sherpa/app/controller/gateway/application.js": {"path":"/home/pingli/workspace/repository/pccw/demo/sherpa-api/console-core-service-sherpa/app/controller/gateway/application.js","statementMap":{"0":{"start":{"line":3,"column":19},"end":{"line":3,"column":44}},"1":{"start":{"line":4,"column":10},"end":{"line":4,"column":27}},"2":{"start":{"line":21,"column":20},"end":{"line":21,"column":24}},"3":{"start":{"line":23,"column":18},"end":{"line":28,"column":5}},"4":{"start":{"line":30,"column":17},"end":{"line":30,"column":66}},"5":{"start":{"line":32,"column":17},"end":{"line":36,"column":5}},"6":{"start":{"line":37,"column":18},"end":{"line":37,"column":51}},"7":{"start":{"line":38,"column":16},"end":{"line":38,"column":38}},"8":{"start":{"line":39,"column":4},"end":{"line":42,"column":5}},"9":{"start":{"line":53,"column":20},"end":{"line":53,"column":24}},"10":{"start":{"line":54,"column":19},"end":{"line":54,"column":29}},"11":{"start":{"line":56,"column":24},"end":{"line":56,"column":74}},"12":{"start":{"line":57,"column":4},"end":{"line":59,"column":5}},"13":{"start":{"line":70,"column":20},"end":{"line":70,"column":24}},"14":{"start":{"line":72,"column":4},"end":{"line":72,"column":69}},"15":{"start":{"line":74,"column":19},"end":{"line":76,"column":5}},"16":{"start":{"line":77,"column":4},"end":{"line":79,"column":5}},"17":{"start":{"line":91,"column":20},"end":{"line":91,"column":24}},"18":{"start":{"line":92,"column":19},"end":{"line":92,"column":29}},"19":{"start":{"line":93,"column":22},"end":{"line":93,"column":38}},"20":{"start":{"line":95,"column":4},"end":{"line":95,"column":62}},"21":{"start":{"line":97,"column":23},"end":{"line":100,"column":5}},"22":{"start":{"line":101,"column":4},"end":{"line":103,"column":5}},"23":{"start":{"line":114,"column":20},"end":{"line":114,"column":24}},"24":{"start":{"line":115,"column":19},"end":{"line":115,"column":29}},"25":{"start":{"line":117,"column":23},"end":{"line":117,"column":72}},"26":{"start":{"line":118,"column":4},"end":{"line":120,"column":5}},"27":{"start":{"line":124,"column":0},"end":{"line":124,"column":38}}},"fnMap":{"0":{"name":"(anonymous_0)","decl":{"start":{"line":20,"column":2},"end":{"line":20,"column":3}},"loc":{"start":{"line":20,"column":17},"end":{"line":43,"column":3}},"line":20},"1":{"name":"(anonymous_1)","decl":{"start":{"line":52,"column":2},"end":{"line":52,"column":3}},"loc":{"start":{"line":52,"column":16},"end":{"line":60,"column":3}},"line":52},"2":{"name":"(anonymous_2)","decl":{"start":{"line":69,"column":2},"end":{"line":69,"column":3}},"loc":{"start":{"line":69,"column":18},"end":{"line":80,"column":3}},"line":69},"3":{"name":"(anonymous_3)","decl":{"start":{"line":90,"column":2},"end":{"line":90,"column":3}},"loc":{"start":{"line":90,"column":18},"end":{"line":104,"column":3}},"line":90},"4":{"name":"(anonymous_4)","decl":{"start":{"line":113,"column":2},"end":{"line":113,"column":3}},"loc":{"start":{"line":113,"column":19},"end":{"line":121,"column":3}},"line":113}},"branchMap":{"0":{"loc":{"start":{"line":26,"column":33},"end":{"line":26,"column":77}},"type":"cond-expr","locations":[{"start":{"line":26,"column":54},"end":{"line":26,"column":72}},{"start":{"line":26,"column":75},"end":{"line":26,"column":77}}],"line":26},"1":{"loc":{"start":{"line":27,"column":29},"end":{"line":27,"column":64}},"type":"cond-expr","locations":[{"start":{"line":27,"column":46},"end":{"line":27,"column":60}},{"start":{"line":27,"column":63},"end":{"line":27,"column":64}}],"line":27}},"s":{"0":1,"1":1,"2":3,"3":3,"4":3,"5":3,"6":3,"7":3,"8":3,"9":1,"10":1,"11":1,"12":1,"13":3,"14":3,"15":3,"16":3,"17":1,"18":1,"19":1,"20":1,"21":1,"22":1,"23":1,"24":1,"25":1,"26":1,"27":1},"f":{"0":3,"1":1,"2":3,"3":1,"4":1},"b":{"0":[2,1],"1":[2,1]},"_coverageSchema":"43e27e138ebf9cfc5966b082cf9a028302ed4184","hash":"d92160b5c23307e0575d2f6e935551b6c7f34fe3","contentHash":"d0b15082c8a42a27241caa442b929069dc3aa7c813817abcb2b6b687524bdb27"}
,"/home/pingli/workspace/repository/pccw/demo/sherpa-api/console-core-service-sherpa/app/controller/gateway/dashboard.js": {"path":"/home/pingli/workspace/repository/pccw/demo/sherpa-api/console-core-service-sherpa/app/controller/gateway/dashboard.js","statementMap":{"0":{"start":{"line":3,"column":19},"end":{"line":3,"column":44}},"1":{"start":{"line":21,"column":20},"end":{"line":21,"column":24}},"2":{"start":{"line":22,"column":16},"end":{"line":22,"column":78}},"3":{"start":{"line":23,"column":4},"end":{"line":23,"column":18}},"4":{"start":{"line":37,"column":20},"end":{"line":37,"column":24}},"5":{"start":{"line":38,"column":19},"end":{"line":38,"column":29}},"6":{"start":{"line":40,"column":16},"end":{"line":43,"column":5}},"7":{"start":{"line":44,"column":4},"end":{"line":44,"column":18}},"8":{"start":{"line":57,"column":20},"end":{"line":57,"column":24}},"9":{"start":{"line":59,"column":16},"end":{"line":59,"column":74}},"10":{"start":{"line":60,"column":4},"end":{"line":60,"column":18}},"11":{"start":{"line":73,"column":20},"end":{"line":73,"column":24}},"12":{"start":{"line":75,"column":16},"end":{"line":77,"column":5}},"13":{"start":{"line":78,"column":4},"end":{"line":78,"column":18}},"14":{"start":{"line":82,"column":0},"end":{"line":82,"column":36}}},"fnMap":{"0":{"name":"(anonymous_0)","decl":{"start":{"line":20,"column":2},"end":{"line":20,"column":3}},"loc":{"start":{"line":20,"column":27},"end":{"line":24,"column":3}},"line":20},"1":{"name":"(anonymous_1)","decl":{"start":{"line":36,"column":2},"end":{"line":36,"column":3}},"loc":{"start":{"line":36,"column":33},"end":{"line":45,"column":3}},"line":36},"2":{"name":"(anonymous_2)","decl":{"start":{"line":56,"column":2},"end":{"line":56,"column":3}},"loc":{"start":{"line":56,"column":23},"end":{"line":61,"column":3}},"line":56},"3":{"name":"(anonymous_3)","decl":{"start":{"line":72,"column":2},"end":{"line":72,"column":3}},"loc":{"start":{"line":72,"column":26},"end":{"line":79,"column":3}},"line":72}},"branchMap":{},"s":{"0":1,"1":0,"2":0,"3":0,"4":0,"5":0,"6":0,"7":0,"8":0,"9":0,"10":0,"11":0,"12":0,"13":0,"14":1},"f":{"0":0,"1":0,"2":0,"3":0},"b":{},"_coverageSchema":"43e27e138ebf9cfc5966b082cf9a028302ed4184","hash":"50fdc61cc210168aead9b4169ffe677214231988","contentHash":"a434c95882adfaf29cb02ef2c762209935a1326c347680fcdd81eee0358c2ec8"}
,"/home/pingli/workspace/repository/pccw/demo/sherpa-api/console-core-service-sherpa/app/controller/gateway/key.js": {"path":"/home/pingli/workspace/repository/pccw/demo/sherpa-api/console-core-service-sherpa/app/controller/gateway/key.js","statementMap":{"0":{"start":{"line":3,"column":19},"end":{"line":3,"column":44}},"1":{"start":{"line":4,"column":10},"end":{"line":4,"column":27}},"2":{"start":{"line":20,"column":20},"end":{"line":20,"column":24}},"3":{"start":{"line":22,"column":18},"end":{"line":26,"column":5}},"4":{"start":{"line":28,"column":17},"end":{"line":28,"column":58}},"5":{"start":{"line":29,"column":17},"end":{"line":33,"column":5}},"6":{"start":{"line":34,"column":18},"end":{"line":34,"column":51}},"7":{"start":{"line":35,"column":16},"end":{"line":35,"column":38}},"8":{"start":{"line":36,"column":4},"end":{"line":39,"column":5}},"9":{"start":{"line":50,"column":20},"end":{"line":50,"column":24}},"10":{"start":{"line":51,"column":19},"end":{"line":51,"column":29}},"11":{"start":{"line":53,"column":16},"end":{"line":53,"column":58}},"12":{"start":{"line":54,"column":4},"end":{"line":56,"column":5}},"13":{"start":{"line":67,"column":20},"end":{"line":67,"column":24}},"14":{"start":{"line":69,"column":4},"end":{"line":69,"column":64}},"15":{"start":{"line":71,"column":19},"end":{"line":71,"column":73}},"16":{"start":{"line":72,"column":4},"end":{"line":74,"column":5}},"17":{"start":{"line":86,"column":20},"end":{"line":86,"column":24}},"18":{"start":{"line":87,"column":19},"end":{"line":87,"column":29}},"19":{"start":{"line":88,"column":22},"end":{"line":88,"column":38}},"20":{"start":{"line":90,"column":4},"end":{"line":90,"column":57}},"21":{"start":{"line":92,"column":23},"end":{"line":92,"column":74}},"22":{"start":{"line":93,"column":4},"end":{"line":95,"column":5}},"23":{"start":{"line":106,"column":20},"end":{"line":106,"column":24}},"24":{"start":{"line":107,"column":19},"end":{"line":107,"column":29}},"25":{"start":{"line":109,"column":23},"end":{"line":109,"column":64}},"26":{"start":{"line":110,"column":4},"end":{"line":112,"column":5}},"27":{"start":{"line":116,"column":0},"end":{"line":116,"column":30}}},"fnMap":{"0":{"name":"(anonymous_0)","decl":{"start":{"line":19,"column":2},"end":{"line":19,"column":3}},"loc":{"start":{"line":19,"column":17},"end":{"line":40,"column":3}},"line":19},"1":{"name":"(anonymous_1)","decl":{"start":{"line":49,"column":2},"end":{"line":49,"column":3}},"loc":{"start":{"line":49,"column":16},"end":{"line":57,"column":3}},"line":49},"2":{"name":"(anonymous_2)","decl":{"start":{"line":66,"column":2},"end":{"line":66,"column":3}},"loc":{"start":{"line":66,"column":18},"end":{"line":75,"column":3}},"line":66},"3":{"name":"(anonymous_3)","decl":{"start":{"line":85,"column":2},"end":{"line":85,"column":3}},"loc":{"start":{"line":85,"column":18},"end":{"line":96,"column":3}},"line":85},"4":{"name":"(anonymous_4)","decl":{"start":{"line":105,"column":2},"end":{"line":105,"column":3}},"loc":{"start":{"line":105,"column":19},"end":{"line":113,"column":3}},"line":105}},"branchMap":{"0":{"loc":{"start":{"line":24,"column":33},"end":{"line":24,"column":77}},"type":"cond-expr","locations":[{"start":{"line":24,"column":54},"end":{"line":24,"column":72}},{"start":{"line":24,"column":75},"end":{"line":24,"column":77}}],"line":24},"1":{"loc":{"start":{"line":25,"column":29},"end":{"line":25,"column":64}},"type":"cond-expr","locations":[{"start":{"line":25,"column":46},"end":{"line":25,"column":60}},{"start":{"line":25,"column":63},"end":{"line":25,"column":64}}],"line":25}},"s":{"0":1,"1":1,"2":0,"3":0,"4":0,"5":0,"6":0,"7":0,"8":0,"9":0,"10":0,"11":0,"12":0,"13":0,"14":0,"15":0,"16":0,"17":0,"18":0,"19":0,"20":0,"21":0,"22":0,"23":0,"24":0,"25":0,"26":0,"27":1},"f":{"0":0,"1":0,"2":0,"3":0,"4":0},"b":{"0":[0,0],"1":[0,0]},"_coverageSchema":"43e27e138ebf9cfc5966b082cf9a028302ed4184","hash":"67844a0b341b09c89ac7f18b8b49ee27c44204a8","contentHash":"08430cf5923502d412294441e1d725ee7b1a478cbe2c2ec77f935e2d2a52e2f0"}
,"/home/pingli/workspace/repository/pccw/demo/sherpa-api/console-core-service-sherpa/app/controller/gateway/policy.js": {"path":"/home/pingli/workspace/repository/pccw/demo/sherpa-api/console-core-service-sherpa/app/controller/gateway/policy.js","statementMap":{"0":{"start":{"line":3,"column":19},"end":{"line":3,"column":44}},"1":{"start":{"line":4,"column":10},"end":{"line":4,"column":27}},"2":{"start":{"line":21,"column":20},"end":{"line":21,"column":24}},"3":{"start":{"line":23,"column":18},"end":{"line":28,"column":5}},"4":{"start":{"line":30,"column":17},"end":{"line":30,"column":61}},"5":{"start":{"line":31,"column":17},"end":{"line":35,"column":5}},"6":{"start":{"line":36,"column":18},"end":{"line":36,"column":51}},"7":{"start":{"line":37,"column":16},"end":{"line":37,"column":38}},"8":{"start":{"line":38,"column":4},"end":{"line":41,"column":5}},"9":{"start":{"line":52,"column":20},"end":{"line":52,"column":24}},"10":{"start":{"line":53,"column":19},"end":{"line":53,"column":29}},"11":{"start":{"line":55,"column":19},"end":{"line":55,"column":64}},"12":{"start":{"line":56,"column":4},"end":{"line":58,"column":5}},"13":{"start":{"line":69,"column":20},"end":{"line":69,"column":24}},"14":{"start":{"line":71,"column":4},"end":{"line":71,"column":64}},"15":{"start":{"line":73,"column":19},"end":{"line":73,"column":76}},"16":{"start":{"line":74,"column":4},"end":{"line":76,"column":5}},"17":{"start":{"line":88,"column":20},"end":{"line":88,"column":24}},"18":{"start":{"line":89,"column":19},"end":{"line":89,"column":29}},"19":{"start":{"line":90,"column":22},"end":{"line":90,"column":38}},"20":{"start":{"line":92,"column":4},"end":{"line":92,"column":57}},"21":{"start":{"line":94,"column":26},"end":{"line":97,"column":5}},"22":{"start":{"line":98,"column":4},"end":{"line":100,"column":5}},"23":{"start":{"line":111,"column":20},"end":{"line":111,"column":24}},"24":{"start":{"line":112,"column":19},"end":{"line":112,"column":29}},"25":{"start":{"line":114,"column":26},"end":{"line":114,"column":70}},"26":{"start":{"line":115,"column":4},"end":{"line":117,"column":5}},"27":{"start":{"line":121,"column":0},"end":{"line":121,"column":33}}},"fnMap":{"0":{"name":"(anonymous_0)","decl":{"start":{"line":20,"column":2},"end":{"line":20,"column":3}},"loc":{"start":{"line":20,"column":17},"end":{"line":42,"column":3}},"line":20},"1":{"name":"(anonymous_1)","decl":{"start":{"line":51,"column":2},"end":{"line":51,"column":3}},"loc":{"start":{"line":51,"column":16},"end":{"line":59,"column":3}},"line":51},"2":{"name":"(anonymous_2)","decl":{"start":{"line":68,"column":2},"end":{"line":68,"column":3}},"loc":{"start":{"line":68,"column":18},"end":{"line":77,"column":3}},"line":68},"3":{"name":"(anonymous_3)","decl":{"start":{"line":87,"column":2},"end":{"line":87,"column":3}},"loc":{"start":{"line":87,"column":18},"end":{"line":101,"column":3}},"line":87},"4":{"name":"(anonymous_4)","decl":{"start":{"line":110,"column":2},"end":{"line":110,"column":3}},"loc":{"start":{"line":110,"column":19},"end":{"line":118,"column":3}},"line":110}},"branchMap":{"0":{"loc":{"start":{"line":26,"column":33},"end":{"line":26,"column":77}},"type":"cond-expr","locations":[{"start":{"line":26,"column":54},"end":{"line":26,"column":72}},{"start":{"line":26,"column":75},"end":{"line":26,"column":77}}],"line":26},"1":{"loc":{"start":{"line":27,"column":29},"end":{"line":27,"column":64}},"type":"cond-expr","locations":[{"start":{"line":27,"column":46},"end":{"line":27,"column":60}},{"start":{"line":27,"column":63},"end":{"line":27,"column":64}}],"line":27}},"s":{"0":1,"1":1,"2":3,"3":3,"4":3,"5":3,"6":3,"7":3,"8":3,"9":2,"10":2,"11":2,"12":2,"13":1,"14":1,"15":1,"16":1,"17":2,"18":2,"19":2,"20":2,"21":2,"22":1,"23":1,"24":1,"25":1,"26":1,"27":1},"f":{"0":3,"1":2,"2":1,"3":2,"4":1},"b":{"0":[3,0],"1":[3,0]},"_coverageSchema":"43e27e138ebf9cfc5966b082cf9a028302ed4184","hash":"8b0a75ef2cdc7b2e73cb0d99a0dbd040248a4687","contentHash":"37a53881a7580202bf73bf109de7d17f39e35e1ff7175fd0b5bf242781035692"}
,"/home/pingli/workspace/repository/pccw/demo/sherpa-api/console-core-service-sherpa/app/controller/gateway/service.js": {"path":"/home/pingli/workspace/repository/pccw/demo/sherpa-api/console-core-service-sherpa/app/controller/gateway/service.js","statementMap":{"0":{"start":{"line":3,"column":19},"end":{"line":3,"column":44}},"1":{"start":{"line":4,"column":10},"end":{"line":4,"column":27}},"2":{"start":{"line":22,"column":20},"end":{"line":22,"column":24}},"3":{"start":{"line":24,"column":18},"end":{"line":30,"column":5}},"4":{"start":{"line":32,"column":17},"end":{"line":32,"column":62}},"5":{"start":{"line":33,"column":17},"end":{"line":37,"column":5}},"6":{"start":{"line":38,"column":18},"end":{"line":38,"column":51}},"7":{"start":{"line":39,"column":16},"end":{"line":39,"column":38}},"8":{"start":{"line":40,"column":4},"end":{"line":43,"column":5}},"9":{"start":{"line":54,"column":20},"end":{"line":54,"column":24}},"10":{"start":{"line":55,"column":19},"end":{"line":55,"column":29}},"11":{"start":{"line":57,"column":20},"end":{"line":57,"column":66}},"12":{"start":{"line":58,"column":4},"end":{"line":60,"column":5}},"13":{"start":{"line":71,"column":20},"end":{"line":71,"column":24}},"14":{"start":{"line":73,"column":4},"end":{"line":73,"column":65}},"15":{"start":{"line":75,"column":19},"end":{"line":75,"column":77}},"16":{"start":{"line":76,"column":4},"end":{"line":78,"column":5}},"17":{"start":{"line":90,"column":20},"end":{"line":90,"column":24}},"18":{"start":{"line":91,"column":19},"end":{"line":91,"column":29}},"19":{"start":{"line":92,"column":22},"end":{"line":92,"column":38}},"20":{"start":{"line":94,"column":4},"end":{"line":94,"column":58}},"21":{"start":{"line":96,"column":27},"end":{"line":99,"column":5}},"22":{"start":{"line":100,"column":4},"end":{"line":102,"column":5}},"23":{"start":{"line":113,"column":20},"end":{"line":113,"column":24}},"24":{"start":{"line":114,"column":19},"end":{"line":114,"column":29}},"25":{"start":{"line":116,"column":20},"end":{"line":116,"column":65}},"26":{"start":{"line":117,"column":4},"end":{"line":119,"column":5}},"27":{"start":{"line":123,"column":0},"end":{"line":123,"column":34}}},"fnMap":{"0":{"name":"(anonymous_0)","decl":{"start":{"line":21,"column":2},"end":{"line":21,"column":3}},"loc":{"start":{"line":21,"column":17},"end":{"line":44,"column":3}},"line":21},"1":{"name":"(anonymous_1)","decl":{"start":{"line":53,"column":2},"end":{"line":53,"column":3}},"loc":{"start":{"line":53,"column":16},"end":{"line":61,"column":3}},"line":53},"2":{"name":"(anonymous_2)","decl":{"start":{"line":70,"column":2},"end":{"line":70,"column":3}},"loc":{"start":{"line":70,"column":18},"end":{"line":79,"column":3}},"line":70},"3":{"name":"(anonymous_3)","decl":{"start":{"line":89,"column":2},"end":{"line":89,"column":3}},"loc":{"start":{"line":89,"column":18},"end":{"line":103,"column":3}},"line":89},"4":{"name":"(anonymous_4)","decl":{"start":{"line":112,"column":2},"end":{"line":112,"column":3}},"loc":{"start":{"line":112,"column":19},"end":{"line":120,"column":3}},"line":112}},"branchMap":{"0":{"loc":{"start":{"line":28,"column":33},"end":{"line":28,"column":77}},"type":"cond-expr","locations":[{"start":{"line":28,"column":54},"end":{"line":28,"column":72}},{"start":{"line":28,"column":75},"end":{"line":28,"column":77}}],"line":28},"1":{"loc":{"start":{"line":29,"column":29},"end":{"line":29,"column":64}},"type":"cond-expr","locations":[{"start":{"line":29,"column":46},"end":{"line":29,"column":60}},{"start":{"line":29,"column":63},"end":{"line":29,"column":64}}],"line":29}},"s":{"0":1,"1":1,"2":3,"3":3,"4":3,"5":3,"6":3,"7":3,"8":3,"9":3,"10":3,"11":3,"12":3,"13":3,"14":3,"15":3,"16":2,"17":1,"18":1,"19":1,"20":1,"21":1,"22":1,"23":2,"24":2,"25":2,"26":2,"27":1},"f":{"0":3,"1":3,"2":3,"3":1,"4":2},"b":{"0":[3,0],"1":[3,0]},"_coverageSchema":"43e27e138ebf9cfc5966b082cf9a028302ed4184","hash":"db9b24d8ecc2bc4fd7f6e422bfedee5d5b6cf136","contentHash":"2a06645353cef64f646513328e54223c2224ba109f052746b6cbd22c9b8d7585"}
,"/home/pingli/workspace/repository/pccw/demo/sherpa-api/console-core-service-sherpa/app/controller/oms/order.js": {"path":"/home/pingli/workspace/repository/pccw/demo/sherpa-api/console-core-service-sherpa/app/controller/oms/order.js","statementMap":{"0":{"start":{"line":3,"column":19},"end":{"line":3,"column":44}},"1":{"start":{"line":18,"column":20},"end":{"line":18,"column":24}},"2":{"start":{"line":19,"column":4},"end":{"line":19,"column":63}},"3":{"start":{"line":21,"column":4},"end":{"line":23,"column":5}},"4":{"start":{"line":41,"column":20},"end":{"line":41,"column":24}},"5":{"start":{"line":43,"column":17},"end":{"line":43,"column":79}},"6":{"start":{"line":44,"column":17},"end":{"line":44,"column":70}},"7":{"start":{"line":52,"column":8},"end":{"line":52,"column":17}},"8":{"start":{"line":53,"column":22},"end":{"line":53,"column":33}},"9":{"start":{"line":55,"column":4},"end":{"line":64,"column":6}},"10":{"start":{"line":76,"column":20},"end":{"line":76,"column":24}},"11":{"start":{"line":77,"column":19},"end":{"line":77,"column":29}},"12":{"start":{"line":79,"column":4},"end":{"line":81,"column":5}},"13":{"start":{"line":94,"column":20},"end":{"line":94,"column":24}},"14":{"start":{"line":95,"column":19},"end":{"line":95,"column":29}},"15":{"start":{"line":97,"column":4},"end":{"line":97,"column":63}},"16":{"start":{"line":99,"column":4},"end":{"line":101,"column":5}},"17":{"start":{"line":113,"column":20},"end":{"line":113,"column":24}},"18":{"start":{"line":114,"column":19},"end":{"line":114,"column":29}},"19":{"start":{"line":116,"column":4},"end":{"line":118,"column":5}},"20":{"start":{"line":132,"column":20},"end":{"line":132,"column":24}},"21":{"start":{"line":133,"column":19},"end":{"line":133,"column":29}},"22":{"start":{"line":134,"column":18},"end":{"line":137,"column":5}},"23":{"start":{"line":139,"column":4},"end":{"line":141,"column":5}},"24":{"start":{"line":155,"column":20},"end":{"line":155,"column":24}},"25":{"start":{"line":156,"column":34},"end":{"line":156,"column":44}},"26":{"start":{"line":157,"column":18},"end":{"line":160,"column":5}},"27":{"start":{"line":162,"column":4},"end":{"line":167,"column":5}},"28":{"start":{"line":171,"column":0},"end":{"line":171,"column":32}}},"fnMap":{"0":{"name":"(anonymous_0)","decl":{"start":{"line":17,"column":2},"end":{"line":17,"column":3}},"loc":{"start":{"line":17,"column":18},"end":{"line":24,"column":3}},"line":17},"1":{"name":"(anonymous_1)","decl":{"start":{"line":40,"column":2},"end":{"line":40,"column":3}},"loc":{"start":{"line":40,"column":17},"end":{"line":65,"column":3}},"line":40},"2":{"name":"(anonymous_2)","decl":{"start":{"line":75,"column":2},"end":{"line":75,"column":3}},"loc":{"start":{"line":75,"column":16},"end":{"line":82,"column":3}},"line":75},"3":{"name":"(anonymous_3)","decl":{"start":{"line":93,"column":2},"end":{"line":93,"column":3}},"loc":{"start":{"line":93,"column":18},"end":{"line":102,"column":3}},"line":93},"4":{"name":"(anonymous_4)","decl":{"start":{"line":112,"column":2},"end":{"line":112,"column":3}},"loc":{"start":{"line":112,"column":19},"end":{"line":119,"column":3}},"line":112},"5":{"name":"(anonymous_5)","decl":{"start":{"line":131,"column":2},"end":{"line":131,"column":3}},"loc":{"start":{"line":131,"column":20},"end":{"line":142,"column":3}},"line":131},"6":{"name":"(anonymous_6)","decl":{"start":{"line":154,"column":2},"end":{"line":154,"column":3}},"loc":{"start":{"line":154,"column":40},"end":{"line":168,"column":3}},"line":154}},"branchMap":{"0":{"loc":{"start":{"line":43,"column":34},"end":{"line":43,"column":78}},"type":"cond-expr","locations":[{"start":{"line":43,"column":55},"end":{"line":43,"column":73}},{"start":{"line":43,"column":76},"end":{"line":43,"column":78}}],"line":43},"1":{"loc":{"start":{"line":44,"column":34},"end":{"line":44,"column":69}},"type":"cond-expr","locations":[{"start":{"line":44,"column":51},"end":{"line":44,"column":65}},{"start":{"line":44,"column":68},"end":{"line":44,"column":69}}],"line":44},"2":{"loc":{"start":{"line":135,"column":29},"end":{"line":135,"column":73}},"type":"cond-expr","locations":[{"start":{"line":135,"column":50},"end":{"line":135,"column":68}},{"start":{"line":135,"column":71},"end":{"line":135,"column":73}}],"line":135},"3":{"loc":{"start":{"line":136,"column":29},"end":{"line":136,"column":64}},"type":"cond-expr","locations":[{"start":{"line":136,"column":46},"end":{"line":136,"column":60}},{"start":{"line":136,"column":63},"end":{"line":136,"column":64}}],"line":136},"4":{"loc":{"start":{"line":158,"column":29},"end":{"line":158,"column":73}},"type":"cond-expr","locations":[{"start":{"line":158,"column":50},"end":{"line":158,"column":68}},{"start":{"line":158,"column":71},"end":{"line":158,"column":73}}],"line":158},"5":{"loc":{"start":{"line":159,"column":29},"end":{"line":159,"column":64}},"type":"cond-expr","locations":[{"start":{"line":159,"column":46},"end":{"line":159,"column":60}},{"start":{"line":159,"column":63},"end":{"line":159,"column":64}}],"line":159}},"s":{"0":1,"1":0,"2":0,"3":0,"4":0,"5":0,"6":0,"7":0,"8":0,"9":0,"10":0,"11":0,"12":0,"13":0,"14":0,"15":0,"16":0,"17":0,"18":0,"19":0,"20":0,"21":0,"22":0,"23":0,"24":0,"25":0,"26":0,"27":0,"28":1},"f":{"0":0,"1":0,"2":0,"3":0,"4":0,"5":0,"6":0},"b":{"0":[0,0],"1":[0,0],"2":[0,0],"3":[0,0],"4":[0,0],"5":[0,0]},"_coverageSchema":"43e27e138ebf9cfc5966b082cf9a028302ed4184","hash":"e685d597c4f4a7763cd97aec5fc8e8301f36a65a","contentHash":"f6810558e385e9809dd1af2dde6b78e81a6892aed011dcd73644ca8a9066b806"}
,"/home/pingli/workspace/repository/pccw/demo/sherpa-api/console-core-service-sherpa/app/controller/oms/product.js": {"path":"/home/pingli/workspace/repository/pccw/demo/sherpa-api/console-core-service-sherpa/app/controller/oms/product.js","statementMap":{"0":{"start":{"line":3,"column":19},"end":{"line":3,"column":44}},"1":{"start":{"line":4,"column":10},"end":{"line":4,"column":27}},"2":{"start":{"line":23,"column":20},"end":{"line":23,"column":24}},"3":{"start":{"line":24,"column":18},"end":{"line":27,"column":5}},"4":{"start":{"line":28,"column":79},"end":{"line":28,"column":88}},"5":{"start":{"line":29,"column":17},"end":{"line":35,"column":6}},"6":{"start":{"line":36,"column":17},"end":{"line":40,"column":5}},"7":{"start":{"line":41,"column":18},"end":{"line":41,"column":51}},"8":{"start":{"line":42,"column":16},"end":{"line":42,"column":38}},"9":{"start":{"line":43,"column":4},"end":{"line":46,"column":5}},"10":{"start":{"line":58,"column":20},"end":{"line":58,"column":24}},"11":{"start":{"line":59,"column":19},"end":{"line":59,"column":29}},"12":{"start":{"line":61,"column":4},"end":{"line":63,"column":5}},"13":{"start":{"line":67,"column":0},"end":{"line":67,"column":34}}},"fnMap":{"0":{"name":"(anonymous_0)","decl":{"start":{"line":22,"column":2},"end":{"line":22,"column":3}},"loc":{"start":{"line":22,"column":17},"end":{"line":47,"column":3}},"line":22},"1":{"name":"(anonymous_1)","decl":{"start":{"line":57,"column":2},"end":{"line":57,"column":3}},"loc":{"start":{"line":57,"column":16},"end":{"line":64,"column":3}},"line":57}},"branchMap":{"0":{"loc":{"start":{"line":25,"column":33},"end":{"line":25,"column":77}},"type":"cond-expr","locations":[{"start":{"line":25,"column":54},"end":{"line":25,"column":72}},{"start":{"line":25,"column":75},"end":{"line":25,"column":77}}],"line":25},"1":{"loc":{"start":{"line":26,"column":29},"end":{"line":26,"column":64}},"type":"cond-expr","locations":[{"start":{"line":26,"column":46},"end":{"line":26,"column":60}},{"start":{"line":26,"column":63},"end":{"line":26,"column":64}}],"line":26}},"s":{"0":1,"1":1,"2":0,"3":0,"4":0,"5":0,"6":0,"7":0,"8":0,"9":0,"10":0,"11":0,"12":0,"13":1},"f":{"0":0,"1":0},"b":{"0":[0,0],"1":[0,0]},"_coverageSchema":"43e27e138ebf9cfc5966b082cf9a028302ed4184","hash":"5b6568a6c90fc572a266093e3385a179b6e69937","contentHash":"cceffbd4ca21daa87c4631a453312f5961a24354eebbcfa310b58f991b591524"}
,"/home/pingli/workspace/repository/pccw/demo/sherpa-api/console-core-service-sherpa/app/controller/qlc/rpc.js": {"path":"/home/pingli/workspace/repository/pccw/demo/sherpa-api/console-core-service-sherpa/app/controller/qlc/rpc.js","statementMap":{"0":{"start":{"line":3,"column":19},"end":{"line":3,"column":44}},"1":{"start":{"line":4,"column":13},"end":{"line":4,"column":42}},"2":{"start":{"line":5,"column":13},"end":{"line":5,"column":48}},"3":{"start":{"line":13,"column":20},"end":{"line":13,"column":24}},"4":{"start":{"line":14,"column":15},"end":{"line":14,"column":19}},"5":{"start":{"line":16,"column":17},"end":{"line":16,"column":62}},"6":{"start":{"line":17,"column":22},"end":{"line":17,"column":44}},"7":{"start":{"line":19,"column":4},"end":{"line":33,"column":5}},"8":{"start":{"line":20,"column":22},"end":{"line":20,"column":66}},"9":{"start":{"line":22,"column":6},"end":{"line":28,"column":7}},"10":{"start":{"line":23,"column":23},"end":{"line":23,"column":80}},"11":{"start":{"line":23,"column":46},"end":{"line":23,"column":79}},"12":{"start":{"line":25,"column":8},"end":{"line":27,"column":9}},"13":{"start":{"line":26,"column":10},"end":{"line":26,"column":28}},"14":{"start":{"line":30,"column":6},"end":{"line":32,"column":7}},"15":{"start":{"line":31,"column":8},"end":{"line":31,"column":30}},"16":{"start":{"line":35,"column":4},"end":{"line":35,"column":15}},"17":{"start":{"line":39,"column":20},"end":{"line":39,"column":24}},"18":{"start":{"line":40,"column":17},"end":{"line":40,"column":21}},"19":{"start":{"line":41,"column":17},"end":{"line":41,"column":62}},"20":{"start":{"line":42,"column":22},"end":{"line":42,"column":44}},"21":{"start":{"line":43,"column":4},"end":{"line":56,"column":5}},"22":{"start":{"line":44,"column":22},"end":{"line":44,"column":66}},"23":{"start":{"line":45,"column":6},"end":{"line":51,"column":7}},"24":{"start":{"line":46,"column":23},"end":{"line":46,"column":80}},"25":{"start":{"line":46,"column":46},"end":{"line":46,"column":79}},"26":{"start":{"line":48,"column":8},"end":{"line":50,"column":9}},"27":{"start":{"line":49,"column":10},"end":{"line":49,"column":32}},"28":{"start":{"line":53,"column":6},"end":{"line":55,"column":7}},"29":{"start":{"line":54,"column":8},"end":{"line":54,"column":34}},"30":{"start":{"line":58,"column":4},"end":{"line":58,"column":17}},"31":{"start":{"line":62,"column":20},"end":{"line":62,"column":24}},"32":{"start":{"line":64,"column":4},"end":{"line":73,"column":5}},"33":{"start":{"line":65,"column":25},"end":{"line":65,"column":70}},"34":{"start":{"line":67,"column":6},"end":{"line":70,"column":7}},"35":{"start":{"line":68,"column":8},"end":{"line":68,"column":46}},"36":{"start":{"line":69,"column":8},"end":{"line":69,"column":23}},"37":{"start":{"line":72,"column":6},"end":{"line":72,"column":55}},"38":{"start":{"line":75,"column":22},"end":{"line":75,"column":67}},"39":{"start":{"line":77,"column":4},"end":{"line":80,"column":5}},"40":{"start":{"line":78,"column":6},"end":{"line":78,"column":43}},"41":{"start":{"line":79,"column":6},"end":{"line":79,"column":21}},"42":{"start":{"line":82,"column":19},"end":{"line":82,"column":45}},"43":{"start":{"line":83,"column":4},"end":{"line":122,"column":5}},"44":{"start":{"line":84,"column":19},"end":{"line":84,"column":47}},"45":{"start":{"line":85,"column":25},"end":{"line":85,"column":54}},"46":{"start":{"line":86,"column":26},"end":{"line":86,"column":53}},"47":{"start":{"line":88,"column":21},"end":{"line":91,"column":7}},"48":{"start":{"line":93,"column":24},"end":{"line":93,"column":47}},"49":{"start":{"line":95,"column":6},"end":{"line":95,"column":33}},"50":{"start":{"line":97,"column":19},"end":{"line":97,"column":46}},"51":{"start":{"line":99,"column":25},"end":{"line":99,"column":27}},"52":{"start":{"line":100,"column":27},"end":{"line":100,"column":29}},"53":{"start":{"line":102,"column":6},"end":{"line":114,"column":7}},"54":{"start":{"line":102,"column":19},"end":{"line":102,"column":20}},"55":{"start":{"line":103,"column":29},"end":{"line":108,"column":9}},"56":{"start":{"line":109,"column":8},"end":{"line":109,"column":66}},"57":{"start":{"line":110,"column":8},"end":{"line":110,"column":72}},"58":{"start":{"line":111,"column":8},"end":{"line":113,"column":9}},"59":{"start":{"line":112,"column":10},"end":{"line":112,"column":15}},"60":{"start":{"line":116,"column":6},"end":{"line":121,"column":7}},"61":{"start":{"line":124,"column":4},"end":{"line":151,"column":5}},"62":{"start":{"line":125,"column":28},"end":{"line":125,"column":42}},"63":{"start":{"line":127,"column":6},"end":{"line":141,"column":7}},"64":{"start":{"line":131,"column":26},"end":{"line":133,"column":9}},"65":{"start":{"line":135,"column":8},"end":{"line":138,"column":9}},"66":{"start":{"line":136,"column":10},"end":{"line":136,"column":47}},"67":{"start":{"line":137,"column":10},"end":{"line":137,"column":25}},"68":{"start":{"line":140,"column":8},"end":{"line":140,"column":42}},"69":{"start":{"line":143,"column":18},"end":{"line":143,"column":67}},"70":{"start":{"line":145,"column":6},"end":{"line":148,"column":7}},"71":{"start":{"line":146,"column":8},"end":{"line":146,"column":39}},"72":{"start":{"line":147,"column":8},"end":{"line":147,"column":23}},"73":{"start":{"line":150,"column":6},"end":{"line":150,"column":29}},"74":{"start":{"line":153,"column":17},"end":{"line":153,"column":60}},"75":{"start":{"line":155,"column":4},"end":{"line":158,"column":5}},"76":{"start":{"line":156,"column":6},"end":{"line":156,"column":38}},"77":{"start":{"line":157,"column":6},"end":{"line":157,"column":21}},"78":{"start":{"line":159,"column":4},"end":{"line":159,"column":28}},"79":{"start":{"line":160,"column":4},"end":{"line":160,"column":16}},"80":{"start":{"line":171,"column":20},"end":{"line":171,"column":24}},"81":{"start":{"line":172,"column":21},"end":{"line":172,"column":32}},"82":{"start":{"line":173,"column":4},"end":{"line":173,"column":71}},"83":{"start":{"line":183,"column":20},"end":{"line":183,"column":24}},"84":{"start":{"line":185,"column":4},"end":{"line":197,"column":5}},"85":{"start":{"line":186,"column":41},"end":{"line":186,"column":51}},"86":{"start":{"line":188,"column":6},"end":{"line":192,"column":8}},"87":{"start":{"line":193,"column":6},"end":{"line":193,"column":22}},"88":{"start":{"line":195,"column":6},"end":{"line":195,"column":22}},"89":{"start":{"line":196,"column":6},"end":{"line":196,"column":22}},"90":{"start":{"line":207,"column":20},"end":{"line":207,"column":24}},"91":{"start":{"line":209,"column":4},"end":{"line":221,"column":5}},"92":{"start":{"line":210,"column":38},"end":{"line":210,"column":48}},"93":{"start":{"line":212,"column":6},"end":{"line":216,"column":8}},"94":{"start":{"line":217,"column":6},"end":{"line":217,"column":22}},"95":{"start":{"line":219,"column":6},"end":{"line":219,"column":22}},"96":{"start":{"line":220,"column":6},"end":{"line":220,"column":22}},"97":{"start":{"line":231,"column":20},"end":{"line":231,"column":24}},"98":{"start":{"line":233,"column":4},"end":{"line":245,"column":5}},"99":{"start":{"line":234,"column":41},"end":{"line":234,"column":51}},"100":{"start":{"line":236,"column":6},"end":{"line":240,"column":8}},"101":{"start":{"line":241,"column":6},"end":{"line":241,"column":22}},"102":{"start":{"line":243,"column":6},"end":{"line":243,"column":22}},"103":{"start":{"line":244,"column":6},"end":{"line":244,"column":22}},"104":{"start":{"line":255,"column":20},"end":{"line":255,"column":24}},"105":{"start":{"line":257,"column":4},"end":{"line":269,"column":5}},"106":{"start":{"line":258,"column":38},"end":{"line":258,"column":48}},"107":{"start":{"line":260,"column":6},"end":{"line":264,"column":8}},"108":{"start":{"line":265,"column":6},"end":{"line":265,"column":22}},"109":{"start":{"line":267,"column":6},"end":{"line":267,"column":22}},"110":{"start":{"line":268,"column":6},"end":{"line":268,"column":22}},"111":{"start":{"line":279,"column":20},"end":{"line":279,"column":24}},"112":{"start":{"line":281,"column":4},"end":{"line":295,"column":5}},"113":{"start":{"line":282,"column":38},"end":{"line":282,"column":48}},"114":{"start":{"line":284,"column":6},"end":{"line":290,"column":7}},"115":{"start":{"line":291,"column":6},"end":{"line":291,"column":22}},"116":{"start":{"line":293,"column":6},"end":{"line
[...]
cations":[{"start":{"line":279,"column":58},"end":{"line":279,"column":59}},{"start":{"line":279,"column":60},"end":{"line":279,"column":61}}],"line":279},"14":{"loc":{"start":{"line":372,"column":6},"end":{"line":372,"column":40}},"type":"if","locations":[{"start":{"line":372,"column":6},"end":{"line":372,"column":40}},{"start":{"line":372,"column":6},"end":{"line":372,"column":40}}],"line":372},"15":{"loc":{"start":{"line":372,"column":9},"end":{"line":372,"column":27}},"type":"binary-expr","locations":[{"start":{"line":372,"column":9},"end":{"line":372,"column":16}},{"start":{"line":372,"column":20},"end":{"line":372,"column":27}}],"line":372},"16":{"loc":{"start":{"line":383,"column":6},"end":{"line":383,"column":29}},"type":"if","locations":[{"start":{"line":383,"column":6},"end":{"line":383,"column":29}},{"start":{"line":383,"column":6},"end":{"line":383,"column":29}}],"line":383},"17":{"loc":{"start":{"line":502,"column":4},"end":{"line":508,"column":5}},"type":"if","locations":[{"start":{"line":502,"column":4},"end":{"line":508,"column":5}},{"start":{"line":502,"column":4},"end":{"line":508,"column":5}}],"line":502},"18":{"loc":{"start":{"line":505,"column":11},"end":{"line":508,"column":5}},"type":"if","locations":[{"start":{"line":505,"column":11},"end":{"line":508,"column":5}},{"start":{"line":505,"column":11},"end":{"line":508,"column":5}}],"line":505},"19":{"loc":{"start":{"line":586,"column":8},"end":{"line":590,"column":9}},"type":"if","locations":[{"start":{"line":586,"column":8},"end":{"line":590,"column":9}},{"start":{"line":586,"column":8},"end":{"line":590,"column":9}}],"line":586},"20":{"loc":{"start":{"line":630,"column":17},"end":{"line":630,"column":26}},"type":"cond-expr","locations":[{"start":{"line":630,"column":23},"end":{"line":630,"column":24}},{"start":{"line":630,"column":25},"end":{"line":630,"column":26}}],"line":630},"21":{"loc":{"start":{"line":711,"column":4},"end":{"line":711,"column":37}},"type":"if","locations":[{"start":{"line":711,"column":4},"end":{"line":711,"column":37}},{"start":{"line":711,"column":4},"end":{"line":711,"column":37}}],"line":711},"22":{"loc":{"start":{"line":853,"column":4},"end":{"line":853,"column":45}},"type":"if","locations":[{"start":{"line":853,"column":4},"end":{"line":853,"column":45}},{"start":{"line":853,"column":4},"end":{"line":853,"column":45}}],"line":853},"23":{"loc":{"start":{"line":857,"column":4},"end":{"line":857,"column":38}},"type":"if","locations":[{"start":{"line":857,"column":4},"end":{"line":857,"column":38}},{"start":{"line":857,"column":4},"end":{"line":857,"column":38}}],"line":857},"24":{"loc":{"start":{"line":859,"column":4},"end":{"line":859,"column":58}},"type":"if","locations":[{"start":{"line":859,"column":4},"end":{"line":859,"column":58}},{"start":{"line":859,"column":4},"end":{"line":859,"column":58}}],"line":859},"25":{"loc":{"start":{"line":872,"column":4},"end":{"line":872,"column":26}},"type":"if","locations":[{"start":{"line":872,"column":4},"end":{"line":872,"column":26}},{"start":{"line":872,"column":4},"end":{"line":872,"column":26}}],"line":872},"26":{"loc":{"start":{"line":874,"column":4},"end":{"line":874,"column":36}},"type":"if","locations":[{"start":{"line":874,"column":4},"end":{"line":874,"column":36}},{"start":{"line":874,"column":4},"end":{"line":874,"column":36}}],"line":874},"27":{"loc":{"start":{"line":892,"column":4},"end":{"line":895,"column":5}},"type":"if","locations":[{"start":{"line":892,"column":4},"end":{"line":895,"column":5}},{"start":{"line":892,"column":4},"end":{"line":895,"column":5}}],"line":892},"28":{"loc":{"start":{"line":966,"column":4},"end":{"line":966,"column":80}},"type":"if","locations":[{"start":{"line":966,"column":4},"end":{"line":966,"column":80}},{"start":{"line":966,"column":4},"end":{"line":966,"column":80}}],"line":966},"29":{"loc":{"start":{"line":967,"column":4},"end":{"line":967,"column":84}},"type":"if","locations":[{"start":{"line":967,"column":4},"end":{"line":967,"column":84}},{"start":{"line":967,"column":4},"end":{"line":967,"column":84}}],"line":967},"30":{"loc":{"start":{"line":971,"column":4},"end":{"line":971,"column":88}},"type":"if","locations":[{"start":{"line":971,"column":4},"end":{"line":971,"column":88}},{"start":{"line":971,"column":4},"end":{"line":971,"column":88}}],"line":971},"31":{"loc":{"start":{"line":972,"column":4},"end":{"line":972,"column":88}},"type":"if","locations":[{"start":{"line":972,"column":4},"end":{"line":972,"column":88}},{"start":{"line":972,"column":4},"end":{"line":972,"column":88}}],"line":972},"32":{"loc":{"start":{"line":977,"column":6},"end":{"line":978,"column":63}},"type":"if","locations":[{"start":{"line":977,"column":6},"end":{"line":978,"column":63}},{"start":{"line":977,"column":6},"end":{"line":978,"column":63}}],"line":977},"33":{"loc":{"start":{"line":1008,"column":4},"end":{"line":1008,"column":35}},"type":"if","locations":[{"start":{"line":1008,"column":4},"end":{"line":1008,"column":35}},{"start":{"line":1008,"column":4},"end":{"line":1008,"column":35}}],"line":1008},"34":{"loc":{"start":{"line":1009,"column":4},"end":{"line":1009,"column":77}},"type":"if","locations":[{"start":{"line":1009,"column":4},"end":{"line":1009,"column":77}},{"start":{"line":1009,"column":4},"end":{"line":1009,"column":77}}],"line":1009},"35":{"loc":{"start":{"line":1019,"column":4},"end":{"line":1019,"column":82}},"type":"if","locations":[{"start":{"line":1019,"column":4},"end":{"line":1019,"column":82}},{"start":{"line":1019,"column":4},"end":{"line":1019,"column":82}}],"line":1019},"36":{"loc":{"start":{"line":1020,"column":4},"end":{"line":1020,"column":76}},"type":"if","locations":[{"start":{"line":1020,"column":4},"end":{"line":1020,"column":76}},{"start":{"line":1020,"column":4},"end":{"line":1020,"column":76}}],"line":1020},"37":{"loc":{"start":{"line":1028,"column":4},"end":{"line":1028,"column":82}},"type":"if","locations":[{"start":{"line":1028,"column":4},"end":{"line":1028,"column":82}},{"start":{"line":1028,"column":4},"end":{"line":1028,"column":82}}],"line":1028},"38":{"loc":{"start":{"line":1068,"column":4},"end":{"line":1069,"column":45}},"type":"if","locations":[{"start":{"line":1068,"column":4},"end":{"line":1069,"column":45}},{"start":{"line":1068,"column":4},"end":{"line":1069,"column":45}}],"line":1068},"39":{"loc":{"start":{"line":1083,"column":4},"end":{"line":1084,"column":45}},"type":"if","locations":[{"start":{"line":1083,"column":4},"end":{"line":1084,"column":45}},{"start":{"line":1083,"column":4},"end":{"line":1084,"column":45}}],"line":1083},"40":{"loc":{"start":{"line":1092,"column":4},"end":{"line":1093,"column":45}},"type":"if","locations":[{"start":{"line":1092,"column":4},"end":{"line":1093,"column":45}},{"start":{"line":1092,"column":4},"end":{"line":1093,"column":45}}],"line":1092},"41":{"loc":{"start":{"line":1096,"column":4},"end":{"line":1096,"column":30}},"type":"if","locations":[{"start":{"line":1096,"column":4},"end":{"line":1096,"column":30}},{"start":{"line":1096,"column":4},"end":{"line":1096,"column":30}}],"line":1096},"42":{"loc":{"start":{"line":1111,"column":4},"end":{"line":1112,"column":44}},"type":"if","locations":[{"start":{"line":1111,"column":4},"end":{"line":1112,"column":44}},{"start":{"line":1111,"column":4},"end":{"line":1112,"column":44}}],"line":1111},"43":{"loc":{"start":{"line":1113,"column":4},"end":{"line":1114,"column":45}},"type":"if","locations":[{"start":{"line":1113,"column":4},"end":{"line":1114,"column":45}},{"start":{"line":1113,"column":4},"end":{"line":1114,"column":45}}],"line":1113},"44":{"loc":{"start":{"line":1132,"column":4},"end":{"line":1133,"column":45}},"type":"if","locations":[{"start":{"line":1132,"column":4},"end":{"line":1133,"column":45}},{"start":{"line":1132,"column":4},"end":{"line":1133,"column":45}}],"line":1132},"45":{"loc":{"start":{"line":1141,"column":4},"end":{"line":1142,"column":39}},"type":"if","locations":[{"start":{"line":1141,"column":4},"end":{"line":1142,"column":39}},{"start":{"line":1141,"column":4},"end":{"line":1142,"column":39}}],"line":1141},"46":{"loc":{"start":{"line":1167,"column":4},"end":{"line":1167,"column":55}},"type":"if","locations":[{"start":{"line":1167,"column":4},"end":{"line":1167,"column":55}},{"start":{"line":1167,"column":4},"end":{"line":1167,"column":55}}],"line":1167},"47":{"loc":{"start":{"line":1167,"column":8},"end":{"line":1167,"column":40}},"type":"binary-expr","locations":[{"start":{"line":1167,"column":8},"end":{"line":1167,"column":22}},{"start":{"line":1167,"column":26},"end":{"line":1167,"column":40}}],"line":1167},"48":{"loc":{"start":{"line":1168,"column":4},"end":{"line":1168,"column":44}},"type":"if","locations":[{"start":{"line":1168,"column":4},"end":{"line":1168,"column":44}},{"start":{"line":1168,"column":4},"end":{"line":1168,"column":44}}],"line":1168},"49":{"loc":{"start":{"line":1169,"column":11},"end":{"line":1169,"column":58}},"type":"cond-expr","locations":[{"start":{"line":1169,"column":46},"end":{"line":1169,"column":50}},{"start":{"line":1169,"column":53},"end":{"line":1169,"column":58}}],"line":1169},"50":{"loc":{"start":{"line":1179,"column":17},"end":{"line":1179,"column":84}},"type":"cond-expr","locations":[{"start":{"line":1179,"column":48},"end":{"line":1179,"column":76}},{"start":{"line":1179,"column":80},"end":{"line":1179,"column":84}}],"line":1179},"51":{"loc":{"start":{"line":1179,"column":48},"end":{"line":1179,"column":76}},"type":"binary-expr","locations":[{"start":{"line":1179,"column":48},"end":{"line":1179,"column":59}},{"start":{"line":1179,"column":63},"end":{"line":1179,"column":76}}],"line":1179},"52":{"loc":{"start":{"line":1180,"column":4},"end":{"line":1201,"column":5}},"type":"if","locations":[{"start":{"line":1180,"column":4},"end":{"line":1201,"column":5}},{"start":{"line":1180,"column":4},"end":{"line":1201,"column":5}}],"line":1180},"53":{"loc":{"start":{"line":1180,"column":8},"end":{"line":1180,"column":40}},"type":"binary-expr","locations":[{"start":{"line":1180,"column":8},"end":{"line":1180,"column":14}},{"start":{"line":1180,"column":18},"end":{"line":1180,"column":40}}],"line":1180},"54":{"loc":{"start":{"line":1191,"column":11},"end":{"line":1201,"column":5}},"type":"if","locations":[{"start":{"line":1191,"column":11},"end":{"line":1201,"column":5}},{"start":{"line":1191,"column":11},"end":{"line":1201,"column":5}}],"line":1191},"55":{"loc":{"start":{"line":1194,"column":6},"end":{"line":1200,"column":7}},"type":"if","locations":[{"start":{"line":1194,"column":6},"end":{"line":1200,"column":7}},{"start":{"line":1194,"column":6},"end":{"line":1200,"column":7}}],"line":1194},"56":{"loc":{"start":{"line":1194,"column":10},"end":{"line":1194,"column":38}},"type":"binary-expr","locations":[{"start":{"line":1194,"column":10},"end":{"line":1194,"column":16}},{"start":{"line":1194,"column":20},"end":{"line":1194,"column":38}}],"line":1194},"57":{"loc":{"start":{"line":1204,"column":3},"end":{"line":1204,"column":99}},"type":"cond-expr","locations":[{"start":{"line":1204,"column":53},"end":{"line":1204,"column":67}},{"start":{"line":1204,"column":71},"end":{"line":1204,"column":98}}],"line":1204},"58":{"loc":{"start":{"line":1204,"column":3},"end":{"line":1204,"column":50}},"type":"binary-expr","locations":[{"start":{"line":1204,"column":3},"end":{"line":1204,"column":32}},{"start":{"line":1204,"column":36},"end":{"line":1204,"column":50}}],"line":1204},"59":{"loc":{"start":{"line":1204,"column":83},"end":{"line":1204,"column":98}},"type":"binary-expr","locations":[{"start":{"line":1204,"column":83},"end":{"line":1204,"column":92}},{"start":{"line":1204,"column":96},"end":{"line":1204,"column":98}}],"line":1204}},"s":{"0":1,"1":1,"2":1,"3":1,"4":80,"5":80,"6":1,"7":8,"8":8,"9":7,"10":83,"11":8,"12":1,"13":0,"14":1,"15":1,"16":1,"17":1,"18":1,"19":1,"20":1,"21":1,"22":1,"23":1,"24":1,"25":0,"26":0,"27":0,"28":0,"29":0,"30":0,"31":0,"32":0,"33":0,"34":0,"35":0,"36":0,"37":0,"38":0,"39":0,"40":0,"41":0,"42":0,"43":0,"44":0,"45":0,"46":0,"47":0,"48":0,"49":0,"50":0,"51":0,"52":0,"53":0,"54":0,"55":0,"56":0,"57":0,"58":0,"59":0,"60":0,"61":0,"62":0,"63":0,"64":0,"65":0,"66":0,"67":0,"68":0,"69":0,"70":0,"71":0,"72":0,"73":0,"74":0,"75":0,"76":0,"77":0,"78":0,"79":0,"80":0,"81":0,"82":0,"83":0,"84":0,"85":0,"86":0,"87":0,"88":1,"89":0,"90":0,"91":0,"92":0,"93":0,"94":0,"95":0,"96":0,"97":0,"98":0,"99":0,"100":0,"101":0,"102":0,"103":0,"104":0,"105":0,"106":0,"107":0,"108":0,"109":0,"110":0,"111":0,"112":0,"113":0,"114":0,"115":0,"116":0,"117":0,"118":0,"119":0,"120":0,"121":0,"122":0,"123":0,"124":0,"125":0,"126":0,"127":1,"128":0,"129":0,"130":0,"131":0,"132":0,"133":0,"134":0,"135":0,"136":0,"137":0,"138":0,"139":0,"140":0,"141":0,"142":0,"143":0,"144":0,"145":0,"146":0,"147":0,"148":0,"149":0,"150":0,"151":0,"152":0,"153":0,"154":0,"155":0,"156":0,"157":0,"158":0,"159":0,"160":0,"161":0,"162":0,"163":0,"164":0,"165":0,"166":0,"167":0,"168":0,"169":0,"170":0,"171":0,"172":0,"173":0,"174":0,"175":0,"176":0,"177":0,"178":0,"179":0,"180":0,"181":0,"182":0,"183":0,"184":0,"185":0,"186":0,"187":0,"188":0,"189":0,"190":0,"191":0,"192":0,"193":0,"194":0,"195":0,"196":0,"197":0,"198":0,"199":0,"200":0,"201":0,"202":0,"203":0,"204":0,"205":0,"206":0,"207":0,"208":0,"209":0,"210":0,"211":0,"212":0,"213":0,"214":0,"215":0,"216":0,"217":0,"218":0,"219":0,"220":0,"221":0,"222":0,"223":0,"224":0,"225":0,"226":0,"227":0,"228":0,"229":0,"230":0,"231":0,"232":0,"233":0,"234":0,"235":0,"236":0,"237":0,"238":0,"239":0,"240":0,"241":0,"242":0,"243":0,"244":0,"245":0,"246":0,"247":0,"248":0,"249":0,"250":0,"251":0,"252":0,"253":0,"254":0,"255":0,"256":0,"257":0,"258":0,"259":0,"260":0,"261":0,"262":0,"263":0,"264":0,"265":0,"266":0,"267":0,"268":0,"269":0,"270":0,"271":0,"272":0,"273":0,"274":0,"275":0,"276":0,"277":0,"278":0,"279":0,"280":0,"281":0,"282":0,"283":0,"284":0,"285":0,"286":0,"287":0,"288":0,"289":0,"290":0,"291":0,"292":0,"293":0,"294":0,"295":0,"296":0,"297":0,"298":0,"299":0,"300":0,"301":0,"302":0,"303":0,"304":0,"305":0,"306":0,"307":0,"308":0,"309":0,"310":0,"311":0,"312":0,"313":0,"314":0,"315":0,"316":0,"317":0,"318":0,"319":0,"320":0,"321":0,"322":0,"323":0,"324":0,"325":0,"326":0,"327":0,"328":0,"329":0,"330":0,"331":0,"332":0,"333":0,"334":0,"335":0,"336":0,"337":0,"338":0,"339":0,"340":0,"341":0,"342":1,"343":1,"344":0,"345":0,"346":0,"347":0,"348":0,"349":0,"350":0,"351":0,"352":0,"353":0,"354":0,"355":0,"356":0,"357":0,"358":0,"359":0,"360":0,"361":0,"362":0,"363":0,"364":0,"365":0,"366":0,"367":0,"368":0,"369":0,"370":0,"371":0,"372":0,"373":0,"374":0,"375":0,"376":0,"377":0,"378":0,"379":0,"380":0,"381":0,"382":0,"383":0,"384":0,"385":0,"386":0,"387":0,"388":0,"389":0,"390":0,"391":1,"392":0,"393":0,"394":0,"395":0,"396":0,"397":0,"398":0,"399":0,"400":0,"401":0,"402":0,"403":0,"404":0,"405":0,"406":0,"407":0,"408":0,"409":0,"410":0,"411":0,"412":0,"413":0,"414":0,"415":0,"416":0,"417":0,"418":0,"419":0,"420":0,"421":1,"422":0,"423":0,"424":0,"425":0,"426":0,"427":0,"428":0,"429":0,"430":0,"431":0,"432":0,"433":0,"434":0,"435":0,"436":0,"437":0,"438":0,"439":0,"440":0,"441":0,"442":0,"443":0,"444":0,"445":0,"446":0,"447":0,"448":0,"449":0,"450":0,"451":0,"452":0,"453":0,"454":0,"455":0,"456":0,"457":0,"458":0,"459":0,"460":0,"461":0,"462":0,"463":0,"464":0,"465":0,"466":0,"467":0,"468":0,"469":0,"470":0,"471":0,"472":0,"473":0,"474":0,"475":0,"476":0,"477":0,"478":0,"479":0,"480":0,"481":0,"482":0,"483":0,"484":0,"485":0,"486":0,"487":0,"488":0,"489":0,"490":0,"491":0,"492":0,"493":0,"494":0,"495":0,"496":0,"497":0,"498":0,"499":0,"500":0,"501":0,"502":0,"503":0,"504":0,"505":0,"506":0,"507":0,"508":0,"509":0,"510":0,"511":0,"512":0,"513":0,"514":0,"515":0,"516":0,"517":0,"518":0,"519":1,"520":0,"521":0,"522":0,"523":0,"524":0,"525":0,"526":0,"527":0,"528":0,"529":0,"530":0,"531":0,"532":0,"533":0,"534":0,"535":0,"536":0,"537":0,"538":0,"539":0,"540":0,"541":0,"542":0,"543":0,"544":0,"545":0,"546":0,"547":0,"548":0,"549":0,"550":0,"551":0,"552":0,"553":0,"554":0,"555":0,"556":0,"557":0,"558":0,"559":0,"560":0,"561":0,"562":0,"563":0,"564":0,"565":0,"566":0,"567":0,"568":0,"569":0,"570":0,"571":0,"572":0,"573":0,"574":0,"575":0,"576":0,"577":0,"578":0,"579":0,"580":0,"581":0,"582":0,"583":0,"584":0,"585":0,"586":0,"587":0,"588":0,"589":0,"590":0,"591":0,"592":0,"593":0,"594":0,"595":0,"596":0,"597":0,"598":0,"599":0,"600":0,"601":0,"602":0,"603":0,"604":0,"605":0,"606":0,"607":0,"608":0,"609":0,"610":0,"611":0,"612":0,"613":0,"614":0,"615":0,"616":0,"617":0,"618":0,"619":0,"620":0,"621":0,"622":0,"623":0,"624":0,"625":0,"626":0,"627":0,"628":0,"629":0,"630":0,"631":0,"632":0,"633":0,"634":0,"635":0,"636":0,"637":0,"638":0,"639":0,"640":0,"641":0,"642":0,"643":0,"644":0,"645":0,"646":0,"647":1,"648":1,"649":1,"650":1,"651":1,"652":1,"653":1,"654":1,"655":1,"656":1,"657":1,"658":1,"659":1,"660":1,"661":1,"662":1,"663":1,"664":1,"665":0,"666":0,"667":0,"668":0,"669":0,"670":0,"671":0,"672":0,"673":0,"674":0,"675":0,"676":0,"677":0,"678":0,"679":0,"680":1,"681":0,"682":0,"683":0,"684":1,"685":0,"686":0,"687":0,"688":0,"689":0,"690":0,"691":0,"692":0,"693":0,"694":1,"695":0,"696":0,"697":0,"698":0,"699":0,"700":0,"701":0,"702":0,"703":0,"704":0,"705":0,"706":0,"707":1,"708":1,"709":1,"710":1,"711":0,"712":0,"713":0,"714":0,"715":0,"716":0,"717":0,"718":0,"719":1,"720":0,"721":0,"722":0,"723":0,"724":0,"725":0,"726":1,"727":1,"728":1,"729":0,"730":0,"731":1,"732":0,"733":0,"734":0,"735":0,"736":0,"737":1,"738":1,"739":0,"740":0,"741":1,"742":1,"743":0,"744":0,"745":0,"746":0,"747":1,"748":0,"749":0,"750":0,"751":0,"752":0,"753":0,"754":1,"755":1,"756":1,"757":1,"758":1,"759":1,"760":0,"761":0,"762":0,"763":0,"764":0,"765":0,"766":1,"767":0,"768":0,"769":0,"770":0,"771":0,"772":0,"773":0,"774":0,"775":0,"776":0,"777":0,"778":0,"779":1,"780":0,"781":0,"782":0,"783":0,"784":0,"785":0,"786":1,"787":0,"788":0,"789":0,"790":0,"791":0,"792":0,"793":0,"794":0,"795":0,"796":0,"797":0,"798":0,"799":1,"800":0,"801":0,"802":0,"803":0,"804":1,"805":0,"806":0,"807":0,"808":0,"809":0,"810":0,"811":1,"812":0,"813":0,"814":0,"815":0,"816":0,"817":0,"818":0,"819":0,"820":0,"821":0,"822":1,"823":1,"824":1,"825":1,"826":1,"827":0,"828":0,"829":0,"830":0,"831":1,"832":1,"833":0,"834":0,"835":0,"836":0,"837":0,"838":0,"839":1,"840":1,"841":1,"842":1,"843":1,"844":0,"845":0,"846":0,"847":0,"848":0,"849":0,"850":0,"851":0,"852":1,"853":1,"854":1,"855":1,"856":0,"857":0,"858":0,"859":0},"f":{"0":1,"1":80,"2":8,"3":0,"4":0,"5":0,"6":0,"7":0,"8":0,"9":0,"10":0,"11":0,"12":0,"13":0,"14":0,"15":0,"16":0,"17":0,"18":0,"19":0,"20":0,"21":0,"22":0,"23":0,"24":0,"25":0,"26":0,"27":0,"28":0,"29":0,"30":0,"31":0,"32":0,"33":0,"34":0,"35":0,"36":0,"37":0,"38":0,"39":0,"40":0,"41":0,"42":0,"43":0,"44":0,"45":0,"46":0,"47":0,"48":0,"49":0,"50":0,"51":0,"52":0,"53":0,"54":0,"55":0,"56":0,"57":0,"58":0,"59":0,"60":0,"61":0,"62":0,"63":0,"64":0,"65":0,"66":0,"67":0,"68":0,"69":0,"70":0,"71":0,"72":0,"73":0,"74":0,"75":0,"76":0,"77":0,"78":0,"79":0,"80":0,"81":0,"82":0,"83":0,"84":0,"85":0,"86":0,"87":0,"88":0,"89":0,"90":1,"91":1,"92":0,"93":0},"b":{"0":[7,1],"1":[0,0],"2":[0,0],"3":[0,0],"4":[0,0],"5":[0,0],"6":[0,0],"7":[0,0],"8":[0,0],"9":[0,0],"10":[0,0],"11":[0,0],"12":[0,0],"13":[0,0],"14":[0,0],"15":[0,0],"16":[0,0],"17":[0,0],"18":[0,0],"19":[0,0],"20":[0,0],"21":[0,0],"22":[0,0],"23":[0,0],"24":[0,0],"25":[0,0],"26":[0,0],"27":[0,0],"28":[0,0],"29":[0,0],"30":[0,0],"31":[0,0],"32":[0,0],"33":[0,0],"34":[0,0],"35":[0,0],"36":[0,0],"37":[0,0],"38":[0,0],"39":[0,0],"40":[0,0],"41":[0,0],"42":[0,0],"43":[0,0],"44":[0,0],"45":[0,0],"46":[0,0],"47":[0,0],"48":[0,0],"49":[0,0],"50":[0,1],"51":[0,0],"52":[0,1],"53":[1,0],"54":[1,0],"55":[1,0],"56":[1,1],"57":[1,0],"58":[1,1],"59":[0,0]},"_coverageSchema":"43e27e138ebf9cfc5966b082cf9a028302ed4184","hash":"175e5909a66306e110bf747bbdfd959b364520f7","contentHash":"5ed659f1add6daf97e4f42cc91507767a41c9bde41dc0bfb951a63060a768bad"}
}
